[2025-07-15T01:21:44.228+0000] {processor.py:157} INFO - Started process (PID=186) to work on /opt/airflow/dags/jobs_dag.py
[2025-07-15T01:21:44.230+0000] {processor.py:829} INFO - Processing file /opt/airflow/dags/jobs_dag.py for tasks to queue
[2025-07-15T01:21:44.231+0000] {logging_mixin.py:151} INFO - [2025-07-15T01:21:44.231+0000] {dagbag.py:539} INFO - Filling up the DagBag from /opt/airflow/dags/jobs_dag.py
[2025-07-15T01:21:44.276+0000] {processor.py:839} INFO - DAG(s) dict_keys(['dag_1', 'dag_2', 'dag_3']) retrieved from /opt/airflow/dags/jobs_dag.py
[2025-07-15T01:21:44.579+0000] {logging_mixin.py:151} INFO - [2025-07-15T01:21:44.579+0000] {manager.py:499} INFO - Created Permission View: %s
[2025-07-15T01:21:44.723+0000] {logging_mixin.py:151} INFO - [2025-07-15T01:21:44.722+0000] {manager.py:499} INFO - Created Permission View: %s
[2025-07-15T01:21:44.733+0000] {logging_mixin.py:151} INFO - [2025-07-15T01:21:44.733+0000] {manager.py:499} INFO - Created Permission View: %s
[2025-07-15T01:21:44.734+0000] {logging_mixin.py:151} INFO - [2025-07-15T01:21:44.733+0000] {security.py:708} INFO - Not syncing DAG-level permissions for DAG 'DAG:dag_1' as access control is unset.
[2025-07-15T01:21:44.754+0000] {logging_mixin.py:151} INFO - [2025-07-15T01:21:44.754+0000] {manager.py:499} INFO - Created Permission View: %s
[2025-07-15T01:21:44.765+0000] {logging_mixin.py:151} INFO - [2025-07-15T01:21:44.765+0000] {manager.py:499} INFO - Created Permission View: %s
[2025-07-15T01:21:44.776+0000] {logging_mixin.py:151} INFO - [2025-07-15T01:21:44.776+0000] {manager.py:499} INFO - Created Permission View: %s
[2025-07-15T01:21:44.777+0000] {logging_mixin.py:151} INFO - [2025-07-15T01:21:44.777+0000] {security.py:708} INFO - Not syncing DAG-level permissions for DAG 'DAG:dag_2' as access control is unset.
[2025-07-15T01:21:44.797+0000] {logging_mixin.py:151} INFO - [2025-07-15T01:21:44.797+0000] {manager.py:499} INFO - Created Permission View: %s
[2025-07-15T01:21:44.806+0000] {logging_mixin.py:151} INFO - [2025-07-15T01:21:44.806+0000] {manager.py:499} INFO - Created Permission View: %s
[2025-07-15T01:21:44.817+0000] {logging_mixin.py:151} INFO - [2025-07-15T01:21:44.817+0000] {manager.py:499} INFO - Created Permission View: %s
[2025-07-15T01:21:44.818+0000] {logging_mixin.py:151} INFO - [2025-07-15T01:21:44.818+0000] {security.py:708} INFO - Not syncing DAG-level permissions for DAG 'DAG:dag_3' as access control is unset.
[2025-07-15T01:21:44.818+0000] {logging_mixin.py:151} INFO - [2025-07-15T01:21:44.818+0000] {dag.py:2915} INFO - Sync 3 DAGs
[2025-07-15T01:21:44.835+0000] {logging_mixin.py:151} INFO - [2025-07-15T01:21:44.835+0000] {dag.py:2937} INFO - Creating ORM DAG for dag_1
[2025-07-15T01:21:44.836+0000] {logging_mixin.py:151} INFO - [2025-07-15T01:21:44.836+0000] {dag.py:2937} INFO - Creating ORM DAG for dag_3
[2025-07-15T01:21:44.837+0000] {logging_mixin.py:151} INFO - [2025-07-15T01:21:44.837+0000] {dag.py:2937} INFO - Creating ORM DAG for dag_2
[2025-07-15T01:21:44.838+0000] {logging_mixin.py:151} INFO - [2025-07-15T01:21:44.837+0000] {dag.py:3696} INFO - Setting next_dagrun for dag_1 to None, run_after=None
[2025-07-15T01:21:44.838+0000] {logging_mixin.py:151} INFO - [2025-07-15T01:21:44.838+0000] {dag.py:3696} INFO - Setting next_dagrun for dag_2 to None, run_after=None
[2025-07-15T01:21:44.839+0000] {logging_mixin.py:151} INFO - [2025-07-15T01:21:44.839+0000] {dag.py:3696} INFO - Setting next_dagrun for dag_3 to None, run_after=None
[2025-07-15T01:21:44.867+0000] {processor.py:179} INFO - Processing /opt/airflow/dags/jobs_dag.py took 0.644 seconds
[2025-07-15T01:22:15.056+0000] {processor.py:157} INFO - Started process (PID=198) to work on /opt/airflow/dags/jobs_dag.py
[2025-07-15T01:22:15.058+0000] {processor.py:829} INFO - Processing file /opt/airflow/dags/jobs_dag.py for tasks to queue
[2025-07-15T01:22:15.059+0000] {logging_mixin.py:151} INFO - [2025-07-15T01:22:15.059+0000] {dagbag.py:539} INFO - Filling up the DagBag from /opt/airflow/dags/jobs_dag.py
[2025-07-15T01:22:15.079+0000] {processor.py:839} INFO - DAG(s) dict_keys(['dag_3', 'dag_2', 'dag_1']) retrieved from /opt/airflow/dags/jobs_dag.py
[2025-07-15T01:22:15.121+0000] {logging_mixin.py:151} INFO - [2025-07-15T01:22:15.121+0000] {dag.py:2915} INFO - Sync 3 DAGs
[2025-07-15T01:22:15.135+0000] {logging_mixin.py:151} INFO - [2025-07-15T01:22:15.135+0000] {dag.py:3696} INFO - Setting next_dagrun for dag_1 to None, run_after=None
[2025-07-15T01:22:15.138+0000] {logging_mixin.py:151} INFO - [2025-07-15T01:22:15.138+0000] {dag.py:3696} INFO - Setting next_dagrun for dag_2 to None, run_after=None
[2025-07-15T01:22:15.140+0000] {logging_mixin.py:151} INFO - [2025-07-15T01:22:15.140+0000] {dag.py:3696} INFO - Setting next_dagrun for dag_3 to None, run_after=None
[2025-07-15T01:22:15.160+0000] {processor.py:179} INFO - Processing /opt/airflow/dags/jobs_dag.py took 0.108 seconds
[2025-07-15T01:22:45.246+0000] {processor.py:157} INFO - Started process (PID=222) to work on /opt/airflow/dags/jobs_dag.py
[2025-07-15T01:22:45.248+0000] {processor.py:829} INFO - Processing file /opt/airflow/dags/jobs_dag.py for tasks to queue
[2025-07-15T01:22:45.249+0000] {logging_mixin.py:151} INFO - [2025-07-15T01:22:45.249+0000] {dagbag.py:539} INFO - Filling up the DagBag from /opt/airflow/dags/jobs_dag.py
[2025-07-15T01:22:45.269+0000] {processor.py:839} INFO - DAG(s) dict_keys(['dag_1', 'dag_3', 'dag_2']) retrieved from /opt/airflow/dags/jobs_dag.py
[2025-07-15T01:22:45.315+0000] {logging_mixin.py:151} INFO - [2025-07-15T01:22:45.314+0000] {dag.py:2915} INFO - Sync 3 DAGs
[2025-07-15T01:22:45.333+0000] {logging_mixin.py:151} INFO - [2025-07-15T01:22:45.333+0000] {dag.py:3696} INFO - Setting next_dagrun for dag_1 to None, run_after=None
[2025-07-15T01:22:45.337+0000] {logging_mixin.py:151} INFO - [2025-07-15T01:22:45.337+0000] {dag.py:3696} INFO - Setting next_dagrun for dag_2 to None, run_after=None
[2025-07-15T01:22:45.339+0000] {logging_mixin.py:151} INFO - [2025-07-15T01:22:45.339+0000] {dag.py:3696} INFO - Setting next_dagrun for dag_3 to None, run_after=None
[2025-07-15T01:22:45.360+0000] {processor.py:179} INFO - Processing /opt/airflow/dags/jobs_dag.py took 0.118 seconds
[2025-07-15T01:23:15.532+0000] {processor.py:157} INFO - Started process (PID=236) to work on /opt/airflow/dags/jobs_dag.py
[2025-07-15T01:23:15.534+0000] {processor.py:829} INFO - Processing file /opt/airflow/dags/jobs_dag.py for tasks to queue
[2025-07-15T01:23:15.536+0000] {logging_mixin.py:151} INFO - [2025-07-15T01:23:15.536+0000] {dagbag.py:539} INFO - Filling up the DagBag from /opt/airflow/dags/jobs_dag.py
[2025-07-15T01:23:15.558+0000] {processor.py:839} INFO - DAG(s) dict_keys(['dag_2', 'dag_3', 'dag_1']) retrieved from /opt/airflow/dags/jobs_dag.py
[2025-07-15T01:23:15.604+0000] {logging_mixin.py:151} INFO - [2025-07-15T01:23:15.604+0000] {dag.py:2915} INFO - Sync 3 DAGs
[2025-07-15T01:23:15.624+0000] {logging_mixin.py:151} INFO - [2025-07-15T01:23:15.624+0000] {dag.py:3696} INFO - Setting next_dagrun for dag_1 to None, run_after=None
[2025-07-15T01:23:15.628+0000] {logging_mixin.py:151} INFO - [2025-07-15T01:23:15.628+0000] {dag.py:3696} INFO - Setting next_dagrun for dag_2 to None, run_after=None
[2025-07-15T01:23:15.630+0000] {logging_mixin.py:151} INFO - [2025-07-15T01:23:15.630+0000] {dag.py:3696} INFO - Setting next_dagrun for dag_3 to None, run_after=None
[2025-07-15T01:23:15.775+0000] {processor.py:179} INFO - Processing /opt/airflow/dags/jobs_dag.py took 0.248 seconds
[2025-07-15T01:23:45.970+0000] {processor.py:157} INFO - Started process (PID=248) to work on /opt/airflow/dags/jobs_dag.py
[2025-07-15T01:23:45.971+0000] {processor.py:829} INFO - Processing file /opt/airflow/dags/jobs_dag.py for tasks to queue
[2025-07-15T01:23:45.972+0000] {logging_mixin.py:151} INFO - [2025-07-15T01:23:45.972+0000] {dagbag.py:539} INFO - Filling up the DagBag from /opt/airflow/dags/jobs_dag.py
[2025-07-15T01:23:45.991+0000] {processor.py:839} INFO - DAG(s) dict_keys(['dag_3', 'dag_2', 'dag_1']) retrieved from /opt/airflow/dags/jobs_dag.py
[2025-07-15T01:23:46.033+0000] {logging_mixin.py:151} INFO - [2025-07-15T01:23:46.033+0000] {dag.py:2915} INFO - Sync 3 DAGs
[2025-07-15T01:23:46.170+0000] {logging_mixin.py:151} INFO - [2025-07-15T01:23:46.170+0000] {dag.py:3696} INFO - Setting next_dagrun for dag_1 to None, run_after=None
[2025-07-15T01:23:46.175+0000] {logging_mixin.py:151} INFO - [2025-07-15T01:23:46.174+0000] {dag.py:3696} INFO - Setting next_dagrun for dag_2 to None, run_after=None
[2025-07-15T01:23:46.177+0000] {logging_mixin.py:151} INFO - [2025-07-15T01:23:46.176+0000] {dag.py:3696} INFO - Setting next_dagrun for dag_3 to None, run_after=None
[2025-07-15T01:23:46.198+0000] {processor.py:179} INFO - Processing /opt/airflow/dags/jobs_dag.py took 0.232 seconds
[2025-07-15T01:24:16.403+0000] {processor.py:157} INFO - Started process (PID=260) to work on /opt/airflow/dags/jobs_dag.py
[2025-07-15T01:24:16.404+0000] {processor.py:829} INFO - Processing file /opt/airflow/dags/jobs_dag.py for tasks to queue
[2025-07-15T01:24:16.405+0000] {logging_mixin.py:151} INFO - [2025-07-15T01:24:16.405+0000] {dagbag.py:539} INFO - Filling up the DagBag from /opt/airflow/dags/jobs_dag.py
[2025-07-15T01:24:16.425+0000] {processor.py:839} INFO - DAG(s) dict_keys(['dag_1', 'dag_2', 'dag_3']) retrieved from /opt/airflow/dags/jobs_dag.py
[2025-07-15T01:24:16.589+0000] {logging_mixin.py:151} INFO - [2025-07-15T01:24:16.588+0000] {dag.py:2915} INFO - Sync 3 DAGs
[2025-07-15T01:24:16.603+0000] {logging_mixin.py:151} INFO - [2025-07-15T01:24:16.603+0000] {dag.py:3696} INFO - Setting next_dagrun for dag_1 to None, run_after=None
[2025-07-15T01:24:16.608+0000] {logging_mixin.py:151} INFO - [2025-07-15T01:24:16.607+0000] {dag.py:3696} INFO - Setting next_dagrun for dag_2 to None, run_after=None
[2025-07-15T01:24:16.609+0000] {logging_mixin.py:151} INFO - [2025-07-15T01:24:16.609+0000] {dag.py:3696} INFO - Setting next_dagrun for dag_3 to None, run_after=None
[2025-07-15T01:24:16.632+0000] {processor.py:179} INFO - Processing /opt/airflow/dags/jobs_dag.py took 0.233 seconds
[2025-07-15T01:24:46.857+0000] {processor.py:157} INFO - Started process (PID=272) to work on /opt/airflow/dags/jobs_dag.py
[2025-07-15T01:24:46.859+0000] {processor.py:829} INFO - Processing file /opt/airflow/dags/jobs_dag.py for tasks to queue
[2025-07-15T01:24:46.860+0000] {logging_mixin.py:151} INFO - [2025-07-15T01:24:46.860+0000] {dagbag.py:539} INFO - Filling up the DagBag from /opt/airflow/dags/jobs_dag.py
[2025-07-15T01:24:47.005+0000] {processor.py:839} INFO - DAG(s) dict_keys(['dag_3', 'dag_1', 'dag_2']) retrieved from /opt/airflow/dags/jobs_dag.py
[2025-07-15T01:24:47.046+0000] {logging_mixin.py:151} INFO - [2025-07-15T01:24:47.046+0000] {dag.py:2915} INFO - Sync 3 DAGs
[2025-07-15T01:24:47.059+0000] {logging_mixin.py:151} INFO - [2025-07-15T01:24:47.059+0000] {dag.py:3696} INFO - Setting next_dagrun for dag_1 to None, run_after=None
[2025-07-15T01:24:47.063+0000] {logging_mixin.py:151} INFO - [2025-07-15T01:24:47.063+0000] {dag.py:3696} INFO - Setting next_dagrun for dag_2 to None, run_after=None
[2025-07-15T01:24:47.064+0000] {logging_mixin.py:151} INFO - [2025-07-15T01:24:47.064+0000] {dag.py:3696} INFO - Setting next_dagrun for dag_3 to None, run_after=None
[2025-07-15T01:24:47.082+0000] {processor.py:179} INFO - Processing /opt/airflow/dags/jobs_dag.py took 0.229 seconds
[2025-07-15T01:25:17.396+0000] {processor.py:157} INFO - Started process (PID=284) to work on /opt/airflow/dags/jobs_dag.py
[2025-07-15T01:25:17.397+0000] {processor.py:829} INFO - Processing file /opt/airflow/dags/jobs_dag.py for tasks to queue
[2025-07-15T01:25:17.398+0000] {logging_mixin.py:151} INFO - [2025-07-15T01:25:17.398+0000] {dagbag.py:539} INFO - Filling up the DagBag from /opt/airflow/dags/jobs_dag.py
[2025-07-15T01:25:17.417+0000] {processor.py:839} INFO - DAG(s) dict_keys(['dag_3', 'dag_1', 'dag_2']) retrieved from /opt/airflow/dags/jobs_dag.py
[2025-07-15T01:25:17.464+0000] {logging_mixin.py:151} INFO - [2025-07-15T01:25:17.464+0000] {dag.py:2915} INFO - Sync 3 DAGs
[2025-07-15T01:25:17.480+0000] {logging_mixin.py:151} INFO - [2025-07-15T01:25:17.480+0000] {dag.py:3696} INFO - Setting next_dagrun for dag_1 to None, run_after=None
[2025-07-15T01:25:17.484+0000] {logging_mixin.py:151} INFO - [2025-07-15T01:25:17.484+0000] {dag.py:3696} INFO - Setting next_dagrun for dag_2 to None, run_after=None
[2025-07-15T01:25:17.487+0000] {logging_mixin.py:151} INFO - [2025-07-15T01:25:17.487+0000] {dag.py:3696} INFO - Setting next_dagrun for dag_3 to None, run_after=None
[2025-07-15T01:25:17.508+0000] {processor.py:179} INFO - Processing /opt/airflow/dags/jobs_dag.py took 0.116 seconds
[2025-07-15T01:25:47.582+0000] {processor.py:157} INFO - Started process (PID=296) to work on /opt/airflow/dags/jobs_dag.py
[2025-07-15T01:25:47.584+0000] {processor.py:829} INFO - Processing file /opt/airflow/dags/jobs_dag.py for tasks to queue
[2025-07-15T01:25:47.585+0000] {logging_mixin.py:151} INFO - [2025-07-15T01:25:47.585+0000] {dagbag.py:539} INFO - Filling up the DagBag from /opt/airflow/dags/jobs_dag.py
[2025-07-15T01:25:47.607+0000] {processor.py:839} INFO - DAG(s) dict_keys(['dag_3', 'dag_2', 'dag_1']) retrieved from /opt/airflow/dags/jobs_dag.py
[2025-07-15T01:25:47.660+0000] {logging_mixin.py:151} INFO - [2025-07-15T01:25:47.660+0000] {dag.py:2915} INFO - Sync 3 DAGs
[2025-07-15T01:25:47.677+0000] {logging_mixin.py:151} INFO - [2025-07-15T01:25:47.677+0000] {dag.py:3696} INFO - Setting next_dagrun for dag_1 to None, run_after=None
[2025-07-15T01:25:47.682+0000] {logging_mixin.py:151} INFO - [2025-07-15T01:25:47.681+0000] {dag.py:3696} INFO - Setting next_dagrun for dag_2 to None, run_after=None
[2025-07-15T01:25:47.683+0000] {logging_mixin.py:151} INFO - [2025-07-15T01:25:47.683+0000] {dag.py:3696} INFO - Setting next_dagrun for dag_3 to None, run_after=None
[2025-07-15T01:25:47.706+0000] {processor.py:179} INFO - Processing /opt/airflow/dags/jobs_dag.py took 0.128 seconds
[2025-07-15T01:26:17.878+0000] {processor.py:157} INFO - Started process (PID=315) to work on /opt/airflow/dags/jobs_dag.py
[2025-07-15T01:26:17.879+0000] {processor.py:829} INFO - Processing file /opt/airflow/dags/jobs_dag.py for tasks to queue
[2025-07-15T01:26:17.880+0000] {logging_mixin.py:151} INFO - [2025-07-15T01:26:17.880+0000] {dagbag.py:539} INFO - Filling up the DagBag from /opt/airflow/dags/jobs_dag.py
[2025-07-15T01:26:17.900+0000] {processor.py:839} INFO - DAG(s) dict_keys(['dag_2', 'dag_1', 'dag_3']) retrieved from /opt/airflow/dags/jobs_dag.py
[2025-07-15T01:26:17.942+0000] {logging_mixin.py:151} INFO - [2025-07-15T01:26:17.942+0000] {dag.py:2915} INFO - Sync 3 DAGs
[2025-07-15T01:26:17.957+0000] {logging_mixin.py:151} INFO - [2025-07-15T01:26:17.957+0000] {dag.py:3696} INFO - Setting next_dagrun for dag_1 to None, run_after=None
[2025-07-15T01:26:17.961+0000] {logging_mixin.py:151} INFO - [2025-07-15T01:26:17.960+0000] {dag.py:3696} INFO - Setting next_dagrun for dag_2 to None, run_after=None
[2025-07-15T01:26:17.962+0000] {logging_mixin.py:151} INFO - [2025-07-15T01:26:17.962+0000] {dag.py:3696} INFO - Setting next_dagrun for dag_3 to None, run_after=None
[2025-07-15T01:26:17.981+0000] {processor.py:179} INFO - Processing /opt/airflow/dags/jobs_dag.py took 0.107 seconds
[2025-07-15T01:26:48.149+0000] {processor.py:157} INFO - Started process (PID=327) to work on /opt/airflow/dags/jobs_dag.py
[2025-07-15T01:26:48.150+0000] {processor.py:829} INFO - Processing file /opt/airflow/dags/jobs_dag.py for tasks to queue
[2025-07-15T01:26:48.151+0000] {logging_mixin.py:151} INFO - [2025-07-15T01:26:48.151+0000] {dagbag.py:539} INFO - Filling up the DagBag from /opt/airflow/dags/jobs_dag.py
[2025-07-15T01:26:48.171+0000] {processor.py:839} INFO - DAG(s) dict_keys(['dag_3', 'dag_1', 'dag_2']) retrieved from /opt/airflow/dags/jobs_dag.py
[2025-07-15T01:26:48.219+0000] {logging_mixin.py:151} INFO - [2025-07-15T01:26:48.219+0000] {dag.py:2915} INFO - Sync 3 DAGs
[2025-07-15T01:26:48.236+0000] {logging_mixin.py:151} INFO - [2025-07-15T01:26:48.236+0000] {dag.py:3696} INFO - Setting next_dagrun for dag_1 to None, run_after=None
[2025-07-15T01:26:48.241+0000] {logging_mixin.py:151} INFO - [2025-07-15T01:26:48.240+0000] {dag.py:3696} INFO - Setting next_dagrun for dag_2 to None, run_after=None
[2025-07-15T01:26:48.242+0000] {logging_mixin.py:151} INFO - [2025-07-15T01:26:48.242+0000] {dag.py:3696} INFO - Setting next_dagrun for dag_3 to None, run_after=None
[2025-07-15T01:26:48.262+0000] {processor.py:179} INFO - Processing /opt/airflow/dags/jobs_dag.py took 0.117 seconds
[2025-07-15T01:27:18.343+0000] {processor.py:157} INFO - Started process (PID=339) to work on /opt/airflow/dags/jobs_dag.py
[2025-07-15T01:27:18.344+0000] {processor.py:829} INFO - Processing file /opt/airflow/dags/jobs_dag.py for tasks to queue
[2025-07-15T01:27:18.345+0000] {logging_mixin.py:151} INFO - [2025-07-15T01:27:18.345+0000] {dagbag.py:539} INFO - Filling up the DagBag from /opt/airflow/dags/jobs_dag.py
[2025-07-15T01:27:18.365+0000] {processor.py:839} INFO - DAG(s) dict_keys(['dag_3', 'dag_1', 'dag_2']) retrieved from /opt/airflow/dags/jobs_dag.py
[2025-07-15T01:27:18.411+0000] {logging_mixin.py:151} INFO - [2025-07-15T01:27:18.411+0000] {dag.py:2915} INFO - Sync 3 DAGs
[2025-07-15T01:27:18.426+0000] {logging_mixin.py:151} INFO - [2025-07-15T01:27:18.426+0000] {dag.py:3696} INFO - Setting next_dagrun for dag_1 to None, run_after=None
[2025-07-15T01:27:18.430+0000] {logging_mixin.py:151} INFO - [2025-07-15T01:27:18.430+0000] {dag.py:3696} INFO - Setting next_dagrun for dag_2 to None, run_after=None
[2025-07-15T01:27:18.432+0000] {logging_mixin.py:151} INFO - [2025-07-15T01:27:18.432+0000] {dag.py:3696} INFO - Setting next_dagrun for dag_3 to None, run_after=None
[2025-07-15T01:27:18.450+0000] {processor.py:179} INFO - Processing /opt/airflow/dags/jobs_dag.py took 0.111 seconds
[2025-07-15T01:27:48.642+0000] {processor.py:157} INFO - Started process (PID=351) to work on /opt/airflow/dags/jobs_dag.py
[2025-07-15T01:27:48.643+0000] {processor.py:829} INFO - Processing file /opt/airflow/dags/jobs_dag.py for tasks to queue
[2025-07-15T01:27:48.644+0000] {logging_mixin.py:151} INFO - [2025-07-15T01:27:48.644+0000] {dagbag.py:539} INFO - Filling up the DagBag from /opt/airflow/dags/jobs_dag.py
[2025-07-15T01:27:48.664+0000] {processor.py:839} INFO - DAG(s) dict_keys(['dag_2', 'dag_3', 'dag_1']) retrieved from /opt/airflow/dags/jobs_dag.py
[2025-07-15T01:27:48.705+0000] {logging_mixin.py:151} INFO - [2025-07-15T01:27:48.705+0000] {dag.py:2915} INFO - Sync 3 DAGs
[2025-07-15T01:27:48.720+0000] {logging_mixin.py:151} INFO - [2025-07-15T01:27:48.720+0000] {dag.py:3696} INFO - Setting next_dagrun for dag_1 to None, run_after=None
[2025-07-15T01:27:48.723+0000] {logging_mixin.py:151} INFO - [2025-07-15T01:27:48.723+0000] {dag.py:3696} INFO - Setting next_dagrun for dag_2 to None, run_after=None
[2025-07-15T01:27:48.725+0000] {logging_mixin.py:151} INFO - [2025-07-15T01:27:48.725+0000] {dag.py:3696} INFO - Setting next_dagrun for dag_3 to None, run_after=None
[2025-07-15T01:27:48.742+0000] {processor.py:179} INFO - Processing /opt/airflow/dags/jobs_dag.py took 0.105 seconds
[2025-07-15T01:28:18.842+0000] {processor.py:157} INFO - Started process (PID=363) to work on /opt/airflow/dags/jobs_dag.py
[2025-07-15T01:28:18.843+0000] {processor.py:829} INFO - Processing file /opt/airflow/dags/jobs_dag.py for tasks to queue
[2025-07-15T01:28:18.844+0000] {logging_mixin.py:151} INFO - [2025-07-15T01:28:18.844+0000] {dagbag.py:539} INFO - Filling up the DagBag from /opt/airflow/dags/jobs_dag.py
[2025-07-15T01:28:18.864+0000] {processor.py:839} INFO - DAG(s) dict_keys(['dag_2', 'dag_3', 'dag_1']) retrieved from /opt/airflow/dags/jobs_dag.py
[2025-07-15T01:28:18.914+0000] {logging_mixin.py:151} INFO - [2025-07-15T01:28:18.914+0000] {dag.py:2915} INFO - Sync 3 DAGs
[2025-07-15T01:28:18.931+0000] {logging_mixin.py:151} INFO - [2025-07-15T01:28:18.931+0000] {dag.py:3696} INFO - Setting next_dagrun for dag_1 to None, run_after=None
[2025-07-15T01:28:18.935+0000] {logging_mixin.py:151} INFO - [2025-07-15T01:28:18.935+0000] {dag.py:3696} INFO - Setting next_dagrun for dag_2 to None, run_after=None
[2025-07-15T01:28:18.937+0000] {logging_mixin.py:151} INFO - [2025-07-15T01:28:18.937+0000] {dag.py:3696} INFO - Setting next_dagrun for dag_3 to None, run_after=None
[2025-07-15T01:28:18.959+0000] {processor.py:179} INFO - Processing /opt/airflow/dags/jobs_dag.py took 0.122 seconds
[2025-07-15T01:28:49.125+0000] {processor.py:157} INFO - Started process (PID=375) to work on /opt/airflow/dags/jobs_dag.py
[2025-07-15T01:28:49.126+0000] {processor.py:829} INFO - Processing file /opt/airflow/dags/jobs_dag.py for tasks to queue
[2025-07-15T01:28:49.128+0000] {logging_mixin.py:151} INFO - [2025-07-15T01:28:49.127+0000] {dagbag.py:539} INFO - Filling up the DagBag from /opt/airflow/dags/jobs_dag.py
[2025-07-15T01:28:49.149+0000] {processor.py:839} INFO - DAG(s) dict_keys(['dag_2', 'dag_1', 'dag_3']) retrieved from /opt/airflow/dags/jobs_dag.py
[2025-07-15T01:28:49.190+0000] {logging_mixin.py:151} INFO - [2025-07-15T01:28:49.190+0000] {dag.py:2915} INFO - Sync 3 DAGs
[2025-07-15T01:28:49.204+0000] {logging_mixin.py:151} INFO - [2025-07-15T01:28:49.204+0000] {dag.py:3696} INFO - Setting next_dagrun for dag_1 to None, run_after=None
[2025-07-15T01:28:49.208+0000] {logging_mixin.py:151} INFO - [2025-07-15T01:28:49.208+0000] {dag.py:3696} INFO - Setting next_dagrun for dag_2 to None, run_after=None
[2025-07-15T01:28:49.210+0000] {logging_mixin.py:151} INFO - [2025-07-15T01:28:49.210+0000] {dag.py:3696} INFO - Setting next_dagrun for dag_3 to None, run_after=None
[2025-07-15T01:28:49.229+0000] {processor.py:179} INFO - Processing /opt/airflow/dags/jobs_dag.py took 0.108 seconds
[2025-07-15T01:29:19.337+0000] {processor.py:157} INFO - Started process (PID=387) to work on /opt/airflow/dags/jobs_dag.py
[2025-07-15T01:29:19.338+0000] {processor.py:829} INFO - Processing file /opt/airflow/dags/jobs_dag.py for tasks to queue
[2025-07-15T01:29:19.340+0000] {logging_mixin.py:151} INFO - [2025-07-15T01:29:19.339+0000] {dagbag.py:539} INFO - Filling up the DagBag from /opt/airflow/dags/jobs_dag.py
[2025-07-15T01:29:19.360+0000] {processor.py:839} INFO - DAG(s) dict_keys(['dag_3', 'dag_2', 'dag_1']) retrieved from /opt/airflow/dags/jobs_dag.py
[2025-07-15T01:29:19.406+0000] {logging_mixin.py:151} INFO - [2025-07-15T01:29:19.406+0000] {dag.py:2915} INFO - Sync 3 DAGs
[2025-07-15T01:29:19.421+0000] {logging_mixin.py:151} INFO - [2025-07-15T01:29:19.421+0000] {dag.py:3696} INFO - Setting next_dagrun for dag_1 to None, run_after=None
[2025-07-15T01:29:19.426+0000] {logging_mixin.py:151} INFO - [2025-07-15T01:29:19.425+0000] {dag.py:3696} INFO - Setting next_dagrun for dag_2 to None, run_after=None
[2025-07-15T01:29:19.427+0000] {logging_mixin.py:151} INFO - [2025-07-15T01:29:19.427+0000] {dag.py:3696} INFO - Setting next_dagrun for dag_3 to None, run_after=None
[2025-07-15T01:29:19.445+0000] {processor.py:179} INFO - Processing /opt/airflow/dags/jobs_dag.py took 0.112 seconds
[2025-07-15T01:29:49.647+0000] {processor.py:157} INFO - Started process (PID=399) to work on /opt/airflow/dags/jobs_dag.py
[2025-07-15T01:29:49.648+0000] {processor.py:829} INFO - Processing file /opt/airflow/dags/jobs_dag.py for tasks to queue
[2025-07-15T01:29:49.650+0000] {logging_mixin.py:151} INFO - [2025-07-15T01:29:49.649+0000] {dagbag.py:539} INFO - Filling up the DagBag from /opt/airflow/dags/jobs_dag.py
[2025-07-15T01:29:49.668+0000] {processor.py:839} INFO - DAG(s) dict_keys(['dag_2', 'dag_3', 'dag_1']) retrieved from /opt/airflow/dags/jobs_dag.py
[2025-07-15T01:29:49.709+0000] {logging_mixin.py:151} INFO - [2025-07-15T01:29:49.709+0000] {dag.py:2915} INFO - Sync 3 DAGs
[2025-07-15T01:29:49.724+0000] {logging_mixin.py:151} INFO - [2025-07-15T01:29:49.723+0000] {dag.py:3696} INFO - Setting next_dagrun for dag_1 to None, run_after=None
[2025-07-15T01:29:49.727+0000] {logging_mixin.py:151} INFO - [2025-07-15T01:29:49.727+0000] {dag.py:3696} INFO - Setting next_dagrun for dag_2 to None, run_after=None
[2025-07-15T01:29:49.729+0000] {logging_mixin.py:151} INFO - [2025-07-15T01:29:49.729+0000] {dag.py:3696} INFO - Setting next_dagrun for dag_3 to None, run_after=None
[2025-07-15T01:29:49.748+0000] {processor.py:179} INFO - Processing /opt/airflow/dags/jobs_dag.py took 0.104 seconds
[2025-07-15T01:30:19.858+0000] {processor.py:157} INFO - Started process (PID=411) to work on /opt/airflow/dags/jobs_dag.py
[2025-07-15T01:30:19.859+0000] {processor.py:829} INFO - Processing file /opt/airflow/dags/jobs_dag.py for tasks to queue
[2025-07-15T01:30:19.860+0000] {logging_mixin.py:151} INFO - [2025-07-15T01:30:19.860+0000] {dagbag.py:539} INFO - Filling up the DagBag from /opt/airflow/dags/jobs_dag.py
[2025-07-15T01:30:19.879+0000] {processor.py:839} INFO - DAG(s) dict_keys(['dag_3', 'dag_1', 'dag_2']) retrieved from /opt/airflow/dags/jobs_dag.py
[2025-07-15T01:30:19.921+0000] {logging_mixin.py:151} INFO - [2025-07-15T01:30:19.921+0000] {dag.py:2915} INFO - Sync 3 DAGs
[2025-07-15T01:30:19.935+0000] {logging_mixin.py:151} INFO - [2025-07-15T01:30:19.935+0000] {dag.py:3696} INFO - Setting next_dagrun for dag_1 to None, run_after=None
[2025-07-15T01:30:19.939+0000] {logging_mixin.py:151} INFO - [2025-07-15T01:30:19.939+0000] {dag.py:3696} INFO - Setting next_dagrun for dag_2 to None, run_after=None
[2025-07-15T01:30:19.941+0000] {logging_mixin.py:151} INFO - [2025-07-15T01:30:19.940+0000] {dag.py:3696} INFO - Setting next_dagrun for dag_3 to None, run_after=None
[2025-07-15T01:30:19.958+0000] {processor.py:179} INFO - Processing /opt/airflow/dags/jobs_dag.py took 0.105 seconds
[2025-07-15T01:30:50.141+0000] {processor.py:157} INFO - Started process (PID=424) to work on /opt/airflow/dags/jobs_dag.py
[2025-07-15T01:30:50.142+0000] {processor.py:829} INFO - Processing file /opt/airflow/dags/jobs_dag.py for tasks to queue
[2025-07-15T01:30:50.143+0000] {logging_mixin.py:151} INFO - [2025-07-15T01:30:50.143+0000] {dagbag.py:539} INFO - Filling up the DagBag from /opt/airflow/dags/jobs_dag.py
[2025-07-15T01:30:50.162+0000] {processor.py:839} INFO - DAG(s) dict_keys(['dag_3', 'dag_1', 'dag_2']) retrieved from /opt/airflow/dags/jobs_dag.py
[2025-07-15T01:30:50.205+0000] {logging_mixin.py:151} INFO - [2025-07-15T01:30:50.204+0000] {dag.py:2915} INFO - Sync 3 DAGs
[2025-07-15T01:30:50.219+0000] {logging_mixin.py:151} INFO - [2025-07-15T01:30:50.219+0000] {dag.py:3696} INFO - Setting next_dagrun for dag_1 to None, run_after=None
[2025-07-15T01:30:50.223+0000] {logging_mixin.py:151} INFO - [2025-07-15T01:30:50.222+0000] {dag.py:3696} INFO - Setting next_dagrun for dag_2 to None, run_after=None
[2025-07-15T01:30:50.224+0000] {logging_mixin.py:151} INFO - [2025-07-15T01:30:50.224+0000] {dag.py:3696} INFO - Setting next_dagrun for dag_3 to None, run_after=None
[2025-07-15T01:30:50.241+0000] {processor.py:179} INFO - Processing /opt/airflow/dags/jobs_dag.py took 0.104 seconds
[2025-07-15T01:31:20.366+0000] {processor.py:157} INFO - Started process (PID=436) to work on /opt/airflow/dags/jobs_dag.py
[2025-07-15T01:31:20.367+0000] {processor.py:829} INFO - Processing file /opt/airflow/dags/jobs_dag.py for tasks to queue
[2025-07-15T01:31:20.369+0000] {logging_mixin.py:151} INFO - [2025-07-15T01:31:20.368+0000] {dagbag.py:539} INFO - Filling up the DagBag from /opt/airflow/dags/jobs_dag.py
[2025-07-15T01:31:20.389+0000] {processor.py:839} INFO - DAG(s) dict_keys(['dag_2', 'dag_3', 'dag_1']) retrieved from /opt/airflow/dags/jobs_dag.py
[2025-07-15T01:31:20.434+0000] {logging_mixin.py:151} INFO - [2025-07-15T01:31:20.434+0000] {dag.py:2915} INFO - Sync 3 DAGs
[2025-07-15T01:31:20.449+0000] {logging_mixin.py:151} INFO - [2025-07-15T01:31:20.449+0000] {dag.py:3696} INFO - Setting next_dagrun for dag_1 to None, run_after=None
[2025-07-15T01:31:20.453+0000] {logging_mixin.py:151} INFO - [2025-07-15T01:31:20.453+0000] {dag.py:3696} INFO - Setting next_dagrun for dag_2 to None, run_after=None
[2025-07-15T01:31:20.454+0000] {logging_mixin.py:151} INFO - [2025-07-15T01:31:20.454+0000] {dag.py:3696} INFO - Setting next_dagrun for dag_3 to None, run_after=None
[2025-07-15T01:31:20.473+0000] {processor.py:179} INFO - Processing /opt/airflow/dags/jobs_dag.py took 0.112 seconds
[2025-07-15T01:31:50.654+0000] {processor.py:157} INFO - Started process (PID=448) to work on /opt/airflow/dags/jobs_dag.py
[2025-07-15T01:31:50.655+0000] {processor.py:829} INFO - Processing file /opt/airflow/dags/jobs_dag.py for tasks to queue
[2025-07-15T01:31:50.656+0000] {logging_mixin.py:151} INFO - [2025-07-15T01:31:50.656+0000] {dagbag.py:539} INFO - Filling up the DagBag from /opt/airflow/dags/jobs_dag.py
[2025-07-15T01:31:50.679+0000] {processor.py:839} INFO - DAG(s) dict_keys(['dag_1', 'dag_3', 'dag_2']) retrieved from /opt/airflow/dags/jobs_dag.py
[2025-07-15T01:31:50.721+0000] {logging_mixin.py:151} INFO - [2025-07-15T01:31:50.721+0000] {dag.py:2915} INFO - Sync 3 DAGs
[2025-07-15T01:31:50.736+0000] {logging_mixin.py:151} INFO - [2025-07-15T01:31:50.736+0000] {dag.py:3696} INFO - Setting next_dagrun for dag_1 to None, run_after=None
[2025-07-15T01:31:50.741+0000] {logging_mixin.py:151} INFO - [2025-07-15T01:31:50.741+0000] {dag.py:3696} INFO - Setting next_dagrun for dag_2 to None, run_after=None
[2025-07-15T01:31:50.743+0000] {logging_mixin.py:151} INFO - [2025-07-15T01:31:50.742+0000] {dag.py:3696} INFO - Setting next_dagrun for dag_3 to None, run_after=None
[2025-07-15T01:31:50.761+0000] {processor.py:179} INFO - Processing /opt/airflow/dags/jobs_dag.py took 0.112 seconds
[2025-07-15T01:32:20.872+0000] {processor.py:157} INFO - Started process (PID=460) to work on /opt/airflow/dags/jobs_dag.py
[2025-07-15T01:32:20.873+0000] {processor.py:829} INFO - Processing file /opt/airflow/dags/jobs_dag.py for tasks to queue
[2025-07-15T01:32:20.875+0000] {logging_mixin.py:151} INFO - [2025-07-15T01:32:20.874+0000] {dagbag.py:539} INFO - Filling up the DagBag from /opt/airflow/dags/jobs_dag.py
[2025-07-15T01:32:20.896+0000] {processor.py:839} INFO - DAG(s) dict_keys(['dag_2', 'dag_3', 'dag_1']) retrieved from /opt/airflow/dags/jobs_dag.py
[2025-07-15T01:32:20.942+0000] {logging_mixin.py:151} INFO - [2025-07-15T01:32:20.941+0000] {dag.py:2915} INFO - Sync 3 DAGs
[2025-07-15T01:32:20.958+0000] {logging_mixin.py:151} INFO - [2025-07-15T01:32:20.958+0000] {dag.py:3696} INFO - Setting next_dagrun for dag_1 to None, run_after=None
[2025-07-15T01:32:20.962+0000] {logging_mixin.py:151} INFO - [2025-07-15T01:32:20.961+0000] {dag.py:3696} INFO - Setting next_dagrun for dag_2 to None, run_after=None
[2025-07-15T01:32:20.963+0000] {logging_mixin.py:151} INFO - [2025-07-15T01:32:20.963+0000] {dag.py:3696} INFO - Setting next_dagrun for dag_3 to None, run_after=None
[2025-07-15T01:32:20.984+0000] {processor.py:179} INFO - Processing /opt/airflow/dags/jobs_dag.py took 0.116 seconds
[2025-07-15T01:32:51.145+0000] {processor.py:157} INFO - Started process (PID=472) to work on /opt/airflow/dags/jobs_dag.py
[2025-07-15T01:32:51.146+0000] {processor.py:829} INFO - Processing file /opt/airflow/dags/jobs_dag.py for tasks to queue
[2025-07-15T01:32:51.147+0000] {logging_mixin.py:151} INFO - [2025-07-15T01:32:51.147+0000] {dagbag.py:539} INFO - Filling up the DagBag from /opt/airflow/dags/jobs_dag.py
[2025-07-15T01:32:51.168+0000] {processor.py:839} INFO - DAG(s) dict_keys(['dag_1', 'dag_2', 'dag_3']) retrieved from /opt/airflow/dags/jobs_dag.py
[2025-07-15T01:32:51.227+0000] {logging_mixin.py:151} INFO - [2025-07-15T01:32:51.227+0000] {dag.py:2915} INFO - Sync 3 DAGs
[2025-07-15T01:32:51.247+0000] {logging_mixin.py:151} INFO - [2025-07-15T01:32:51.247+0000] {dag.py:3696} INFO - Setting next_dagrun for dag_1 to None, run_after=None
[2025-07-15T01:32:51.252+0000] {logging_mixin.py:151} INFO - [2025-07-15T01:32:51.252+0000] {dag.py:3696} INFO - Setting next_dagrun for dag_2 to None, run_after=None
[2025-07-15T01:32:51.256+0000] {logging_mixin.py:151} INFO - [2025-07-15T01:32:51.255+0000] {dag.py:3696} INFO - Setting next_dagrun for dag_3 to None, run_after=None
[2025-07-15T01:32:51.277+0000] {processor.py:179} INFO - Processing /opt/airflow/dags/jobs_dag.py took 0.137 seconds
[2025-07-15T01:33:21.358+0000] {processor.py:157} INFO - Started process (PID=484) to work on /opt/airflow/dags/jobs_dag.py
[2025-07-15T01:33:21.359+0000] {processor.py:829} INFO - Processing file /opt/airflow/dags/jobs_dag.py for tasks to queue
[2025-07-15T01:33:21.360+0000] {logging_mixin.py:151} INFO - [2025-07-15T01:33:21.360+0000] {dagbag.py:539} INFO - Filling up the DagBag from /opt/airflow/dags/jobs_dag.py
[2025-07-15T01:33:21.377+0000] {processor.py:839} INFO - DAG(s) dict_keys(['dag_1', 'dag_2', 'dag_3']) retrieved from /opt/airflow/dags/jobs_dag.py
[2025-07-15T01:33:21.420+0000] {logging_mixin.py:151} INFO - [2025-07-15T01:33:21.419+0000] {dag.py:2915} INFO - Sync 3 DAGs
[2025-07-15T01:33:21.435+0000] {logging_mixin.py:151} INFO - [2025-07-15T01:33:21.435+0000] {dag.py:3696} INFO - Setting next_dagrun for dag_1 to None, run_after=None
[2025-07-15T01:33:21.439+0000] {logging_mixin.py:151} INFO - [2025-07-15T01:33:21.439+0000] {dag.py:3696} INFO - Setting next_dagrun for dag_2 to None, run_after=None
[2025-07-15T01:33:21.441+0000] {logging_mixin.py:151} INFO - [2025-07-15T01:33:21.440+0000] {dag.py:3696} INFO - Setting next_dagrun for dag_3 to None, run_after=None
[2025-07-15T01:33:21.463+0000] {processor.py:179} INFO - Processing /opt/airflow/dags/jobs_dag.py took 0.109 seconds
[2025-07-15T01:33:51.665+0000] {processor.py:157} INFO - Started process (PID=496) to work on /opt/airflow/dags/jobs_dag.py
[2025-07-15T01:33:51.666+0000] {processor.py:829} INFO - Processing file /opt/airflow/dags/jobs_dag.py for tasks to queue
[2025-07-15T01:33:51.667+0000] {logging_mixin.py:151} INFO - [2025-07-15T01:33:51.667+0000] {dagbag.py:539} INFO - Filling up the DagBag from /opt/airflow/dags/jobs_dag.py
[2025-07-15T01:33:51.686+0000] {processor.py:839} INFO - DAG(s) dict_keys(['dag_2', 'dag_3', 'dag_1']) retrieved from /opt/airflow/dags/jobs_dag.py
[2025-07-15T01:33:51.726+0000] {logging_mixin.py:151} INFO - [2025-07-15T01:33:51.726+0000] {dag.py:2915} INFO - Sync 3 DAGs
[2025-07-15T01:33:51.740+0000] {logging_mixin.py:151} INFO - [2025-07-15T01:33:51.740+0000] {dag.py:3696} INFO - Setting next_dagrun for dag_1 to None, run_after=None
[2025-07-15T01:33:51.744+0000] {logging_mixin.py:151} INFO - [2025-07-15T01:33:51.744+0000] {dag.py:3696} INFO - Setting next_dagrun for dag_2 to None, run_after=None
[2025-07-15T01:33:51.746+0000] {logging_mixin.py:151} INFO - [2025-07-15T01:33:51.746+0000] {dag.py:3696} INFO - Setting next_dagrun for dag_3 to None, run_after=None
[2025-07-15T01:33:51.763+0000] {processor.py:179} INFO - Processing /opt/airflow/dags/jobs_dag.py took 0.102 seconds
[2025-07-15T01:34:21.872+0000] {processor.py:157} INFO - Started process (PID=508) to work on /opt/airflow/dags/jobs_dag.py
[2025-07-15T01:34:21.873+0000] {processor.py:829} INFO - Processing file /opt/airflow/dags/jobs_dag.py for tasks to queue
[2025-07-15T01:34:21.874+0000] {logging_mixin.py:151} INFO - [2025-07-15T01:34:21.874+0000] {dagbag.py:539} INFO - Filling up the DagBag from /opt/airflow/dags/jobs_dag.py
[2025-07-15T01:34:21.895+0000] {processor.py:839} INFO - DAG(s) dict_keys(['dag_2', 'dag_1', 'dag_3']) retrieved from /opt/airflow/dags/jobs_dag.py
[2025-07-15T01:34:21.937+0000] {logging_mixin.py:151} INFO - [2025-07-15T01:34:21.937+0000] {dag.py:2915} INFO - Sync 3 DAGs
[2025-07-15T01:34:21.952+0000] {logging_mixin.py:151} INFO - [2025-07-15T01:34:21.952+0000] {dag.py:3696} INFO - Setting next_dagrun for dag_1 to None, run_after=None
[2025-07-15T01:34:21.955+0000] {logging_mixin.py:151} INFO - [2025-07-15T01:34:21.955+0000] {dag.py:3696} INFO - Setting next_dagrun for dag_2 to None, run_after=None
[2025-07-15T01:34:21.957+0000] {logging_mixin.py:151} INFO - [2025-07-15T01:34:21.957+0000] {dag.py:3696} INFO - Setting next_dagrun for dag_3 to None, run_after=None
[2025-07-15T01:34:21.974+0000] {processor.py:179} INFO - Processing /opt/airflow/dags/jobs_dag.py took 0.107 seconds
[2025-07-15T01:34:52.141+0000] {processor.py:157} INFO - Started process (PID=520) to work on /opt/airflow/dags/jobs_dag.py
[2025-07-15T01:34:52.142+0000] {processor.py:829} INFO - Processing file /opt/airflow/dags/jobs_dag.py for tasks to queue
[2025-07-15T01:34:52.143+0000] {logging_mixin.py:151} INFO - [2025-07-15T01:34:52.143+0000] {dagbag.py:539} INFO - Filling up the DagBag from /opt/airflow/dags/jobs_dag.py
[2025-07-15T01:34:52.167+0000] {processor.py:839} INFO - DAG(s) dict_keys(['dag_2', 'dag_1', 'dag_3']) retrieved from /opt/airflow/dags/jobs_dag.py
[2025-07-15T01:34:52.210+0000] {logging_mixin.py:151} INFO - [2025-07-15T01:34:52.210+0000] {dag.py:2915} INFO - Sync 3 DAGs
[2025-07-15T01:34:52.225+0000] {logging_mixin.py:151} INFO - [2025-07-15T01:34:52.225+0000] {dag.py:3696} INFO - Setting next_dagrun for dag_1 to None, run_after=None
[2025-07-15T01:34:52.228+0000] {logging_mixin.py:151} INFO - [2025-07-15T01:34:52.228+0000] {dag.py:3696} INFO - Setting next_dagrun for dag_2 to None, run_after=None
[2025-07-15T01:34:52.230+0000] {logging_mixin.py:151} INFO - [2025-07-15T01:34:52.230+0000] {dag.py:3696} INFO - Setting next_dagrun for dag_3 to None, run_after=None
[2025-07-15T01:34:52.249+0000] {processor.py:179} INFO - Processing /opt/airflow/dags/jobs_dag.py took 0.112 seconds
[2025-07-15T01:35:22.356+0000] {processor.py:157} INFO - Started process (PID=532) to work on /opt/airflow/dags/jobs_dag.py
[2025-07-15T01:35:22.357+0000] {processor.py:829} INFO - Processing file /opt/airflow/dags/jobs_dag.py for tasks to queue
[2025-07-15T01:35:22.358+0000] {logging_mixin.py:151} INFO - [2025-07-15T01:35:22.357+0000] {dagbag.py:539} INFO - Filling up the DagBag from /opt/airflow/dags/jobs_dag.py
[2025-07-15T01:35:22.378+0000] {processor.py:839} INFO - DAG(s) dict_keys(['dag_2', 'dag_3', 'dag_1']) retrieved from /opt/airflow/dags/jobs_dag.py
[2025-07-15T01:35:22.426+0000] {logging_mixin.py:151} INFO - [2025-07-15T01:35:22.425+0000] {dag.py:2915} INFO - Sync 3 DAGs
[2025-07-15T01:35:22.442+0000] {logging_mixin.py:151} INFO - [2025-07-15T01:35:22.442+0000] {dag.py:3696} INFO - Setting next_dagrun for dag_1 to None, run_after=None
[2025-07-15T01:35:22.446+0000] {logging_mixin.py:151} INFO - [2025-07-15T01:35:22.446+0000] {dag.py:3696} INFO - Setting next_dagrun for dag_2 to None, run_after=None
[2025-07-15T01:35:22.448+0000] {logging_mixin.py:151} INFO - [2025-07-15T01:35:22.448+0000] {dag.py:3696} INFO - Setting next_dagrun for dag_3 to None, run_after=None
[2025-07-15T01:35:22.466+0000] {processor.py:179} INFO - Processing /opt/airflow/dags/jobs_dag.py took 0.116 seconds
[2025-07-15T01:40:24.612+0000] {processor.py:157} INFO - Started process (PID=186) to work on /opt/airflow/dags/jobs_dag.py
[2025-07-15T01:40:24.614+0000] {processor.py:829} INFO - Processing file /opt/airflow/dags/jobs_dag.py for tasks to queue
[2025-07-15T01:40:24.615+0000] {logging_mixin.py:151} INFO - [2025-07-15T01:40:24.615+0000] {dagbag.py:539} INFO - Filling up the DagBag from /opt/airflow/dags/jobs_dag.py
[2025-07-15T01:40:24.622+0000] {logging_mixin.py:151} INFO - [2025-07-15T01:40:24.621+0000] {dagbag.py:347} ERROR - Failed to import: /opt/airflow/dags/jobs_dag.py
Traceback (most recent call last):
  File "/home/airflow/.local/lib/python3.8/site-packages/airflow/models/dagbag.py", line 343, in parse
    loader.exec_module(new_module)
  File "<frozen importlib._bootstrap_external>", line 839, in exec_module
  File "<frozen importlib._bootstrap_external>", line 976, in get_code
  File "<frozen importlib._bootstrap_external>", line 906, in source_to_code
  File "<frozen importlib._bootstrap>", line 219, in _call_with_frames_removed
  File "/opt/airflow/dags/jobs_dag.py", line 60
    'dag_id_3': {'schedule_interval': None, "start_date": datetime(2025 7, 11)}}
                                                                        ^
SyntaxError: invalid syntax
[2025-07-15T01:40:24.623+0000] {processor.py:841} WARNING - No viable dags retrieved from /opt/airflow/dags/jobs_dag.py
[2025-07-15T01:40:24.647+0000] {processor.py:179} INFO - Processing /opt/airflow/dags/jobs_dag.py took 0.039 seconds
[2025-07-15T01:40:54.832+0000] {processor.py:157} INFO - Started process (PID=198) to work on /opt/airflow/dags/jobs_dag.py
[2025-07-15T01:40:54.833+0000] {processor.py:829} INFO - Processing file /opt/airflow/dags/jobs_dag.py for tasks to queue
[2025-07-15T01:40:54.834+0000] {logging_mixin.py:151} INFO - [2025-07-15T01:40:54.834+0000] {dagbag.py:539} INFO - Filling up the DagBag from /opt/airflow/dags/jobs_dag.py
[2025-07-15T01:40:54.840+0000] {logging_mixin.py:151} INFO - [2025-07-15T01:40:54.839+0000] {dagbag.py:347} ERROR - Failed to import: /opt/airflow/dags/jobs_dag.py
Traceback (most recent call last):
  File "/home/airflow/.local/lib/python3.8/site-packages/airflow/models/dagbag.py", line 343, in parse
    loader.exec_module(new_module)
  File "<frozen importlib._bootstrap_external>", line 839, in exec_module
  File "<frozen importlib._bootstrap_external>", line 976, in get_code
  File "<frozen importlib._bootstrap_external>", line 906, in source_to_code
  File "<frozen importlib._bootstrap>", line 219, in _call_with_frames_removed
  File "/opt/airflow/dags/jobs_dag.py", line 60
    'dag_id_3': {'schedule_interval': None, "start_date": datetime(2025 7, 11)}}
                                                                        ^
SyntaxError: invalid syntax
[2025-07-15T01:40:54.841+0000] {processor.py:841} WARNING - No viable dags retrieved from /opt/airflow/dags/jobs_dag.py
[2025-07-15T01:40:54.863+0000] {processor.py:179} INFO - Processing /opt/airflow/dags/jobs_dag.py took 0.036 seconds
[2025-07-15T01:41:25.053+0000] {processor.py:157} INFO - Started process (PID=210) to work on /opt/airflow/dags/jobs_dag.py
[2025-07-15T01:41:25.054+0000] {processor.py:829} INFO - Processing file /opt/airflow/dags/jobs_dag.py for tasks to queue
[2025-07-15T01:41:25.055+0000] {logging_mixin.py:151} INFO - [2025-07-15T01:41:25.054+0000] {dagbag.py:539} INFO - Filling up the DagBag from /opt/airflow/dags/jobs_dag.py
[2025-07-15T01:41:25.062+0000] {logging_mixin.py:151} INFO - [2025-07-15T01:41:25.060+0000] {dagbag.py:347} ERROR - Failed to import: /opt/airflow/dags/jobs_dag.py
Traceback (most recent call last):
  File "/home/airflow/.local/lib/python3.8/site-packages/airflow/models/dagbag.py", line 343, in parse
    loader.exec_module(new_module)
  File "<frozen importlib._bootstrap_external>", line 839, in exec_module
  File "<frozen importlib._bootstrap_external>", line 976, in get_code
  File "<frozen importlib._bootstrap_external>", line 906, in source_to_code
  File "<frozen importlib._bootstrap>", line 219, in _call_with_frames_removed
  File "/opt/airflow/dags/jobs_dag.py", line 60
    'dag_id_3': {'schedule_interval': None, "start_date": datetime(2025 7, 11)}}
                                                                        ^
SyntaxError: invalid syntax
[2025-07-15T01:41:25.062+0000] {processor.py:841} WARNING - No viable dags retrieved from /opt/airflow/dags/jobs_dag.py
[2025-07-15T01:41:25.087+0000] {processor.py:179} INFO - Processing /opt/airflow/dags/jobs_dag.py took 0.040 seconds
[2025-07-15T01:41:55.263+0000] {processor.py:157} INFO - Started process (PID=222) to work on /opt/airflow/dags/jobs_dag.py
[2025-07-15T01:41:55.264+0000] {processor.py:829} INFO - Processing file /opt/airflow/dags/jobs_dag.py for tasks to queue
[2025-07-15T01:41:55.266+0000] {logging_mixin.py:151} INFO - [2025-07-15T01:41:55.265+0000] {dagbag.py:539} INFO - Filling up the DagBag from /opt/airflow/dags/jobs_dag.py
[2025-07-15T01:41:55.275+0000] {logging_mixin.py:151} INFO - [2025-07-15T01:41:55.273+0000] {dagbag.py:347} ERROR - Failed to import: /opt/airflow/dags/jobs_dag.py
Traceback (most recent call last):
  File "/home/airflow/.local/lib/python3.8/site-packages/airflow/models/dagbag.py", line 343, in parse
    loader.exec_module(new_module)
  File "<frozen importlib._bootstrap_external>", line 839, in exec_module
  File "<frozen importlib._bootstrap_external>", line 976, in get_code
  File "<frozen importlib._bootstrap_external>", line 906, in source_to_code
  File "<frozen importlib._bootstrap>", line 219, in _call_with_frames_removed
  File "/opt/airflow/dags/jobs_dag.py", line 60
    'dag_id_3': {'schedule_interval': None, "start_date": datetime(2025 7, 11)}}
                                                                        ^
SyntaxError: invalid syntax
[2025-07-15T01:41:55.276+0000] {processor.py:841} WARNING - No viable dags retrieved from /opt/airflow/dags/jobs_dag.py
[2025-07-15T01:41:55.303+0000] {processor.py:179} INFO - Processing /opt/airflow/dags/jobs_dag.py took 0.044 seconds
[2025-07-15T01:42:25.469+0000] {processor.py:157} INFO - Started process (PID=234) to work on /opt/airflow/dags/jobs_dag.py
[2025-07-15T01:42:25.470+0000] {processor.py:829} INFO - Processing file /opt/airflow/dags/jobs_dag.py for tasks to queue
[2025-07-15T01:42:25.471+0000] {logging_mixin.py:151} INFO - [2025-07-15T01:42:25.471+0000] {dagbag.py:539} INFO - Filling up the DagBag from /opt/airflow/dags/jobs_dag.py
[2025-07-15T01:42:25.477+0000] {logging_mixin.py:151} INFO - [2025-07-15T01:42:25.476+0000] {dagbag.py:347} ERROR - Failed to import: /opt/airflow/dags/jobs_dag.py
Traceback (most recent call last):
  File "/home/airflow/.local/lib/python3.8/site-packages/airflow/models/dagbag.py", line 343, in parse
    loader.exec_module(new_module)
  File "<frozen importlib._bootstrap_external>", line 839, in exec_module
  File "<frozen importlib._bootstrap_external>", line 976, in get_code
  File "<frozen importlib._bootstrap_external>", line 906, in source_to_code
  File "<frozen importlib._bootstrap>", line 219, in _call_with_frames_removed
  File "/opt/airflow/dags/jobs_dag.py", line 60
    'dag_id_3': {'schedule_interval': None, "start_date": datetime(2025 7, 11)}}
                                                                        ^
SyntaxError: invalid syntax
[2025-07-15T01:42:25.478+0000] {processor.py:841} WARNING - No viable dags retrieved from /opt/airflow/dags/jobs_dag.py
[2025-07-15T01:42:25.502+0000] {processor.py:179} INFO - Processing /opt/airflow/dags/jobs_dag.py took 0.037 seconds
[2025-07-15T01:42:55.669+0000] {processor.py:157} INFO - Started process (PID=246) to work on /opt/airflow/dags/jobs_dag.py
[2025-07-15T01:42:55.670+0000] {processor.py:829} INFO - Processing file /opt/airflow/dags/jobs_dag.py for tasks to queue
[2025-07-15T01:42:55.671+0000] {logging_mixin.py:151} INFO - [2025-07-15T01:42:55.670+0000] {dagbag.py:539} INFO - Filling up the DagBag from /opt/airflow/dags/jobs_dag.py
[2025-07-15T01:42:55.677+0000] {logging_mixin.py:151} INFO - [2025-07-15T01:42:55.676+0000] {dagbag.py:347} ERROR - Failed to import: /opt/airflow/dags/jobs_dag.py
Traceback (most recent call last):
  File "/home/airflow/.local/lib/python3.8/site-packages/airflow/models/dagbag.py", line 343, in parse
    loader.exec_module(new_module)
  File "<frozen importlib._bootstrap_external>", line 839, in exec_module
  File "<frozen importlib._bootstrap_external>", line 976, in get_code
  File "<frozen importlib._bootstrap_external>", line 906, in source_to_code
  File "<frozen importlib._bootstrap>", line 219, in _call_with_frames_removed
  File "/opt/airflow/dags/jobs_dag.py", line 60
    'dag_id_3': {'schedule_interval': None, "start_date": datetime(2025 7, 11)}}
                                                                        ^
SyntaxError: invalid syntax
[2025-07-15T01:42:55.678+0000] {processor.py:841} WARNING - No viable dags retrieved from /opt/airflow/dags/jobs_dag.py
[2025-07-15T01:42:55.706+0000] {processor.py:179} INFO - Processing /opt/airflow/dags/jobs_dag.py took 0.041 seconds
[2025-07-15T01:43:25.874+0000] {processor.py:157} INFO - Started process (PID=258) to work on /opt/airflow/dags/jobs_dag.py
[2025-07-15T01:43:25.875+0000] {processor.py:829} INFO - Processing file /opt/airflow/dags/jobs_dag.py for tasks to queue
[2025-07-15T01:43:25.876+0000] {logging_mixin.py:151} INFO - [2025-07-15T01:43:25.875+0000] {dagbag.py:539} INFO - Filling up the DagBag from /opt/airflow/dags/jobs_dag.py
[2025-07-15T01:43:25.884+0000] {logging_mixin.py:151} INFO - [2025-07-15T01:43:25.883+0000] {dagbag.py:347} ERROR - Failed to import: /opt/airflow/dags/jobs_dag.py
Traceback (most recent call last):
  File "/home/airflow/.local/lib/python3.8/site-packages/airflow/models/dagbag.py", line 343, in parse
    loader.exec_module(new_module)
  File "<frozen importlib._bootstrap_external>", line 839, in exec_module
  File "<frozen importlib._bootstrap_external>", line 976, in get_code
  File "<frozen importlib._bootstrap_external>", line 906, in source_to_code
  File "<frozen importlib._bootstrap>", line 219, in _call_with_frames_removed
  File "/opt/airflow/dags/jobs_dag.py", line 60
    'dag_id_3': {'schedule_interval': None, "start_date": datetime(2025 7, 11)}}
                                                                        ^
SyntaxError: invalid syntax
[2025-07-15T01:43:25.885+0000] {processor.py:841} WARNING - No viable dags retrieved from /opt/airflow/dags/jobs_dag.py
[2025-07-15T01:43:25.908+0000] {processor.py:179} INFO - Processing /opt/airflow/dags/jobs_dag.py took 0.038 seconds
[2025-07-15T01:43:56.096+0000] {processor.py:157} INFO - Started process (PID=270) to work on /opt/airflow/dags/jobs_dag.py
[2025-07-15T01:43:56.097+0000] {processor.py:829} INFO - Processing file /opt/airflow/dags/jobs_dag.py for tasks to queue
[2025-07-15T01:43:56.099+0000] {logging_mixin.py:151} INFO - [2025-07-15T01:43:56.098+0000] {dagbag.py:539} INFO - Filling up the DagBag from /opt/airflow/dags/jobs_dag.py
[2025-07-15T01:43:56.268+0000] {logging_mixin.py:151} INFO - [2025-07-15T01:43:56.267+0000] {dagbag.py:347} ERROR - Failed to import: /opt/airflow/dags/jobs_dag.py
Traceback (most recent call last):
  File "/home/airflow/.local/lib/python3.8/site-packages/airflow/models/dagbag.py", line 343, in parse
    loader.exec_module(new_module)
  File "<frozen importlib._bootstrap_external>", line 839, in exec_module
  File "<frozen importlib._bootstrap_external>", line 976, in get_code
  File "<frozen importlib._bootstrap_external>", line 906, in source_to_code
  File "<frozen importlib._bootstrap>", line 219, in _call_with_frames_removed
  File "/opt/airflow/dags/jobs_dag.py", line 60
    'dag_id_3': {'schedule_interval': None, "start_date": datetime(2025 7, 11)}}
                                                                        ^
SyntaxError: invalid syntax
[2025-07-15T01:43:56.269+0000] {processor.py:841} WARNING - No viable dags retrieved from /opt/airflow/dags/jobs_dag.py
[2025-07-15T01:43:56.291+0000] {processor.py:179} INFO - Processing /opt/airflow/dags/jobs_dag.py took 0.202 seconds
[2025-07-15T01:44:26.599+0000] {processor.py:157} INFO - Started process (PID=282) to work on /opt/airflow/dags/jobs_dag.py
[2025-07-15T01:44:26.601+0000] {processor.py:829} INFO - Processing file /opt/airflow/dags/jobs_dag.py for tasks to queue
[2025-07-15T01:44:26.602+0000] {logging_mixin.py:151} INFO - [2025-07-15T01:44:26.601+0000] {dagbag.py:539} INFO - Filling up the DagBag from /opt/airflow/dags/jobs_dag.py
[2025-07-15T01:44:26.609+0000] {logging_mixin.py:151} INFO - [2025-07-15T01:44:26.607+0000] {dagbag.py:347} ERROR - Failed to import: /opt/airflow/dags/jobs_dag.py
Traceback (most recent call last):
  File "/home/airflow/.local/lib/python3.8/site-packages/airflow/models/dagbag.py", line 343, in parse
    loader.exec_module(new_module)
  File "<frozen importlib._bootstrap_external>", line 839, in exec_module
  File "<frozen importlib._bootstrap_external>", line 976, in get_code
  File "<frozen importlib._bootstrap_external>", line 906, in source_to_code
  File "<frozen importlib._bootstrap>", line 219, in _call_with_frames_removed
  File "/opt/airflow/dags/jobs_dag.py", line 60
    'dag_id_3': {'schedule_interval': None, "start_date": datetime(2025 7, 11)}}
                                                                        ^
SyntaxError: invalid syntax
[2025-07-15T01:44:26.609+0000] {processor.py:841} WARNING - No viable dags retrieved from /opt/airflow/dags/jobs_dag.py
[2025-07-15T01:44:26.632+0000] {processor.py:179} INFO - Processing /opt/airflow/dags/jobs_dag.py took 0.037 seconds
[2025-07-15T01:44:41.698+0000] {processor.py:157} INFO - Started process (PID=294) to work on /opt/airflow/dags/jobs_dag.py
[2025-07-15T01:44:41.699+0000] {processor.py:829} INFO - Processing file /opt/airflow/dags/jobs_dag.py for tasks to queue
[2025-07-15T01:44:41.701+0000] {logging_mixin.py:151} INFO - [2025-07-15T01:44:41.700+0000] {dagbag.py:539} INFO - Filling up the DagBag from /opt/airflow/dags/jobs_dag.py
[2025-07-15T01:44:41.708+0000] {logging_mixin.py:151} INFO - [2025-07-15T01:44:41.707+0000] {dagbag.py:347} ERROR - Failed to import: /opt/airflow/dags/jobs_dag.py
Traceback (most recent call last):
  File "/home/airflow/.local/lib/python3.8/site-packages/airflow/models/dagbag.py", line 343, in parse
    loader.exec_module(new_module)
  File "<frozen importlib._bootstrap_external>", line 839, in exec_module
  File "<frozen importlib._bootstrap_external>", line 976, in get_code
  File "<frozen importlib._bootstrap_external>", line 906, in source_to_code
  File "<frozen importlib._bootstrap>", line 219, in _call_with_frames_removed
  File "/opt/airflow/dags/jobs_dag.py", line 60
    'dag_id_3': {'schedule_interval': None, "start_date": datetime(2025 7, 11)}}
                                                                        ^
SyntaxError: invalid syntax
[2025-07-15T01:44:41.709+0000] {processor.py:841} WARNING - No viable dags retrieved from /opt/airflow/dags/jobs_dag.py
[2025-07-15T01:44:41.732+0000] {processor.py:179} INFO - Processing /opt/airflow/dags/jobs_dag.py took 0.040 seconds
[2025-07-15T01:45:42.781+0000] {processor.py:157} INFO - Started process (PID=186) to work on /opt/airflow/dags/jobs_dag.py
[2025-07-15T01:45:42.782+0000] {processor.py:829} INFO - Processing file /opt/airflow/dags/jobs_dag.py for tasks to queue
[2025-07-15T01:45:42.784+0000] {logging_mixin.py:151} INFO - [2025-07-15T01:45:42.784+0000] {dagbag.py:539} INFO - Filling up the DagBag from /opt/airflow/dags/jobs_dag.py
[2025-07-15T01:45:42.793+0000] {logging_mixin.py:151} INFO - [2025-07-15T01:45:42.791+0000] {dagbag.py:347} ERROR - Failed to import: /opt/airflow/dags/jobs_dag.py
Traceback (most recent call last):
  File "/home/airflow/.local/lib/python3.8/site-packages/airflow/models/dagbag.py", line 343, in parse
    loader.exec_module(new_module)
  File "<frozen importlib._bootstrap_external>", line 839, in exec_module
  File "<frozen importlib._bootstrap_external>", line 976, in get_code
  File "<frozen importlib._bootstrap_external>", line 906, in source_to_code
  File "<frozen importlib._bootstrap>", line 219, in _call_with_frames_removed
  File "/opt/airflow/dags/jobs_dag.py", line 60
    'dag_id_3': {'schedule_interval': None, "start_date": datetime(2025 7, 11)}}
                                                                        ^
SyntaxError: invalid syntax
[2025-07-15T01:45:42.794+0000] {processor.py:841} WARNING - No viable dags retrieved from /opt/airflow/dags/jobs_dag.py
[2025-07-15T01:45:42.821+0000] {processor.py:179} INFO - Processing /opt/airflow/dags/jobs_dag.py took 0.045 seconds
[2025-07-15T01:46:13.004+0000] {processor.py:157} INFO - Started process (PID=198) to work on /opt/airflow/dags/jobs_dag.py
[2025-07-15T01:46:13.006+0000] {processor.py:829} INFO - Processing file /opt/airflow/dags/jobs_dag.py for tasks to queue
[2025-07-15T01:46:13.008+0000] {logging_mixin.py:151} INFO - [2025-07-15T01:46:13.008+0000] {dagbag.py:539} INFO - Filling up the DagBag from /opt/airflow/dags/jobs_dag.py
[2025-07-15T01:46:13.017+0000] {logging_mixin.py:151} INFO - [2025-07-15T01:46:13.015+0000] {dagbag.py:347} ERROR - Failed to import: /opt/airflow/dags/jobs_dag.py
Traceback (most recent call last):
  File "/home/airflow/.local/lib/python3.8/site-packages/airflow/models/dagbag.py", line 343, in parse
    loader.exec_module(new_module)
  File "<frozen importlib._bootstrap_external>", line 839, in exec_module
  File "<frozen importlib._bootstrap_external>", line 976, in get_code
  File "<frozen importlib._bootstrap_external>", line 906, in source_to_code
  File "<frozen importlib._bootstrap>", line 219, in _call_with_frames_removed
  File "/opt/airflow/dags/jobs_dag.py", line 60
    'dag_id_3': {'schedule_interval': None, "start_date": datetime(2025 7, 11)}}
                                                                        ^
SyntaxError: invalid syntax
[2025-07-15T01:46:13.018+0000] {processor.py:841} WARNING - No viable dags retrieved from /opt/airflow/dags/jobs_dag.py
[2025-07-15T01:46:13.049+0000] {processor.py:179} INFO - Processing /opt/airflow/dags/jobs_dag.py took 0.054 seconds
[2025-07-15T01:49:56.304+0000] {processor.py:157} INFO - Started process (PID=179) to work on /opt/airflow/dags/jobs_dag.py
[2025-07-15T01:49:56.306+0000] {processor.py:829} INFO - Processing file /opt/airflow/dags/jobs_dag.py for tasks to queue
[2025-07-15T01:49:56.308+0000] {logging_mixin.py:151} INFO - [2025-07-15T01:49:56.308+0000] {dagbag.py:539} INFO - Filling up the DagBag from /opt/airflow/dags/jobs_dag.py
[2025-07-15T01:49:56.319+0000] {logging_mixin.py:151} INFO - [2025-07-15T01:49:56.318+0000] {dagbag.py:347} ERROR - Failed to import: /opt/airflow/dags/jobs_dag.py
Traceback (most recent call last):
  File "/home/airflow/.local/lib/python3.8/site-packages/airflow/models/dagbag.py", line 343, in parse
    loader.exec_module(new_module)
  File "<frozen importlib._bootstrap_external>", line 839, in exec_module
  File "<frozen importlib._bootstrap_external>", line 976, in get_code
  File "<frozen importlib._bootstrap_external>", line 906, in source_to_code
  File "<frozen importlib._bootstrap>", line 219, in _call_with_frames_removed
  File "/opt/airflow/dags/jobs_dag.py", line 80
    start = DummyOperator(task_id='start')
    ^
IndentationError: expected an indented block
[2025-07-15T01:49:56.320+0000] {processor.py:841} WARNING - No viable dags retrieved from /opt/airflow/dags/jobs_dag.py
[2025-07-15T01:49:56.345+0000] {processor.py:179} INFO - Processing /opt/airflow/dags/jobs_dag.py took 0.046 seconds
[2025-07-15T01:50:26.527+0000] {processor.py:157} INFO - Started process (PID=191) to work on /opt/airflow/dags/jobs_dag.py
[2025-07-15T01:50:26.528+0000] {processor.py:829} INFO - Processing file /opt/airflow/dags/jobs_dag.py for tasks to queue
[2025-07-15T01:50:26.529+0000] {logging_mixin.py:151} INFO - [2025-07-15T01:50:26.529+0000] {dagbag.py:539} INFO - Filling up the DagBag from /opt/airflow/dags/jobs_dag.py
[2025-07-15T01:50:26.535+0000] {logging_mixin.py:151} INFO - [2025-07-15T01:50:26.534+0000] {dagbag.py:347} ERROR - Failed to import: /opt/airflow/dags/jobs_dag.py
Traceback (most recent call last):
  File "/home/airflow/.local/lib/python3.8/site-packages/airflow/models/dagbag.py", line 343, in parse
    loader.exec_module(new_module)
  File "<frozen importlib._bootstrap_external>", line 839, in exec_module
  File "<frozen importlib._bootstrap_external>", line 976, in get_code
  File "<frozen importlib._bootstrap_external>", line 906, in source_to_code
  File "<frozen importlib._bootstrap>", line 219, in _call_with_frames_removed
  File "/opt/airflow/dags/jobs_dag.py", line 80
    start = DummyOperator(task_id='start')
    ^
IndentationError: expected an indented block
[2025-07-15T01:50:26.536+0000] {processor.py:841} WARNING - No viable dags retrieved from /opt/airflow/dags/jobs_dag.py
[2025-07-15T01:50:26.559+0000] {processor.py:179} INFO - Processing /opt/airflow/dags/jobs_dag.py took 0.035 seconds
[2025-07-15T01:50:48.672+0000] {processor.py:157} INFO - Started process (PID=203) to work on /opt/airflow/dags/jobs_dag.py
[2025-07-15T01:50:48.673+0000] {processor.py:829} INFO - Processing file /opt/airflow/dags/jobs_dag.py for tasks to queue
[2025-07-15T01:50:48.674+0000] {logging_mixin.py:151} INFO - [2025-07-15T01:50:48.674+0000] {dagbag.py:539} INFO - Filling up the DagBag from /opt/airflow/dags/jobs_dag.py
[2025-07-15T01:50:48.686+0000] {logging_mixin.py:151} INFO - [2025-07-15T01:50:48.684+0000] {dagbag.py:347} ERROR - Failed to import: /opt/airflow/dags/jobs_dag.py
Traceback (most recent call last):
  File "/home/airflow/.local/lib/python3.8/site-packages/airflow/models/dagbag.py", line 343, in parse
    loader.exec_module(new_module)
  File "<frozen importlib._bootstrap_external>", line 843, in exec_module
  File "<frozen importlib._bootstrap>", line 219, in _call_with_frames_removed
  File "/opt/airflow/dags/jobs_dag.py", line 80, in <module>
    start = DummyOperator(task_id='start')
NameError: name 'DummyOperator' is not defined
[2025-07-15T01:50:48.687+0000] {processor.py:841} WARNING - No viable dags retrieved from /opt/airflow/dags/jobs_dag.py
[2025-07-15T01:50:48.709+0000] {processor.py:179} INFO - Processing /opt/airflow/dags/jobs_dag.py took 0.041 seconds
[2025-07-15T01:51:50.439+0000] {processor.py:157} INFO - Started process (PID=186) to work on /opt/airflow/dags/jobs_dag.py
[2025-07-15T01:51:50.440+0000] {processor.py:829} INFO - Processing file /opt/airflow/dags/jobs_dag.py for tasks to queue
[2025-07-15T01:51:50.443+0000] {logging_mixin.py:151} INFO - [2025-07-15T01:51:50.443+0000] {dagbag.py:539} INFO - Filling up the DagBag from /opt/airflow/dags/jobs_dag.py
[2025-07-15T01:51:50.466+0000] {logging_mixin.py:151} INFO - [2025-07-15T01:51:50.459+0000] {dagbag.py:347} ERROR - Failed to import: /opt/airflow/dags/jobs_dag.py
Traceback (most recent call last):
  File "/home/airflow/.local/lib/python3.8/site-packages/airflow/models/dagbag.py", line 343, in parse
    loader.exec_module(new_module)
  File "<frozen importlib._bootstrap_external>", line 843, in exec_module
  File "<frozen importlib._bootstrap>", line 219, in _call_with_frames_removed
  File "/opt/airflow/dags/jobs_dag.py", line 80, in <module>
    start = DummyOperator(task_id='start')
NameError: name 'DummyOperator' is not defined
[2025-07-15T01:51:50.468+0000] {processor.py:841} WARNING - No viable dags retrieved from /opt/airflow/dags/jobs_dag.py
[2025-07-15T01:51:50.488+0000] {processor.py:179} INFO - Processing /opt/airflow/dags/jobs_dag.py took 0.053 seconds
[2025-07-15T01:52:20.658+0000] {processor.py:157} INFO - Started process (PID=198) to work on /opt/airflow/dags/jobs_dag.py
[2025-07-15T01:52:20.659+0000] {processor.py:829} INFO - Processing file /opt/airflow/dags/jobs_dag.py for tasks to queue
[2025-07-15T01:52:20.660+0000] {logging_mixin.py:151} INFO - [2025-07-15T01:52:20.659+0000] {dagbag.py:539} INFO - Filling up the DagBag from /opt/airflow/dags/jobs_dag.py
[2025-07-15T01:52:20.670+0000] {logging_mixin.py:151} INFO - [2025-07-15T01:52:20.668+0000] {dagbag.py:347} ERROR - Failed to import: /opt/airflow/dags/jobs_dag.py
Traceback (most recent call last):
  File "/home/airflow/.local/lib/python3.8/site-packages/airflow/models/dagbag.py", line 343, in parse
    loader.exec_module(new_module)
  File "<frozen importlib._bootstrap_external>", line 843, in exec_module
  File "<frozen importlib._bootstrap>", line 219, in _call_with_frames_removed
  File "/opt/airflow/dags/jobs_dag.py", line 80, in <module>
    start = DummyOperator(task_id='start')
NameError: name 'DummyOperator' is not defined
[2025-07-15T01:52:20.671+0000] {processor.py:841} WARNING - No viable dags retrieved from /opt/airflow/dags/jobs_dag.py
[2025-07-15T01:52:20.693+0000] {processor.py:179} INFO - Processing /opt/airflow/dags/jobs_dag.py took 0.039 seconds
[2025-07-15T01:52:50.868+0000] {processor.py:157} INFO - Started process (PID=210) to work on /opt/airflow/dags/jobs_dag.py
[2025-07-15T01:52:50.869+0000] {processor.py:829} INFO - Processing file /opt/airflow/dags/jobs_dag.py for tasks to queue
[2025-07-15T01:52:50.870+0000] {logging_mixin.py:151} INFO - [2025-07-15T01:52:50.870+0000] {dagbag.py:539} INFO - Filling up the DagBag from /opt/airflow/dags/jobs_dag.py
[2025-07-15T01:52:50.882+0000] {logging_mixin.py:151} INFO - [2025-07-15T01:52:50.880+0000] {dagbag.py:347} ERROR - Failed to import: /opt/airflow/dags/jobs_dag.py
Traceback (most recent call last):
  File "/home/airflow/.local/lib/python3.8/site-packages/airflow/models/dagbag.py", line 343, in parse
    loader.exec_module(new_module)
  File "<frozen importlib._bootstrap_external>", line 843, in exec_module
  File "<frozen importlib._bootstrap>", line 219, in _call_with_frames_removed
  File "/opt/airflow/dags/jobs_dag.py", line 80, in <module>
    start = DummyOperator(task_id='start')
NameError: name 'DummyOperator' is not defined
[2025-07-15T01:52:50.883+0000] {processor.py:841} WARNING - No viable dags retrieved from /opt/airflow/dags/jobs_dag.py
[2025-07-15T01:52:50.907+0000] {processor.py:179} INFO - Processing /opt/airflow/dags/jobs_dag.py took 0.044 seconds
[2025-07-15T01:52:53.938+0000] {processor.py:157} INFO - Started process (PID=222) to work on /opt/airflow/dags/jobs_dag.py
[2025-07-15T01:52:53.941+0000] {processor.py:829} INFO - Processing file /opt/airflow/dags/jobs_dag.py for tasks to queue
[2025-07-15T01:52:53.942+0000] {logging_mixin.py:151} INFO - [2025-07-15T01:52:53.942+0000] {dagbag.py:539} INFO - Filling up the DagBag from /opt/airflow/dags/jobs_dag.py
[2025-07-15T01:52:53.976+0000] {processor.py:839} INFO - DAG(s) dict_keys(['dag_id_3', 'dag_id_1', 'dag_id_2']) retrieved from /opt/airflow/dags/jobs_dag.py
[2025-07-15T01:52:54.319+0000] {logging_mixin.py:151} INFO - [2025-07-15T01:52:54.318+0000] {manager.py:499} INFO - Created Permission View: %s
[2025-07-15T01:52:54.330+0000] {logging_mixin.py:151} INFO - [2025-07-15T01:52:54.330+0000] {manager.py:499} INFO - Created Permission View: %s
[2025-07-15T01:52:54.340+0000] {logging_mixin.py:151} INFO - [2025-07-15T01:52:54.339+0000] {manager.py:499} INFO - Created Permission View: %s
[2025-07-15T01:52:54.340+0000] {logging_mixin.py:151} INFO - [2025-07-15T01:52:54.340+0000] {security.py:708} INFO - Not syncing DAG-level permissions for DAG 'DAG:dag_id_3' as access control is unset.
[2025-07-15T01:52:54.354+0000] {logging_mixin.py:151} INFO - [2025-07-15T01:52:54.354+0000] {manager.py:499} INFO - Created Permission View: %s
[2025-07-15T01:52:54.361+0000] {logging_mixin.py:151} INFO - [2025-07-15T01:52:54.361+0000] {manager.py:499} INFO - Created Permission View: %s
[2025-07-15T01:52:54.370+0000] {logging_mixin.py:151} INFO - [2025-07-15T01:52:54.370+0000] {manager.py:499} INFO - Created Permission View: %s
[2025-07-15T01:52:54.370+0000] {logging_mixin.py:151} INFO - [2025-07-15T01:52:54.370+0000] {security.py:708} INFO - Not syncing DAG-level permissions for DAG 'DAG:dag_id_1' as access control is unset.
[2025-07-15T01:52:54.385+0000] {logging_mixin.py:151} INFO - [2025-07-15T01:52:54.385+0000] {manager.py:499} INFO - Created Permission View: %s
[2025-07-15T01:52:54.392+0000] {logging_mixin.py:151} INFO - [2025-07-15T01:52:54.392+0000] {manager.py:499} INFO - Created Permission View: %s
[2025-07-15T01:52:54.400+0000] {logging_mixin.py:151} INFO - [2025-07-15T01:52:54.400+0000] {manager.py:499} INFO - Created Permission View: %s
[2025-07-15T01:52:54.401+0000] {logging_mixin.py:151} INFO - [2025-07-15T01:52:54.401+0000] {security.py:708} INFO - Not syncing DAG-level permissions for DAG 'DAG:dag_id_2' as access control is unset.
[2025-07-15T01:52:54.401+0000] {logging_mixin.py:151} INFO - [2025-07-15T01:52:54.401+0000] {dag.py:2915} INFO - Sync 3 DAGs
[2025-07-15T01:52:54.413+0000] {logging_mixin.py:151} INFO - [2025-07-15T01:52:54.413+0000] {dag.py:2937} INFO - Creating ORM DAG for dag_id_2
[2025-07-15T01:52:54.414+0000] {logging_mixin.py:151} INFO - [2025-07-15T01:52:54.414+0000] {dag.py:2937} INFO - Creating ORM DAG for dag_id_3
[2025-07-15T01:52:54.415+0000] {logging_mixin.py:151} INFO - [2025-07-15T01:52:54.414+0000] {dag.py:2937} INFO - Creating ORM DAG for dag_id_1
[2025-07-15T01:52:54.415+0000] {logging_mixin.py:151} INFO - [2025-07-15T01:52:54.415+0000] {dag.py:3696} INFO - Setting next_dagrun for dag_id_1 to None, run_after=None
[2025-07-15T01:52:54.416+0000] {logging_mixin.py:151} INFO - [2025-07-15T01:52:54.416+0000] {dag.py:3696} INFO - Setting next_dagrun for dag_id_2 to None, run_after=None
[2025-07-15T01:52:54.417+0000] {logging_mixin.py:151} INFO - [2025-07-15T01:52:54.416+0000] {dag.py:3696} INFO - Setting next_dagrun for dag_id_3 to None, run_after=None
[2025-07-15T01:52:54.444+0000] {processor.py:179} INFO - Processing /opt/airflow/dags/jobs_dag.py took 0.510 seconds
[2025-07-15T01:53:24.654+0000] {processor.py:157} INFO - Started process (PID=234) to work on /opt/airflow/dags/jobs_dag.py
[2025-07-15T01:53:24.655+0000] {processor.py:829} INFO - Processing file /opt/airflow/dags/jobs_dag.py for tasks to queue
[2025-07-15T01:53:24.656+0000] {logging_mixin.py:151} INFO - [2025-07-15T01:53:24.656+0000] {dagbag.py:539} INFO - Filling up the DagBag from /opt/airflow/dags/jobs_dag.py
[2025-07-15T01:53:24.671+0000] {processor.py:839} INFO - DAG(s) dict_keys(['dag_id_2', 'dag_id_3', 'dag_id_1']) retrieved from /opt/airflow/dags/jobs_dag.py
[2025-07-15T01:53:24.710+0000] {logging_mixin.py:151} INFO - [2025-07-15T01:53:24.709+0000] {dag.py:2915} INFO - Sync 3 DAGs
[2025-07-15T01:53:24.725+0000] {logging_mixin.py:151} INFO - [2025-07-15T01:53:24.725+0000] {dag.py:3696} INFO - Setting next_dagrun for dag_id_1 to None, run_after=None
[2025-07-15T01:53:24.730+0000] {logging_mixin.py:151} INFO - [2025-07-15T01:53:24.730+0000] {dag.py:3696} INFO - Setting next_dagrun for dag_id_2 to None, run_after=None
[2025-07-15T01:53:24.738+0000] {logging_mixin.py:151} INFO - [2025-07-15T01:53:24.738+0000] {dag.py:3696} INFO - Setting next_dagrun for dag_id_3 to None, run_after=None
[2025-07-15T01:53:24.778+0000] {processor.py:179} INFO - Processing /opt/airflow/dags/jobs_dag.py took 0.129 seconds
