[2025-07-31T19:40:04.170+0000] {taskinstance.py:1157} INFO - Dependencies all met for dep_context=non-requeueable deps ti=<TaskInstance: postgres_pipeline_example.create_table manual__2025-07-31T19:39:59.409292+00:00 [queued]>
[2025-07-31T19:40:04.183+0000] {taskinstance.py:1157} INFO - Dependencies all met for dep_context=requeueable deps ti=<TaskInstance: postgres_pipeline_example.create_table manual__2025-07-31T19:39:59.409292+00:00 [queued]>
[2025-07-31T19:40:04.183+0000] {taskinstance.py:1359} INFO - Starting attempt 1 of 1
[2025-07-31T19:40:04.197+0000] {taskinstance.py:1380} INFO - Executing <Task(PostgresOperator): create_table> on 2025-07-31 19:39:59.409292+00:00
[2025-07-31T19:40:04.201+0000] {standard_task_runner.py:57} INFO - Started process 244 to run task
[2025-07-31T19:40:04.204+0000] {standard_task_runner.py:84} INFO - Running: ['***', 'tasks', 'run', 'postgres_pipeline_example', 'create_table', 'manual__2025-07-31T19:39:59.409292+00:00', '--job-id', '4', '--raw', '--subdir', 'DAGS_FOLDER/jobs_dag.py', '--cfg-path', '/tmp/tmpdchc9_mj']
[2025-07-31T19:40:04.208+0000] {standard_task_runner.py:85} INFO - Job 4: Subtask create_table
[2025-07-31T19:40:04.263+0000] {task_command.py:415} INFO - Running <TaskInstance: postgres_pipeline_example.create_table manual__2025-07-31T19:39:59.409292+00:00 [running]> on host b94da10d01d0
[2025-07-31T19:40:04.346+0000] {taskinstance.py:1660} INFO - Exporting env vars: AIRFLOW_CTX_DAG_OWNER='***' AIRFLOW_CTX_DAG_ID='postgres_pipeline_example' AIRFLOW_CTX_TASK_ID='create_table' AIRFLOW_CTX_EXECUTION_DATE='2025-07-31T19:39:59.409292+00:00' AIRFLOW_CTX_TRY_NUMBER='1' AIRFLOW_CTX_DAG_RUN_ID='manual__2025-07-31T19:39:59.409292+00:00'
[2025-07-31T19:40:04.348+0000] {sql.py:274} INFO - Executing: 
            CREATE TABLE IF NOT EXISTS user_processing_data (
                custom_id INTEGER NOT NULL,
                user_name VARCHAR(50) NOT NULL,
                timestamp TIMESTAMP NOT NULL
            );
        
[2025-07-31T19:40:04.356+0000] {base.py:73} INFO - Using connection ID 'postgres_default' for task execution.
[2025-07-31T19:40:04.365+0000] {base.py:73} INFO - Using connection ID 'postgres_default' for task execution.
[2025-07-31T19:40:04.369+0000] {sql.py:418} INFO - Running statement: 
            CREATE TABLE IF NOT EXISTS user_processing_data (
                custom_id INTEGER NOT NULL,
                user_name VARCHAR(50) NOT NULL,
                timestamp TIMESTAMP NOT NULL
            );
        , parameters: None
[2025-07-31T19:40:04.380+0000] {taskinstance.py:1398} INFO - Marking task as SUCCESS. dag_id=postgres_pipeline_example, task_id=create_table, execution_date=20250731T193959, start_date=20250731T194004, end_date=20250731T194004
[2025-07-31T19:40:04.426+0000] {local_task_job_runner.py:228} INFO - Task exited with return code 0
[2025-07-31T19:40:04.452+0000] {taskinstance.py:2776} INFO - 1 downstream tasks scheduled from follow-on schedule check
