[2025-07-31T19:15:51.469+0000] {processor.py:157} INFO - Started process (PID=186) to work on /opt/airflow/dags/jobs_dag.py
[2025-07-31T19:15:51.472+0000] {processor.py:829} INFO - Processing file /opt/airflow/dags/jobs_dag.py for tasks to queue
[2025-07-31T19:15:51.474+0000] {logging_mixin.py:151} INFO - [2025-07-31T19:15:51.473+0000] {dagbag.py:539} INFO - Filling up the DagBag from /opt/airflow/dags/jobs_dag.py
[2025-07-31T19:15:51.513+0000] {processor.py:839} INFO - DAG(s) dict_keys(['postgres_pipeline_example']) retrieved from /opt/airflow/dags/jobs_dag.py
[2025-07-31T19:15:52.070+0000] {logging_mixin.py:151} INFO - [2025-07-31T19:15:52.070+0000] {manager.py:499} INFO - Created Permission View: %s
[2025-07-31T19:15:52.084+0000] {logging_mixin.py:151} INFO - [2025-07-31T19:15:52.084+0000] {manager.py:499} INFO - Created Permission View: %s
[2025-07-31T19:15:52.093+0000] {logging_mixin.py:151} INFO - [2025-07-31T19:15:52.093+0000] {manager.py:499} INFO - Created Permission View: %s
[2025-07-31T19:15:52.093+0000] {logging_mixin.py:151} INFO - [2025-07-31T19:15:52.093+0000] {security.py:708} INFO - Not syncing DAG-level permissions for DAG 'DAG:postgres_pipeline_example' as access control is unset.
[2025-07-31T19:15:52.094+0000] {logging_mixin.py:151} INFO - [2025-07-31T19:15:52.094+0000] {dag.py:2915} INFO - Sync 1 DAGs
[2025-07-31T19:15:52.106+0000] {logging_mixin.py:151} INFO - [2025-07-31T19:15:52.106+0000] {dag.py:2937} INFO - Creating ORM DAG for postgres_pipeline_example
[2025-07-31T19:15:52.107+0000] {logging_mixin.py:151} INFO - [2025-07-31T19:15:52.107+0000] {dag.py:3696} INFO - Setting next_dagrun for postgres_pipeline_example to None, run_after=None
[2025-07-31T19:15:52.131+0000] {processor.py:179} INFO - Processing /opt/airflow/dags/jobs_dag.py took 0.671 seconds
[2025-07-31T19:16:22.273+0000] {processor.py:157} INFO - Started process (PID=204) to work on /opt/airflow/dags/jobs_dag.py
[2025-07-31T19:16:22.275+0000] {processor.py:829} INFO - Processing file /opt/airflow/dags/jobs_dag.py for tasks to queue
[2025-07-31T19:16:22.276+0000] {logging_mixin.py:151} INFO - [2025-07-31T19:16:22.276+0000] {dagbag.py:539} INFO - Filling up the DagBag from /opt/airflow/dags/jobs_dag.py
[2025-07-31T19:16:22.295+0000] {processor.py:839} INFO - DAG(s) dict_keys(['postgres_pipeline_example']) retrieved from /opt/airflow/dags/jobs_dag.py
[2025-07-31T19:16:22.332+0000] {logging_mixin.py:151} INFO - [2025-07-31T19:16:22.332+0000] {dag.py:2915} INFO - Sync 1 DAGs
[2025-07-31T19:16:22.551+0000] {logging_mixin.py:151} INFO - [2025-07-31T19:16:22.550+0000] {dag.py:3696} INFO - Setting next_dagrun for postgres_pipeline_example to None, run_after=None
[2025-07-31T19:16:22.582+0000] {processor.py:179} INFO - Processing /opt/airflow/dags/jobs_dag.py took 0.317 seconds
[2025-07-31T19:16:52.826+0000] {processor.py:157} INFO - Started process (PID=221) to work on /opt/airflow/dags/jobs_dag.py
[2025-07-31T19:16:52.827+0000] {processor.py:829} INFO - Processing file /opt/airflow/dags/jobs_dag.py for tasks to queue
[2025-07-31T19:16:52.828+0000] {logging_mixin.py:151} INFO - [2025-07-31T19:16:52.828+0000] {dagbag.py:539} INFO - Filling up the DagBag from /opt/airflow/dags/jobs_dag.py
[2025-07-31T19:16:52.843+0000] {processor.py:839} INFO - DAG(s) dict_keys(['postgres_pipeline_example']) retrieved from /opt/airflow/dags/jobs_dag.py
[2025-07-31T19:16:53.047+0000] {logging_mixin.py:151} INFO - [2025-07-31T19:16:53.046+0000] {dag.py:2915} INFO - Sync 1 DAGs
[2025-07-31T19:16:53.066+0000] {logging_mixin.py:151} INFO - [2025-07-31T19:16:53.066+0000] {dag.py:3696} INFO - Setting next_dagrun for postgres_pipeline_example to None, run_after=None
[2025-07-31T19:16:53.091+0000] {processor.py:179} INFO - Processing /opt/airflow/dags/jobs_dag.py took 0.269 seconds
[2025-07-31T19:17:23.319+0000] {processor.py:157} INFO - Started process (PID=238) to work on /opt/airflow/dags/jobs_dag.py
[2025-07-31T19:17:23.320+0000] {processor.py:829} INFO - Processing file /opt/airflow/dags/jobs_dag.py for tasks to queue
[2025-07-31T19:17:23.322+0000] {logging_mixin.py:151} INFO - [2025-07-31T19:17:23.321+0000] {dagbag.py:539} INFO - Filling up the DagBag from /opt/airflow/dags/jobs_dag.py
[2025-07-31T19:17:23.494+0000] {processor.py:839} INFO - DAG(s) dict_keys(['postgres_pipeline_example']) retrieved from /opt/airflow/dags/jobs_dag.py
[2025-07-31T19:17:23.525+0000] {logging_mixin.py:151} INFO - [2025-07-31T19:17:23.525+0000] {dag.py:2915} INFO - Sync 1 DAGs
[2025-07-31T19:17:23.543+0000] {logging_mixin.py:151} INFO - [2025-07-31T19:17:23.543+0000] {dag.py:3696} INFO - Setting next_dagrun for postgres_pipeline_example to None, run_after=None
[2025-07-31T19:17:23.569+0000] {processor.py:179} INFO - Processing /opt/airflow/dags/jobs_dag.py took 0.255 seconds
[2025-07-31T19:17:53.790+0000] {processor.py:157} INFO - Started process (PID=255) to work on /opt/airflow/dags/jobs_dag.py
[2025-07-31T19:17:53.792+0000] {processor.py:829} INFO - Processing file /opt/airflow/dags/jobs_dag.py for tasks to queue
[2025-07-31T19:17:53.793+0000] {logging_mixin.py:151} INFO - [2025-07-31T19:17:53.792+0000] {dagbag.py:539} INFO - Filling up the DagBag from /opt/airflow/dags/jobs_dag.py
[2025-07-31T19:17:53.808+0000] {processor.py:839} INFO - DAG(s) dict_keys(['postgres_pipeline_example']) retrieved from /opt/airflow/dags/jobs_dag.py
[2025-07-31T19:17:53.837+0000] {logging_mixin.py:151} INFO - [2025-07-31T19:17:53.837+0000] {dag.py:2915} INFO - Sync 1 DAGs
[2025-07-31T19:17:53.852+0000] {logging_mixin.py:151} INFO - [2025-07-31T19:17:53.851+0000] {dag.py:3696} INFO - Setting next_dagrun for postgres_pipeline_example to None, run_after=None
[2025-07-31T19:17:53.875+0000] {processor.py:179} INFO - Processing /opt/airflow/dags/jobs_dag.py took 0.090 seconds
[2025-07-31T19:18:24.091+0000] {processor.py:157} INFO - Started process (PID=272) to work on /opt/airflow/dags/jobs_dag.py
[2025-07-31T19:18:24.092+0000] {processor.py:829} INFO - Processing file /opt/airflow/dags/jobs_dag.py for tasks to queue
[2025-07-31T19:18:24.093+0000] {logging_mixin.py:151} INFO - [2025-07-31T19:18:24.093+0000] {dagbag.py:539} INFO - Filling up the DagBag from /opt/airflow/dags/jobs_dag.py
[2025-07-31T19:18:24.109+0000] {processor.py:839} INFO - DAG(s) dict_keys(['postgres_pipeline_example']) retrieved from /opt/airflow/dags/jobs_dag.py
[2025-07-31T19:18:24.138+0000] {logging_mixin.py:151} INFO - [2025-07-31T19:18:24.137+0000] {dag.py:2915} INFO - Sync 1 DAGs
[2025-07-31T19:18:24.153+0000] {logging_mixin.py:151} INFO - [2025-07-31T19:18:24.152+0000] {dag.py:3696} INFO - Setting next_dagrun for postgres_pipeline_example to None, run_after=None
[2025-07-31T19:18:24.174+0000] {processor.py:179} INFO - Processing /opt/airflow/dags/jobs_dag.py took 0.088 seconds
[2025-07-31T19:18:54.383+0000] {processor.py:157} INFO - Started process (PID=289) to work on /opt/airflow/dags/jobs_dag.py
[2025-07-31T19:18:54.384+0000] {processor.py:829} INFO - Processing file /opt/airflow/dags/jobs_dag.py for tasks to queue
[2025-07-31T19:18:54.385+0000] {logging_mixin.py:151} INFO - [2025-07-31T19:18:54.385+0000] {dagbag.py:539} INFO - Filling up the DagBag from /opt/airflow/dags/jobs_dag.py
[2025-07-31T19:18:54.404+0000] {processor.py:839} INFO - DAG(s) dict_keys(['postgres_pipeline_example']) retrieved from /opt/airflow/dags/jobs_dag.py
[2025-07-31T19:18:54.433+0000] {logging_mixin.py:151} INFO - [2025-07-31T19:18:54.433+0000] {dag.py:2915} INFO - Sync 1 DAGs
[2025-07-31T19:18:54.448+0000] {logging_mixin.py:151} INFO - [2025-07-31T19:18:54.448+0000] {dag.py:3696} INFO - Setting next_dagrun for postgres_pipeline_example to None, run_after=None
[2025-07-31T19:18:54.468+0000] {processor.py:179} INFO - Processing /opt/airflow/dags/jobs_dag.py took 0.091 seconds
[2025-07-31T19:19:24.695+0000] {processor.py:157} INFO - Started process (PID=306) to work on /opt/airflow/dags/jobs_dag.py
[2025-07-31T19:19:24.697+0000] {processor.py:829} INFO - Processing file /opt/airflow/dags/jobs_dag.py for tasks to queue
[2025-07-31T19:19:24.698+0000] {logging_mixin.py:151} INFO - [2025-07-31T19:19:24.698+0000] {dagbag.py:539} INFO - Filling up the DagBag from /opt/airflow/dags/jobs_dag.py
[2025-07-31T19:19:24.716+0000] {processor.py:839} INFO - DAG(s) dict_keys(['postgres_pipeline_example']) retrieved from /opt/airflow/dags/jobs_dag.py
[2025-07-31T19:19:24.745+0000] {logging_mixin.py:151} INFO - [2025-07-31T19:19:24.744+0000] {dag.py:2915} INFO - Sync 1 DAGs
[2025-07-31T19:19:24.760+0000] {logging_mixin.py:151} INFO - [2025-07-31T19:19:24.759+0000] {dag.py:3696} INFO - Setting next_dagrun for postgres_pipeline_example to None, run_after=None
[2025-07-31T19:19:24.781+0000] {processor.py:179} INFO - Processing /opt/airflow/dags/jobs_dag.py took 0.090 seconds
[2025-07-31T19:19:55.013+0000] {processor.py:157} INFO - Started process (PID=323) to work on /opt/airflow/dags/jobs_dag.py
[2025-07-31T19:19:55.014+0000] {processor.py:829} INFO - Processing file /opt/airflow/dags/jobs_dag.py for tasks to queue
[2025-07-31T19:19:55.015+0000] {logging_mixin.py:151} INFO - [2025-07-31T19:19:55.015+0000] {dagbag.py:539} INFO - Filling up the DagBag from /opt/airflow/dags/jobs_dag.py
[2025-07-31T19:19:55.032+0000] {processor.py:839} INFO - DAG(s) dict_keys(['postgres_pipeline_example']) retrieved from /opt/airflow/dags/jobs_dag.py
[2025-07-31T19:19:55.060+0000] {logging_mixin.py:151} INFO - [2025-07-31T19:19:55.060+0000] {dag.py:2915} INFO - Sync 1 DAGs
[2025-07-31T19:19:55.076+0000] {logging_mixin.py:151} INFO - [2025-07-31T19:19:55.076+0000] {dag.py:3696} INFO - Setting next_dagrun for postgres_pipeline_example to None, run_after=None
[2025-07-31T19:19:55.103+0000] {processor.py:179} INFO - Processing /opt/airflow/dags/jobs_dag.py took 0.095 seconds
[2025-07-31T19:20:25.327+0000] {processor.py:157} INFO - Started process (PID=340) to work on /opt/airflow/dags/jobs_dag.py
[2025-07-31T19:20:25.328+0000] {processor.py:829} INFO - Processing file /opt/airflow/dags/jobs_dag.py for tasks to queue
[2025-07-31T19:20:25.329+0000] {logging_mixin.py:151} INFO - [2025-07-31T19:20:25.329+0000] {dagbag.py:539} INFO - Filling up the DagBag from /opt/airflow/dags/jobs_dag.py
[2025-07-31T19:20:25.347+0000] {processor.py:839} INFO - DAG(s) dict_keys(['postgres_pipeline_example']) retrieved from /opt/airflow/dags/jobs_dag.py
[2025-07-31T19:20:25.377+0000] {logging_mixin.py:151} INFO - [2025-07-31T19:20:25.377+0000] {dag.py:2915} INFO - Sync 1 DAGs
[2025-07-31T19:20:25.395+0000] {logging_mixin.py:151} INFO - [2025-07-31T19:20:25.395+0000] {dag.py:3696} INFO - Setting next_dagrun for postgres_pipeline_example to None, run_after=None
[2025-07-31T19:20:25.419+0000] {processor.py:179} INFO - Processing /opt/airflow/dags/jobs_dag.py took 0.098 seconds
[2025-07-31T19:20:55.665+0000] {processor.py:157} INFO - Started process (PID=357) to work on /opt/airflow/dags/jobs_dag.py
[2025-07-31T19:20:55.666+0000] {processor.py:829} INFO - Processing file /opt/airflow/dags/jobs_dag.py for tasks to queue
[2025-07-31T19:20:55.668+0000] {logging_mixin.py:151} INFO - [2025-07-31T19:20:55.667+0000] {dagbag.py:539} INFO - Filling up the DagBag from /opt/airflow/dags/jobs_dag.py
[2025-07-31T19:20:55.684+0000] {processor.py:839} INFO - DAG(s) dict_keys(['postgres_pipeline_example']) retrieved from /opt/airflow/dags/jobs_dag.py
[2025-07-31T19:20:55.712+0000] {logging_mixin.py:151} INFO - [2025-07-31T19:20:55.711+0000] {dag.py:2915} INFO - Sync 1 DAGs
[2025-07-31T19:20:55.728+0000] {logging_mixin.py:151} INFO - [2025-07-31T19:20:55.728+0000] {dag.py:3696} INFO - Setting next_dagrun for postgres_pipeline_example to None, run_after=None
[2025-07-31T19:20:55.753+0000] {processor.py:179} INFO - Processing /opt/airflow/dags/jobs_dag.py took 0.093 seconds
[2025-07-31T19:21:25.984+0000] {processor.py:157} INFO - Started process (PID=374) to work on /opt/airflow/dags/jobs_dag.py
[2025-07-31T19:21:25.986+0000] {processor.py:829} INFO - Processing file /opt/airflow/dags/jobs_dag.py for tasks to queue
[2025-07-31T19:21:25.988+0000] {logging_mixin.py:151} INFO - [2025-07-31T19:21:25.987+0000] {dagbag.py:539} INFO - Filling up the DagBag from /opt/airflow/dags/jobs_dag.py
[2025-07-31T19:21:26.006+0000] {processor.py:839} INFO - DAG(s) dict_keys(['postgres_pipeline_example']) retrieved from /opt/airflow/dags/jobs_dag.py
[2025-07-31T19:21:26.036+0000] {logging_mixin.py:151} INFO - [2025-07-31T19:21:26.036+0000] {dag.py:2915} INFO - Sync 1 DAGs
[2025-07-31T19:21:26.055+0000] {logging_mixin.py:151} INFO - [2025-07-31T19:21:26.055+0000] {dag.py:3696} INFO - Setting next_dagrun for postgres_pipeline_example to None, run_after=None
[2025-07-31T19:21:26.078+0000] {processor.py:179} INFO - Processing /opt/airflow/dags/jobs_dag.py took 0.099 seconds
[2025-07-31T19:21:56.298+0000] {processor.py:157} INFO - Started process (PID=391) to work on /opt/airflow/dags/jobs_dag.py
[2025-07-31T19:21:56.300+0000] {processor.py:829} INFO - Processing file /opt/airflow/dags/jobs_dag.py for tasks to queue
[2025-07-31T19:21:56.302+0000] {logging_mixin.py:151} INFO - [2025-07-31T19:21:56.301+0000] {dagbag.py:539} INFO - Filling up the DagBag from /opt/airflow/dags/jobs_dag.py
[2025-07-31T19:21:56.320+0000] {processor.py:839} INFO - DAG(s) dict_keys(['postgres_pipeline_example']) retrieved from /opt/airflow/dags/jobs_dag.py
[2025-07-31T19:21:56.354+0000] {logging_mixin.py:151} INFO - [2025-07-31T19:21:56.354+0000] {dag.py:2915} INFO - Sync 1 DAGs
[2025-07-31T19:21:56.377+0000] {logging_mixin.py:151} INFO - [2025-07-31T19:21:56.376+0000] {dag.py:3696} INFO - Setting next_dagrun for postgres_pipeline_example to None, run_after=None
[2025-07-31T19:21:56.421+0000] {processor.py:179} INFO - Processing /opt/airflow/dags/jobs_dag.py took 0.131 seconds
[2025-07-31T19:22:26.665+0000] {processor.py:157} INFO - Started process (PID=415) to work on /opt/airflow/dags/jobs_dag.py
[2025-07-31T19:22:26.666+0000] {processor.py:829} INFO - Processing file /opt/airflow/dags/jobs_dag.py for tasks to queue
[2025-07-31T19:22:26.668+0000] {logging_mixin.py:151} INFO - [2025-07-31T19:22:26.667+0000] {dagbag.py:539} INFO - Filling up the DagBag from /opt/airflow/dags/jobs_dag.py
[2025-07-31T19:22:26.683+0000] {processor.py:839} INFO - DAG(s) dict_keys(['postgres_pipeline_example']) retrieved from /opt/airflow/dags/jobs_dag.py
[2025-07-31T19:22:26.711+0000] {logging_mixin.py:151} INFO - [2025-07-31T19:22:26.710+0000] {dag.py:2915} INFO - Sync 1 DAGs
[2025-07-31T19:22:26.725+0000] {logging_mixin.py:151} INFO - [2025-07-31T19:22:26.725+0000] {dag.py:3696} INFO - Setting next_dagrun for postgres_pipeline_example to None, run_after=None
[2025-07-31T19:22:26.747+0000] {processor.py:179} INFO - Processing /opt/airflow/dags/jobs_dag.py took 0.087 seconds
[2025-07-31T19:22:56.970+0000] {processor.py:157} INFO - Started process (PID=432) to work on /opt/airflow/dags/jobs_dag.py
[2025-07-31T19:22:56.971+0000] {processor.py:829} INFO - Processing file /opt/airflow/dags/jobs_dag.py for tasks to queue
[2025-07-31T19:22:56.972+0000] {logging_mixin.py:151} INFO - [2025-07-31T19:22:56.972+0000] {dagbag.py:539} INFO - Filling up the DagBag from /opt/airflow/dags/jobs_dag.py
[2025-07-31T19:22:56.992+0000] {processor.py:839} INFO - DAG(s) dict_keys(['postgres_pipeline_example']) retrieved from /opt/airflow/dags/jobs_dag.py
[2025-07-31T19:22:57.025+0000] {logging_mixin.py:151} INFO - [2025-07-31T19:22:57.024+0000] {dag.py:2915} INFO - Sync 1 DAGs
[2025-07-31T19:22:57.041+0000] {logging_mixin.py:151} INFO - [2025-07-31T19:22:57.041+0000] {dag.py:3696} INFO - Setting next_dagrun for postgres_pipeline_example to None, run_after=None
[2025-07-31T19:22:57.066+0000] {processor.py:179} INFO - Processing /opt/airflow/dags/jobs_dag.py took 0.102 seconds
[2025-07-31T19:23:27.285+0000] {processor.py:157} INFO - Started process (PID=449) to work on /opt/airflow/dags/jobs_dag.py
[2025-07-31T19:23:27.286+0000] {processor.py:829} INFO - Processing file /opt/airflow/dags/jobs_dag.py for tasks to queue
[2025-07-31T19:23:27.288+0000] {logging_mixin.py:151} INFO - [2025-07-31T19:23:27.287+0000] {dagbag.py:539} INFO - Filling up the DagBag from /opt/airflow/dags/jobs_dag.py
[2025-07-31T19:23:27.307+0000] {processor.py:839} INFO - DAG(s) dict_keys(['postgres_pipeline_example']) retrieved from /opt/airflow/dags/jobs_dag.py
[2025-07-31T19:23:27.342+0000] {logging_mixin.py:151} INFO - [2025-07-31T19:23:27.341+0000] {dag.py:2915} INFO - Sync 1 DAGs
[2025-07-31T19:23:27.365+0000] {logging_mixin.py:151} INFO - [2025-07-31T19:23:27.365+0000] {dag.py:3696} INFO - Setting next_dagrun for postgres_pipeline_example to None, run_after=None
[2025-07-31T19:23:27.394+0000] {processor.py:179} INFO - Processing /opt/airflow/dags/jobs_dag.py took 0.115 seconds
[2025-07-31T19:23:57.626+0000] {processor.py:157} INFO - Started process (PID=466) to work on /opt/airflow/dags/jobs_dag.py
[2025-07-31T19:23:57.627+0000] {processor.py:829} INFO - Processing file /opt/airflow/dags/jobs_dag.py for tasks to queue
[2025-07-31T19:23:57.628+0000] {logging_mixin.py:151} INFO - [2025-07-31T19:23:57.628+0000] {dagbag.py:539} INFO - Filling up the DagBag from /opt/airflow/dags/jobs_dag.py
[2025-07-31T19:23:57.646+0000] {processor.py:839} INFO - DAG(s) dict_keys(['postgres_pipeline_example']) retrieved from /opt/airflow/dags/jobs_dag.py
[2025-07-31T19:23:57.681+0000] {logging_mixin.py:151} INFO - [2025-07-31T19:23:57.681+0000] {dag.py:2915} INFO - Sync 1 DAGs
[2025-07-31T19:23:57.701+0000] {logging_mixin.py:151} INFO - [2025-07-31T19:23:57.701+0000] {dag.py:3696} INFO - Setting next_dagrun for postgres_pipeline_example to None, run_after=None
[2025-07-31T19:23:57.730+0000] {processor.py:179} INFO - Processing /opt/airflow/dags/jobs_dag.py took 0.109 seconds
[2025-07-31T19:24:27.955+0000] {processor.py:157} INFO - Started process (PID=483) to work on /opt/airflow/dags/jobs_dag.py
[2025-07-31T19:24:27.956+0000] {processor.py:829} INFO - Processing file /opt/airflow/dags/jobs_dag.py for tasks to queue
[2025-07-31T19:24:27.958+0000] {logging_mixin.py:151} INFO - [2025-07-31T19:24:27.957+0000] {dagbag.py:539} INFO - Filling up the DagBag from /opt/airflow/dags/jobs_dag.py
[2025-07-31T19:24:27.977+0000] {processor.py:839} INFO - DAG(s) dict_keys(['postgres_pipeline_example']) retrieved from /opt/airflow/dags/jobs_dag.py
[2025-07-31T19:24:28.008+0000] {logging_mixin.py:151} INFO - [2025-07-31T19:24:28.008+0000] {dag.py:2915} INFO - Sync 1 DAGs
[2025-07-31T19:24:28.024+0000] {logging_mixin.py:151} INFO - [2025-07-31T19:24:28.024+0000] {dag.py:3696} INFO - Setting next_dagrun for postgres_pipeline_example to None, run_after=None
[2025-07-31T19:24:28.050+0000] {processor.py:179} INFO - Processing /opt/airflow/dags/jobs_dag.py took 0.099 seconds
[2025-07-31T19:24:58.278+0000] {processor.py:157} INFO - Started process (PID=506) to work on /opt/airflow/dags/jobs_dag.py
[2025-07-31T19:24:58.279+0000] {processor.py:829} INFO - Processing file /opt/airflow/dags/jobs_dag.py for tasks to queue
[2025-07-31T19:24:58.280+0000] {logging_mixin.py:151} INFO - [2025-07-31T19:24:58.280+0000] {dagbag.py:539} INFO - Filling up the DagBag from /opt/airflow/dags/jobs_dag.py
[2025-07-31T19:24:58.298+0000] {processor.py:839} INFO - DAG(s) dict_keys(['postgres_pipeline_example']) retrieved from /opt/airflow/dags/jobs_dag.py
[2025-07-31T19:24:58.326+0000] {logging_mixin.py:151} INFO - [2025-07-31T19:24:58.326+0000] {dag.py:2915} INFO - Sync 1 DAGs
[2025-07-31T19:24:58.342+0000] {logging_mixin.py:151} INFO - [2025-07-31T19:24:58.342+0000] {dag.py:3696} INFO - Setting next_dagrun for postgres_pipeline_example to None, run_after=None
[2025-07-31T19:24:58.364+0000] {processor.py:179} INFO - Processing /opt/airflow/dags/jobs_dag.py took 0.090 seconds
[2025-07-31T19:25:28.581+0000] {processor.py:157} INFO - Started process (PID=529) to work on /opt/airflow/dags/jobs_dag.py
[2025-07-31T19:25:28.583+0000] {processor.py:829} INFO - Processing file /opt/airflow/dags/jobs_dag.py for tasks to queue
[2025-07-31T19:25:28.584+0000] {logging_mixin.py:151} INFO - [2025-07-31T19:25:28.583+0000] {dagbag.py:539} INFO - Filling up the DagBag from /opt/airflow/dags/jobs_dag.py
[2025-07-31T19:25:28.600+0000] {processor.py:839} INFO - DAG(s) dict_keys(['postgres_pipeline_example']) retrieved from /opt/airflow/dags/jobs_dag.py
[2025-07-31T19:25:28.632+0000] {logging_mixin.py:151} INFO - [2025-07-31T19:25:28.632+0000] {dag.py:2915} INFO - Sync 1 DAGs
[2025-07-31T19:25:28.647+0000] {logging_mixin.py:151} INFO - [2025-07-31T19:25:28.647+0000] {dag.py:3696} INFO - Setting next_dagrun for postgres_pipeline_example to None, run_after=None
[2025-07-31T19:25:28.672+0000] {processor.py:179} INFO - Processing /opt/airflow/dags/jobs_dag.py took 0.095 seconds
[2025-07-31T19:25:58.925+0000] {processor.py:157} INFO - Started process (PID=564) to work on /opt/airflow/dags/jobs_dag.py
[2025-07-31T19:25:58.926+0000] {processor.py:829} INFO - Processing file /opt/airflow/dags/jobs_dag.py for tasks to queue
[2025-07-31T19:25:58.927+0000] {logging_mixin.py:151} INFO - [2025-07-31T19:25:58.926+0000] {dagbag.py:539} INFO - Filling up the DagBag from /opt/airflow/dags/jobs_dag.py
[2025-07-31T19:25:58.942+0000] {processor.py:839} INFO - DAG(s) dict_keys(['postgres_pipeline_example']) retrieved from /opt/airflow/dags/jobs_dag.py
[2025-07-31T19:25:58.968+0000] {logging_mixin.py:151} INFO - [2025-07-31T19:25:58.968+0000] {dag.py:2915} INFO - Sync 1 DAGs
[2025-07-31T19:25:58.982+0000] {logging_mixin.py:151} INFO - [2025-07-31T19:25:58.982+0000] {dag.py:3696} INFO - Setting next_dagrun for postgres_pipeline_example to None, run_after=None
[2025-07-31T19:25:59.003+0000] {processor.py:179} INFO - Processing /opt/airflow/dags/jobs_dag.py took 0.082 seconds
[2025-07-31T19:26:29.228+0000] {processor.py:157} INFO - Started process (PID=593) to work on /opt/airflow/dags/jobs_dag.py
[2025-07-31T19:26:29.229+0000] {processor.py:829} INFO - Processing file /opt/airflow/dags/jobs_dag.py for tasks to queue
[2025-07-31T19:26:29.230+0000] {logging_mixin.py:151} INFO - [2025-07-31T19:26:29.230+0000] {dagbag.py:539} INFO - Filling up the DagBag from /opt/airflow/dags/jobs_dag.py
[2025-07-31T19:26:29.246+0000] {processor.py:839} INFO - DAG(s) dict_keys(['postgres_pipeline_example']) retrieved from /opt/airflow/dags/jobs_dag.py
[2025-07-31T19:26:29.274+0000] {logging_mixin.py:151} INFO - [2025-07-31T19:26:29.273+0000] {dag.py:2915} INFO - Sync 1 DAGs
[2025-07-31T19:26:29.288+0000] {logging_mixin.py:151} INFO - [2025-07-31T19:26:29.287+0000] {dag.py:3696} INFO - Setting next_dagrun for postgres_pipeline_example to None, run_after=None
[2025-07-31T19:26:29.310+0000] {processor.py:179} INFO - Processing /opt/airflow/dags/jobs_dag.py took 0.086 seconds
[2025-07-31T19:26:59.529+0000] {processor.py:157} INFO - Started process (PID=610) to work on /opt/airflow/dags/jobs_dag.py
[2025-07-31T19:26:59.530+0000] {processor.py:829} INFO - Processing file /opt/airflow/dags/jobs_dag.py for tasks to queue
[2025-07-31T19:26:59.532+0000] {logging_mixin.py:151} INFO - [2025-07-31T19:26:59.531+0000] {dagbag.py:539} INFO - Filling up the DagBag from /opt/airflow/dags/jobs_dag.py
[2025-07-31T19:26:59.550+0000] {processor.py:839} INFO - DAG(s) dict_keys(['postgres_pipeline_example']) retrieved from /opt/airflow/dags/jobs_dag.py
[2025-07-31T19:26:59.587+0000] {logging_mixin.py:151} INFO - [2025-07-31T19:26:59.587+0000] {dag.py:2915} INFO - Sync 1 DAGs
[2025-07-31T19:26:59.609+0000] {logging_mixin.py:151} INFO - [2025-07-31T19:26:59.609+0000] {dag.py:3696} INFO - Setting next_dagrun for postgres_pipeline_example to None, run_after=None
[2025-07-31T19:26:59.640+0000] {processor.py:179} INFO - Processing /opt/airflow/dags/jobs_dag.py took 0.117 seconds
[2025-07-31T19:27:29.861+0000] {processor.py:157} INFO - Started process (PID=627) to work on /opt/airflow/dags/jobs_dag.py
[2025-07-31T19:27:29.862+0000] {processor.py:829} INFO - Processing file /opt/airflow/dags/jobs_dag.py for tasks to queue
[2025-07-31T19:27:29.864+0000] {logging_mixin.py:151} INFO - [2025-07-31T19:27:29.863+0000] {dagbag.py:539} INFO - Filling up the DagBag from /opt/airflow/dags/jobs_dag.py
[2025-07-31T19:27:29.880+0000] {processor.py:839} INFO - DAG(s) dict_keys(['postgres_pipeline_example']) retrieved from /opt/airflow/dags/jobs_dag.py
[2025-07-31T19:27:29.908+0000] {logging_mixin.py:151} INFO - [2025-07-31T19:27:29.908+0000] {dag.py:2915} INFO - Sync 1 DAGs
[2025-07-31T19:27:29.923+0000] {logging_mixin.py:151} INFO - [2025-07-31T19:27:29.922+0000] {dag.py:3696} INFO - Setting next_dagrun for postgres_pipeline_example to None, run_after=None
[2025-07-31T19:27:29.945+0000] {processor.py:179} INFO - Processing /opt/airflow/dags/jobs_dag.py took 0.089 seconds
[2025-07-31T19:28:00.178+0000] {processor.py:157} INFO - Started process (PID=644) to work on /opt/airflow/dags/jobs_dag.py
[2025-07-31T19:28:00.179+0000] {processor.py:829} INFO - Processing file /opt/airflow/dags/jobs_dag.py for tasks to queue
[2025-07-31T19:28:00.180+0000] {logging_mixin.py:151} INFO - [2025-07-31T19:28:00.180+0000] {dagbag.py:539} INFO - Filling up the DagBag from /opt/airflow/dags/jobs_dag.py
[2025-07-31T19:28:00.198+0000] {processor.py:839} INFO - DAG(s) dict_keys(['postgres_pipeline_example']) retrieved from /opt/airflow/dags/jobs_dag.py
[2025-07-31T19:28:00.227+0000] {logging_mixin.py:151} INFO - [2025-07-31T19:28:00.227+0000] {dag.py:2915} INFO - Sync 1 DAGs
[2025-07-31T19:28:00.242+0000] {logging_mixin.py:151} INFO - [2025-07-31T19:28:00.242+0000] {dag.py:3696} INFO - Setting next_dagrun for postgres_pipeline_example to None, run_after=None
[2025-07-31T19:28:00.266+0000] {processor.py:179} INFO - Processing /opt/airflow/dags/jobs_dag.py took 0.093 seconds
[2025-07-31T19:28:30.478+0000] {processor.py:157} INFO - Started process (PID=668) to work on /opt/airflow/dags/jobs_dag.py
[2025-07-31T19:28:30.480+0000] {processor.py:829} INFO - Processing file /opt/airflow/dags/jobs_dag.py for tasks to queue
[2025-07-31T19:28:30.481+0000] {logging_mixin.py:151} INFO - [2025-07-31T19:28:30.481+0000] {dagbag.py:539} INFO - Filling up the DagBag from /opt/airflow/dags/jobs_dag.py
[2025-07-31T19:28:30.499+0000] {processor.py:839} INFO - DAG(s) dict_keys(['postgres_pipeline_example']) retrieved from /opt/airflow/dags/jobs_dag.py
[2025-07-31T19:28:30.529+0000] {logging_mixin.py:151} INFO - [2025-07-31T19:28:30.528+0000] {dag.py:2915} INFO - Sync 1 DAGs
[2025-07-31T19:28:30.547+0000] {logging_mixin.py:151} INFO - [2025-07-31T19:28:30.547+0000] {dag.py:3696} INFO - Setting next_dagrun for postgres_pipeline_example to None, run_after=None
[2025-07-31T19:28:30.571+0000] {processor.py:179} INFO - Processing /opt/airflow/dags/jobs_dag.py took 0.098 seconds
[2025-07-31T19:29:00.780+0000] {processor.py:157} INFO - Started process (PID=691) to work on /opt/airflow/dags/jobs_dag.py
[2025-07-31T19:29:00.781+0000] {processor.py:829} INFO - Processing file /opt/airflow/dags/jobs_dag.py for tasks to queue
[2025-07-31T19:29:00.782+0000] {logging_mixin.py:151} INFO - [2025-07-31T19:29:00.782+0000] {dagbag.py:539} INFO - Filling up the DagBag from /opt/airflow/dags/jobs_dag.py
[2025-07-31T19:29:00.797+0000] {processor.py:839} INFO - DAG(s) dict_keys(['postgres_pipeline_example']) retrieved from /opt/airflow/dags/jobs_dag.py
[2025-07-31T19:29:00.825+0000] {logging_mixin.py:151} INFO - [2025-07-31T19:29:00.825+0000] {dag.py:2915} INFO - Sync 1 DAGs
[2025-07-31T19:29:00.841+0000] {logging_mixin.py:151} INFO - [2025-07-31T19:29:00.840+0000] {dag.py:3696} INFO - Setting next_dagrun for postgres_pipeline_example to None, run_after=None
[2025-07-31T19:29:00.862+0000] {processor.py:179} INFO - Processing /opt/airflow/dags/jobs_dag.py took 0.086 seconds
[2025-07-31T19:29:31.078+0000] {processor.py:157} INFO - Started process (PID=708) to work on /opt/airflow/dags/jobs_dag.py
[2025-07-31T19:29:31.079+0000] {processor.py:829} INFO - Processing file /opt/airflow/dags/jobs_dag.py for tasks to queue
[2025-07-31T19:29:31.080+0000] {logging_mixin.py:151} INFO - [2025-07-31T19:29:31.080+0000] {dagbag.py:539} INFO - Filling up the DagBag from /opt/airflow/dags/jobs_dag.py
[2025-07-31T19:29:31.097+0000] {processor.py:839} INFO - DAG(s) dict_keys(['postgres_pipeline_example']) retrieved from /opt/airflow/dags/jobs_dag.py
[2025-07-31T19:29:31.126+0000] {logging_mixin.py:151} INFO - [2025-07-31T19:29:31.125+0000] {dag.py:2915} INFO - Sync 1 DAGs
[2025-07-31T19:29:31.143+0000] {logging_mixin.py:151} INFO - [2025-07-31T19:29:31.143+0000] {dag.py:3696} INFO - Setting next_dagrun for postgres_pipeline_example to None, run_after=None
[2025-07-31T19:29:31.170+0000] {processor.py:179} INFO - Processing /opt/airflow/dags/jobs_dag.py took 0.096 seconds
[2025-07-31T19:30:01.383+0000] {processor.py:157} INFO - Started process (PID=725) to work on /opt/airflow/dags/jobs_dag.py
[2025-07-31T19:30:01.384+0000] {processor.py:829} INFO - Processing file /opt/airflow/dags/jobs_dag.py for tasks to queue
[2025-07-31T19:30:01.385+0000] {logging_mixin.py:151} INFO - [2025-07-31T19:30:01.385+0000] {dagbag.py:539} INFO - Filling up the DagBag from /opt/airflow/dags/jobs_dag.py
[2025-07-31T19:30:01.404+0000] {processor.py:839} INFO - DAG(s) dict_keys(['postgres_pipeline_example']) retrieved from /opt/airflow/dags/jobs_dag.py
[2025-07-31T19:30:01.434+0000] {logging_mixin.py:151} INFO - [2025-07-31T19:30:01.434+0000] {dag.py:2915} INFO - Sync 1 DAGs
[2025-07-31T19:30:01.450+0000] {logging_mixin.py:151} INFO - [2025-07-31T19:30:01.450+0000] {dag.py:3696} INFO - Setting next_dagrun for postgres_pipeline_example to None, run_after=None
[2025-07-31T19:30:01.471+0000] {processor.py:179} INFO - Processing /opt/airflow/dags/jobs_dag.py took 0.093 seconds
[2025-07-31T19:30:31.694+0000] {processor.py:157} INFO - Started process (PID=748) to work on /opt/airflow/dags/jobs_dag.py
[2025-07-31T19:30:31.696+0000] {processor.py:829} INFO - Processing file /opt/airflow/dags/jobs_dag.py for tasks to queue
[2025-07-31T19:30:31.697+0000] {logging_mixin.py:151} INFO - [2025-07-31T19:30:31.697+0000] {dagbag.py:539} INFO - Filling up the DagBag from /opt/airflow/dags/jobs_dag.py
[2025-07-31T19:30:31.716+0000] {processor.py:839} INFO - DAG(s) dict_keys(['postgres_pipeline_example']) retrieved from /opt/airflow/dags/jobs_dag.py
[2025-07-31T19:30:31.748+0000] {logging_mixin.py:151} INFO - [2025-07-31T19:30:31.748+0000] {dag.py:2915} INFO - Sync 1 DAGs
[2025-07-31T19:30:31.765+0000] {logging_mixin.py:151} INFO - [2025-07-31T19:30:31.765+0000] {dag.py:3696} INFO - Setting next_dagrun for postgres_pipeline_example to None, run_after=None
[2025-07-31T19:30:31.793+0000] {processor.py:179} INFO - Processing /opt/airflow/dags/jobs_dag.py took 0.103 seconds
[2025-07-31T19:31:01.900+0000] {processor.py:157} INFO - Started process (PID=765) to work on /opt/airflow/dags/jobs_dag.py
[2025-07-31T19:31:01.901+0000] {processor.py:829} INFO - Processing file /opt/airflow/dags/jobs_dag.py for tasks to queue
[2025-07-31T19:31:01.902+0000] {logging_mixin.py:151} INFO - [2025-07-31T19:31:01.902+0000] {dagbag.py:539} INFO - Filling up the DagBag from /opt/airflow/dags/jobs_dag.py
[2025-07-31T19:31:01.918+0000] {processor.py:839} INFO - DAG(s) dict_keys(['postgres_pipeline_example']) retrieved from /opt/airflow/dags/jobs_dag.py
[2025-07-31T19:31:01.946+0000] {logging_mixin.py:151} INFO - [2025-07-31T19:31:01.946+0000] {dag.py:2915} INFO - Sync 1 DAGs
[2025-07-31T19:31:01.963+0000] {logging_mixin.py:151} INFO - [2025-07-31T19:31:01.963+0000] {dag.py:3696} INFO - Setting next_dagrun for postgres_pipeline_example to None, run_after=None
[2025-07-31T19:31:01.987+0000] {processor.py:179} INFO - Processing /opt/airflow/dags/jobs_dag.py took 0.092 seconds
[2025-07-31T19:31:32.203+0000] {processor.py:157} INFO - Started process (PID=782) to work on /opt/airflow/dags/jobs_dag.py
[2025-07-31T19:31:32.205+0000] {processor.py:829} INFO - Processing file /opt/airflow/dags/jobs_dag.py for tasks to queue
[2025-07-31T19:31:32.206+0000] {logging_mixin.py:151} INFO - [2025-07-31T19:31:32.205+0000] {dagbag.py:539} INFO - Filling up the DagBag from /opt/airflow/dags/jobs_dag.py
[2025-07-31T19:31:32.223+0000] {processor.py:839} INFO - DAG(s) dict_keys(['postgres_pipeline_example']) retrieved from /opt/airflow/dags/jobs_dag.py
[2025-07-31T19:31:32.252+0000] {logging_mixin.py:151} INFO - [2025-07-31T19:31:32.251+0000] {dag.py:2915} INFO - Sync 1 DAGs
[2025-07-31T19:31:32.267+0000] {logging_mixin.py:151} INFO - [2025-07-31T19:31:32.267+0000] {dag.py:3696} INFO - Setting next_dagrun for postgres_pipeline_example to None, run_after=None
[2025-07-31T19:31:32.293+0000] {processor.py:179} INFO - Processing /opt/airflow/dags/jobs_dag.py took 0.096 seconds
[2025-07-31T19:32:02.518+0000] {processor.py:157} INFO - Started process (PID=799) to work on /opt/airflow/dags/jobs_dag.py
[2025-07-31T19:32:02.520+0000] {processor.py:829} INFO - Processing file /opt/airflow/dags/jobs_dag.py for tasks to queue
[2025-07-31T19:32:02.522+0000] {logging_mixin.py:151} INFO - [2025-07-31T19:32:02.521+0000] {dagbag.py:539} INFO - Filling up the DagBag from /opt/airflow/dags/jobs_dag.py
[2025-07-31T19:32:02.539+0000] {processor.py:839} INFO - DAG(s) dict_keys(['postgres_pipeline_example']) retrieved from /opt/airflow/dags/jobs_dag.py
[2025-07-31T19:32:02.567+0000] {logging_mixin.py:151} INFO - [2025-07-31T19:32:02.566+0000] {dag.py:2915} INFO - Sync 1 DAGs
[2025-07-31T19:32:02.582+0000] {logging_mixin.py:151} INFO - [2025-07-31T19:32:02.582+0000] {dag.py:3696} INFO - Setting next_dagrun for postgres_pipeline_example to None, run_after=None
[2025-07-31T19:32:02.606+0000] {processor.py:179} INFO - Processing /opt/airflow/dags/jobs_dag.py took 0.093 seconds
[2025-07-31T19:32:32.830+0000] {processor.py:157} INFO - Started process (PID=816) to work on /opt/airflow/dags/jobs_dag.py
[2025-07-31T19:32:32.832+0000] {processor.py:829} INFO - Processing file /opt/airflow/dags/jobs_dag.py for tasks to queue
[2025-07-31T19:32:32.833+0000] {logging_mixin.py:151} INFO - [2025-07-31T19:32:32.833+0000] {dagbag.py:539} INFO - Filling up the DagBag from /opt/airflow/dags/jobs_dag.py
[2025-07-31T19:32:32.851+0000] {processor.py:839} INFO - DAG(s) dict_keys(['postgres_pipeline_example']) retrieved from /opt/airflow/dags/jobs_dag.py
[2025-07-31T19:32:32.886+0000] {logging_mixin.py:151} INFO - [2025-07-31T19:32:32.886+0000] {dag.py:2915} INFO - Sync 1 DAGs
[2025-07-31T19:32:32.908+0000] {logging_mixin.py:151} INFO - [2025-07-31T19:32:32.908+0000] {dag.py:3696} INFO - Setting next_dagrun for postgres_pipeline_example to None, run_after=None
[2025-07-31T19:32:32.938+0000] {processor.py:179} INFO - Processing /opt/airflow/dags/jobs_dag.py took 0.113 seconds
[2025-07-31T19:33:03.154+0000] {processor.py:157} INFO - Started process (PID=841) to work on /opt/airflow/dags/jobs_dag.py
[2025-07-31T19:33:03.155+0000] {processor.py:829} INFO - Processing file /opt/airflow/dags/jobs_dag.py for tasks to queue
[2025-07-31T19:33:03.156+0000] {logging_mixin.py:151} INFO - [2025-07-31T19:33:03.156+0000] {dagbag.py:539} INFO - Filling up the DagBag from /opt/airflow/dags/jobs_dag.py
[2025-07-31T19:33:03.171+0000] {processor.py:839} INFO - DAG(s) dict_keys(['postgres_pipeline_example']) retrieved from /opt/airflow/dags/jobs_dag.py
[2025-07-31T19:33:03.200+0000] {logging_mixin.py:151} INFO - [2025-07-31T19:33:03.200+0000] {dag.py:2915} INFO - Sync 1 DAGs
[2025-07-31T19:33:03.219+0000] {logging_mixin.py:151} INFO - [2025-07-31T19:33:03.218+0000] {dag.py:3696} INFO - Setting next_dagrun for postgres_pipeline_example to None, run_after=None
[2025-07-31T19:33:03.247+0000] {processor.py:179} INFO - Processing /opt/airflow/dags/jobs_dag.py took 0.099 seconds
[2025-07-31T19:33:33.454+0000] {processor.py:157} INFO - Started process (PID=860) to work on /opt/airflow/dags/jobs_dag.py
[2025-07-31T19:33:33.455+0000] {processor.py:829} INFO - Processing file /opt/airflow/dags/jobs_dag.py for tasks to queue
[2025-07-31T19:33:33.456+0000] {logging_mixin.py:151} INFO - [2025-07-31T19:33:33.456+0000] {dagbag.py:539} INFO - Filling up the DagBag from /opt/airflow/dags/jobs_dag.py
[2025-07-31T19:33:33.473+0000] {processor.py:839} INFO - DAG(s) dict_keys(['postgres_pipeline_example']) retrieved from /opt/airflow/dags/jobs_dag.py
[2025-07-31T19:33:33.501+0000] {logging_mixin.py:151} INFO - [2025-07-31T19:33:33.501+0000] {dag.py:2915} INFO - Sync 1 DAGs
[2025-07-31T19:33:33.516+0000] {logging_mixin.py:151} INFO - [2025-07-31T19:33:33.516+0000] {dag.py:3696} INFO - Setting next_dagrun for postgres_pipeline_example to None, run_after=None
[2025-07-31T19:33:33.538+0000] {processor.py:179} INFO - Processing /opt/airflow/dags/jobs_dag.py took 0.089 seconds
[2025-07-31T19:34:03.754+0000] {processor.py:157} INFO - Started process (PID=885) to work on /opt/airflow/dags/jobs_dag.py
[2025-07-31T19:34:03.755+0000] {processor.py:829} INFO - Processing file /opt/airflow/dags/jobs_dag.py for tasks to queue
[2025-07-31T19:34:03.757+0000] {logging_mixin.py:151} INFO - [2025-07-31T19:34:03.756+0000] {dagbag.py:539} INFO - Filling up the DagBag from /opt/airflow/dags/jobs_dag.py
[2025-07-31T19:34:03.776+0000] {processor.py:839} INFO - DAG(s) dict_keys(['postgres_pipeline_example']) retrieved from /opt/airflow/dags/jobs_dag.py
[2025-07-31T19:34:03.806+0000] {logging_mixin.py:151} INFO - [2025-07-31T19:34:03.805+0000] {dag.py:2915} INFO - Sync 1 DAGs
[2025-07-31T19:34:03.821+0000] {logging_mixin.py:151} INFO - [2025-07-31T19:34:03.821+0000] {dag.py:3696} INFO - Setting next_dagrun for postgres_pipeline_example to None, run_after=None
[2025-07-31T19:34:03.849+0000] {processor.py:179} INFO - Processing /opt/airflow/dags/jobs_dag.py took 0.100 seconds
[2025-07-31T19:34:34.067+0000] {processor.py:157} INFO - Started process (PID=902) to work on /opt/airflow/dags/jobs_dag.py
[2025-07-31T19:34:34.068+0000] {processor.py:829} INFO - Processing file /opt/airflow/dags/jobs_dag.py for tasks to queue
[2025-07-31T19:34:34.070+0000] {logging_mixin.py:151} INFO - [2025-07-31T19:34:34.070+0000] {dagbag.py:539} INFO - Filling up the DagBag from /opt/airflow/dags/jobs_dag.py
[2025-07-31T19:34:34.087+0000] {processor.py:839} INFO - DAG(s) dict_keys(['postgres_pipeline_example']) retrieved from /opt/airflow/dags/jobs_dag.py
[2025-07-31T19:34:34.115+0000] {logging_mixin.py:151} INFO - [2025-07-31T19:34:34.115+0000] {dag.py:2915} INFO - Sync 1 DAGs
[2025-07-31T19:34:34.130+0000] {logging_mixin.py:151} INFO - [2025-07-31T19:34:34.129+0000] {dag.py:3696} INFO - Setting next_dagrun for postgres_pipeline_example to None, run_after=None
[2025-07-31T19:34:34.155+0000] {processor.py:179} INFO - Processing /opt/airflow/dags/jobs_dag.py took 0.092 seconds
[2025-07-31T19:35:04.377+0000] {processor.py:157} INFO - Started process (PID=919) to work on /opt/airflow/dags/jobs_dag.py
[2025-07-31T19:35:04.379+0000] {processor.py:829} INFO - Processing file /opt/airflow/dags/jobs_dag.py for tasks to queue
[2025-07-31T19:35:04.380+0000] {logging_mixin.py:151} INFO - [2025-07-31T19:35:04.379+0000] {dagbag.py:539} INFO - Filling up the DagBag from /opt/airflow/dags/jobs_dag.py
[2025-07-31T19:35:04.398+0000] {processor.py:839} INFO - DAG(s) dict_keys(['postgres_pipeline_example']) retrieved from /opt/airflow/dags/jobs_dag.py
[2025-07-31T19:35:04.426+0000] {logging_mixin.py:151} INFO - [2025-07-31T19:35:04.426+0000] {dag.py:2915} INFO - Sync 1 DAGs
[2025-07-31T19:35:04.445+0000] {logging_mixin.py:151} INFO - [2025-07-31T19:35:04.445+0000] {dag.py:3696} INFO - Setting next_dagrun for postgres_pipeline_example to None, run_after=None
[2025-07-31T19:35:04.465+0000] {processor.py:179} INFO - Processing /opt/airflow/dags/jobs_dag.py took 0.093 seconds
[2025-07-31T19:35:34.580+0000] {processor.py:157} INFO - Started process (PID=936) to work on /opt/airflow/dags/jobs_dag.py
[2025-07-31T19:35:34.581+0000] {processor.py:829} INFO - Processing file /opt/airflow/dags/jobs_dag.py for tasks to queue
[2025-07-31T19:35:34.583+0000] {logging_mixin.py:151} INFO - [2025-07-31T19:35:34.582+0000] {dagbag.py:539} INFO - Filling up the DagBag from /opt/airflow/dags/jobs_dag.py
[2025-07-31T19:35:34.597+0000] {processor.py:839} INFO - DAG(s) dict_keys(['postgres_pipeline_example']) retrieved from /opt/airflow/dags/jobs_dag.py
[2025-07-31T19:35:34.626+0000] {logging_mixin.py:151} INFO - [2025-07-31T19:35:34.626+0000] {dag.py:2915} INFO - Sync 1 DAGs
[2025-07-31T19:35:34.645+0000] {logging_mixin.py:151} INFO - [2025-07-31T19:35:34.645+0000] {dag.py:3696} INFO - Setting next_dagrun for postgres_pipeline_example to None, run_after=None
[2025-07-31T19:35:34.665+0000] {processor.py:179} INFO - Processing /opt/airflow/dags/jobs_dag.py took 0.090 seconds
[2025-07-31T19:36:04.904+0000] {processor.py:157} INFO - Started process (PID=953) to work on /opt/airflow/dags/jobs_dag.py
[2025-07-31T19:36:04.905+0000] {processor.py:829} INFO - Processing file /opt/airflow/dags/jobs_dag.py for tasks to queue
[2025-07-31T19:36:04.907+0000] {logging_mixin.py:151} INFO - [2025-07-31T19:36:04.906+0000] {dagbag.py:539} INFO - Filling up the DagBag from /opt/airflow/dags/jobs_dag.py
[2025-07-31T19:36:04.928+0000] {processor.py:839} INFO - DAG(s) dict_keys(['postgres_pipeline_example']) retrieved from /opt/airflow/dags/jobs_dag.py
[2025-07-31T19:36:04.964+0000] {logging_mixin.py:151} INFO - [2025-07-31T19:36:04.963+0000] {dag.py:2915} INFO - Sync 1 DAGs
[2025-07-31T19:36:04.983+0000] {logging_mixin.py:151} INFO - [2025-07-31T19:36:04.983+0000] {dag.py:3696} INFO - Setting next_dagrun for postgres_pipeline_example to None, run_after=None
[2025-07-31T19:36:05.015+0000] {processor.py:179} INFO - Processing /opt/airflow/dags/jobs_dag.py took 0.116 seconds
[2025-07-31T19:36:35.237+0000] {processor.py:157} INFO - Started process (PID=970) to work on /opt/airflow/dags/jobs_dag.py
[2025-07-31T19:36:35.239+0000] {processor.py:829} INFO - Processing file /opt/airflow/dags/jobs_dag.py for tasks to queue
[2025-07-31T19:36:35.240+0000] {logging_mixin.py:151} INFO - [2025-07-31T19:36:35.240+0000] {dagbag.py:539} INFO - Filling up the DagBag from /opt/airflow/dags/jobs_dag.py
[2025-07-31T19:36:35.258+0000] {processor.py:839} INFO - DAG(s) dict_keys(['postgres_pipeline_example']) retrieved from /opt/airflow/dags/jobs_dag.py
[2025-07-31T19:36:35.291+0000] {logging_mixin.py:151} INFO - [2025-07-31T19:36:35.290+0000] {dag.py:2915} INFO - Sync 1 DAGs
[2025-07-31T19:36:35.311+0000] {logging_mixin.py:151} INFO - [2025-07-31T19:36:35.311+0000] {dag.py:3696} INFO - Setting next_dagrun for postgres_pipeline_example to None, run_after=None
[2025-07-31T19:36:35.338+0000] {processor.py:179} INFO - Processing /opt/airflow/dags/jobs_dag.py took 0.106 seconds
[2025-07-31T19:36:53.485+0000] {processor.py:157} INFO - Started process (PID=980) to work on /opt/airflow/dags/jobs_dag.py
[2025-07-31T19:36:53.486+0000] {processor.py:829} INFO - Processing file /opt/airflow/dags/jobs_dag.py for tasks to queue
[2025-07-31T19:36:53.487+0000] {logging_mixin.py:151} INFO - [2025-07-31T19:36:53.487+0000] {dagbag.py:539} INFO - Filling up the DagBag from /opt/airflow/dags/jobs_dag.py
[2025-07-31T19:36:53.506+0000] {processor.py:839} INFO - DAG(s) dict_keys(['postgres_pipeline_example']) retrieved from /opt/airflow/dags/jobs_dag.py
[2025-07-31T19:36:53.618+0000] {logging_mixin.py:151} INFO - [2025-07-31T19:36:53.617+0000] {security.py:708} INFO - Not syncing DAG-level permissions for DAG 'DAG:postgres_pipeline_example' as access control is unset.
[2025-07-31T19:36:53.618+0000] {logging_mixin.py:151} INFO - [2025-07-31T19:36:53.618+0000] {dag.py:2915} INFO - Sync 1 DAGs
[2025-07-31T19:36:53.630+0000] {logging_mixin.py:151} INFO - [2025-07-31T19:36:53.629+0000] {dag.py:3696} INFO - Setting next_dagrun for postgres_pipeline_example to None, run_after=None
[2025-07-31T19:36:53.653+0000] {processor.py:179} INFO - Processing /opt/airflow/dags/jobs_dag.py took 0.172 seconds
[2025-07-31T19:37:23.697+0000] {processor.py:157} INFO - Started process (PID=997) to work on /opt/airflow/dags/jobs_dag.py
[2025-07-31T19:37:23.699+0000] {processor.py:829} INFO - Processing file /opt/airflow/dags/jobs_dag.py for tasks to queue
[2025-07-31T19:37:23.700+0000] {logging_mixin.py:151} INFO - [2025-07-31T19:37:23.700+0000] {dagbag.py:539} INFO - Filling up the DagBag from /opt/airflow/dags/jobs_dag.py
[2025-07-31T19:37:23.720+0000] {processor.py:839} INFO - DAG(s) dict_keys(['postgres_pipeline_example']) retrieved from /opt/airflow/dags/jobs_dag.py
[2025-07-31T19:37:23.876+0000] {logging_mixin.py:151} INFO - [2025-07-31T19:37:23.876+0000] {security.py:708} INFO - Not syncing DAG-level permissions for DAG 'DAG:postgres_pipeline_example' as access control is unset.
[2025-07-31T19:37:23.877+0000] {logging_mixin.py:151} INFO - [2025-07-31T19:37:23.877+0000] {dag.py:2915} INFO - Sync 1 DAGs
[2025-07-31T19:37:23.893+0000] {logging_mixin.py:151} INFO - [2025-07-31T19:37:23.893+0000] {dag.py:2937} INFO - Creating ORM DAG for postgres_pipeline_example
[2025-07-31T19:37:23.894+0000] {logging_mixin.py:151} INFO - [2025-07-31T19:37:23.894+0000] {dag.py:3696} INFO - Setting next_dagrun for postgres_pipeline_example to None, run_after=None
[2025-07-31T19:37:23.923+0000] {processor.py:179} INFO - Processing /opt/airflow/dags/jobs_dag.py took 0.230 seconds
[2025-07-31T19:37:54.128+0000] {processor.py:157} INFO - Started process (PID=1014) to work on /opt/airflow/dags/jobs_dag.py
[2025-07-31T19:37:54.129+0000] {processor.py:829} INFO - Processing file /opt/airflow/dags/jobs_dag.py for tasks to queue
[2025-07-31T19:37:54.130+0000] {logging_mixin.py:151} INFO - [2025-07-31T19:37:54.130+0000] {dagbag.py:539} INFO - Filling up the DagBag from /opt/airflow/dags/jobs_dag.py
[2025-07-31T19:37:54.145+0000] {processor.py:839} INFO - DAG(s) dict_keys(['postgres_pipeline_example']) retrieved from /opt/airflow/dags/jobs_dag.py
[2025-07-31T19:37:54.174+0000] {logging_mixin.py:151} INFO - [2025-07-31T19:37:54.174+0000] {dag.py:2915} INFO - Sync 1 DAGs
[2025-07-31T19:37:54.191+0000] {logging_mixin.py:151} INFO - [2025-07-31T19:37:54.191+0000] {dag.py:3696} INFO - Setting next_dagrun for postgres_pipeline_example to None, run_after=None
[2025-07-31T19:37:54.220+0000] {processor.py:179} INFO - Processing /opt/airflow/dags/jobs_dag.py took 0.096 seconds
[2025-07-31T19:38:53.757+0000] {processor.py:157} INFO - Started process (PID=186) to work on /opt/airflow/dags/jobs_dag.py
[2025-07-31T19:38:53.758+0000] {processor.py:829} INFO - Processing file /opt/airflow/dags/jobs_dag.py for tasks to queue
[2025-07-31T19:38:53.759+0000] {logging_mixin.py:151} INFO - [2025-07-31T19:38:53.759+0000] {dagbag.py:539} INFO - Filling up the DagBag from /opt/airflow/dags/jobs_dag.py
[2025-07-31T19:38:53.784+0000] {processor.py:839} INFO - DAG(s) dict_keys(['postgres_pipeline_example']) retrieved from /opt/airflow/dags/jobs_dag.py
[2025-07-31T19:38:54.188+0000] {logging_mixin.py:151} INFO - [2025-07-31T19:38:54.188+0000] {manager.py:499} INFO - Created Permission View: %s
[2025-07-31T19:38:54.201+0000] {logging_mixin.py:151} INFO - [2025-07-31T19:38:54.200+0000] {manager.py:499} INFO - Created Permission View: %s
[2025-07-31T19:38:54.211+0000] {logging_mixin.py:151} INFO - [2025-07-31T19:38:54.211+0000] {manager.py:499} INFO - Created Permission View: %s
[2025-07-31T19:38:54.212+0000] {logging_mixin.py:151} INFO - [2025-07-31T19:38:54.212+0000] {security.py:708} INFO - Not syncing DAG-level permissions for DAG 'DAG:postgres_pipeline_example' as access control is unset.
[2025-07-31T19:38:54.213+0000] {logging_mixin.py:151} INFO - [2025-07-31T19:38:54.212+0000] {dag.py:2915} INFO - Sync 1 DAGs
[2025-07-31T19:38:54.226+0000] {logging_mixin.py:151} INFO - [2025-07-31T19:38:54.226+0000] {dag.py:2937} INFO - Creating ORM DAG for postgres_pipeline_example
[2025-07-31T19:38:54.227+0000] {logging_mixin.py:151} INFO - [2025-07-31T19:38:54.227+0000] {dag.py:3696} INFO - Setting next_dagrun for postgres_pipeline_example to None, run_after=None
[2025-07-31T19:38:54.250+0000] {processor.py:179} INFO - Processing /opt/airflow/dags/jobs_dag.py took 0.497 seconds
[2025-07-31T19:39:24.416+0000] {processor.py:157} INFO - Started process (PID=203) to work on /opt/airflow/dags/jobs_dag.py
[2025-07-31T19:39:24.418+0000] {processor.py:829} INFO - Processing file /opt/airflow/dags/jobs_dag.py for tasks to queue
[2025-07-31T19:39:24.419+0000] {logging_mixin.py:151} INFO - [2025-07-31T19:39:24.419+0000] {dagbag.py:539} INFO - Filling up the DagBag from /opt/airflow/dags/jobs_dag.py
[2025-07-31T19:39:24.437+0000] {processor.py:839} INFO - DAG(s) dict_keys(['postgres_pipeline_example']) retrieved from /opt/airflow/dags/jobs_dag.py
[2025-07-31T19:39:24.466+0000] {logging_mixin.py:151} INFO - [2025-07-31T19:39:24.465+0000] {dag.py:2915} INFO - Sync 1 DAGs
[2025-07-31T19:39:24.602+0000] {logging_mixin.py:151} INFO - [2025-07-31T19:39:24.601+0000] {dag.py:3696} INFO - Setting next_dagrun for postgres_pipeline_example to None, run_after=None
[2025-07-31T19:39:24.629+0000] {processor.py:179} INFO - Processing /opt/airflow/dags/jobs_dag.py took 0.218 seconds
[2025-07-31T19:39:54.926+0000] {processor.py:157} INFO - Started process (PID=220) to work on /opt/airflow/dags/jobs_dag.py
[2025-07-31T19:39:54.927+0000] {processor.py:829} INFO - Processing file /opt/airflow/dags/jobs_dag.py for tasks to queue
[2025-07-31T19:39:54.928+0000] {logging_mixin.py:151} INFO - [2025-07-31T19:39:54.928+0000] {dagbag.py:539} INFO - Filling up the DagBag from /opt/airflow/dags/jobs_dag.py
[2025-07-31T19:39:54.942+0000] {processor.py:839} INFO - DAG(s) dict_keys(['postgres_pipeline_example']) retrieved from /opt/airflow/dags/jobs_dag.py
[2025-07-31T19:39:54.971+0000] {logging_mixin.py:151} INFO - [2025-07-31T19:39:54.971+0000] {dag.py:2915} INFO - Sync 1 DAGs
[2025-07-31T19:39:55.116+0000] {logging_mixin.py:151} INFO - [2025-07-31T19:39:55.115+0000] {dag.py:3696} INFO - Setting next_dagrun for postgres_pipeline_example to None, run_after=None
[2025-07-31T19:39:55.141+0000] {processor.py:179} INFO - Processing /opt/airflow/dags/jobs_dag.py took 0.220 seconds
[2025-07-31T19:40:25.404+0000] {processor.py:157} INFO - Started process (PID=247) to work on /opt/airflow/dags/jobs_dag.py
[2025-07-31T19:40:25.405+0000] {processor.py:829} INFO - Processing file /opt/airflow/dags/jobs_dag.py for tasks to queue
[2025-07-31T19:40:25.406+0000] {logging_mixin.py:151} INFO - [2025-07-31T19:40:25.406+0000] {dagbag.py:539} INFO - Filling up the DagBag from /opt/airflow/dags/jobs_dag.py
[2025-07-31T19:40:25.560+0000] {processor.py:839} INFO - DAG(s) dict_keys(['postgres_pipeline_example']) retrieved from /opt/airflow/dags/jobs_dag.py
[2025-07-31T19:40:25.590+0000] {logging_mixin.py:151} INFO - [2025-07-31T19:40:25.590+0000] {dag.py:2915} INFO - Sync 1 DAGs
[2025-07-31T19:40:25.604+0000] {logging_mixin.py:151} INFO - [2025-07-31T19:40:25.604+0000] {dag.py:3696} INFO - Setting next_dagrun for postgres_pipeline_example to None, run_after=None
[2025-07-31T19:40:25.628+0000] {processor.py:179} INFO - Processing /opt/airflow/dags/jobs_dag.py took 0.229 seconds
[2025-07-31T19:40:56.003+0000] {processor.py:157} INFO - Started process (PID=264) to work on /opt/airflow/dags/jobs_dag.py
[2025-07-31T19:40:56.004+0000] {processor.py:829} INFO - Processing file /opt/airflow/dags/jobs_dag.py for tasks to queue
[2025-07-31T19:40:56.005+0000] {logging_mixin.py:151} INFO - [2025-07-31T19:40:56.005+0000] {dagbag.py:539} INFO - Filling up the DagBag from /opt/airflow/dags/jobs_dag.py
[2025-07-31T19:40:56.023+0000] {processor.py:839} INFO - DAG(s) dict_keys(['postgres_pipeline_example']) retrieved from /opt/airflow/dags/jobs_dag.py
[2025-07-31T19:40:56.055+0000] {logging_mixin.py:151} INFO - [2025-07-31T19:40:56.055+0000] {dag.py:2915} INFO - Sync 1 DAGs
[2025-07-31T19:40:56.070+0000] {logging_mixin.py:151} INFO - [2025-07-31T19:40:56.069+0000] {dag.py:3696} INFO - Setting next_dagrun for postgres_pipeline_example to None, run_after=None
[2025-07-31T19:40:56.095+0000] {processor.py:179} INFO - Processing /opt/airflow/dags/jobs_dag.py took 0.097 seconds
[2025-07-31T19:41:26.317+0000] {processor.py:157} INFO - Started process (PID=291) to work on /opt/airflow/dags/jobs_dag.py
[2025-07-31T19:41:26.318+0000] {processor.py:829} INFO - Processing file /opt/airflow/dags/jobs_dag.py for tasks to queue
[2025-07-31T19:41:26.320+0000] {logging_mixin.py:151} INFO - [2025-07-31T19:41:26.319+0000] {dagbag.py:539} INFO - Filling up the DagBag from /opt/airflow/dags/jobs_dag.py
[2025-07-31T19:41:26.336+0000] {processor.py:839} INFO - DAG(s) dict_keys(['postgres_pipeline_example']) retrieved from /opt/airflow/dags/jobs_dag.py
[2025-07-31T19:41:26.371+0000] {logging_mixin.py:151} INFO - [2025-07-31T19:41:26.371+0000] {dag.py:2915} INFO - Sync 1 DAGs
[2025-07-31T19:41:26.388+0000] {logging_mixin.py:151} INFO - [2025-07-31T19:41:26.388+0000] {dag.py:3696} INFO - Setting next_dagrun for postgres_pipeline_example to None, run_after=None
[2025-07-31T19:41:26.416+0000] {processor.py:179} INFO - Processing /opt/airflow/dags/jobs_dag.py took 0.105 seconds
[2025-07-31T19:41:52.608+0000] {processor.py:157} INFO - Started process (PID=308) to work on /opt/airflow/dags/jobs_dag.py
[2025-07-31T19:41:52.609+0000] {processor.py:829} INFO - Processing file /opt/airflow/dags/jobs_dag.py for tasks to queue
[2025-07-31T19:41:52.610+0000] {logging_mixin.py:151} INFO - [2025-07-31T19:41:52.610+0000] {dagbag.py:539} INFO - Filling up the DagBag from /opt/airflow/dags/jobs_dag.py
[2025-07-31T19:41:52.629+0000] {processor.py:839} INFO - DAG(s) dict_keys(['postgres_pipeline_example']) retrieved from /opt/airflow/dags/jobs_dag.py
[2025-07-31T19:41:52.659+0000] {logging_mixin.py:151} INFO - [2025-07-31T19:41:52.659+0000] {dag.py:2915} INFO - Sync 1 DAGs
[2025-07-31T19:41:52.675+0000] {logging_mixin.py:151} INFO - [2025-07-31T19:41:52.675+0000] {dag.py:3696} INFO - Setting next_dagrun for postgres_pipeline_example to None, run_after=None
[2025-07-31T19:41:52.700+0000] {processor.py:179} INFO - Processing /opt/airflow/dags/jobs_dag.py took 0.096 seconds
[2025-07-31T19:42:22.917+0000] {processor.py:157} INFO - Started process (PID=325) to work on /opt/airflow/dags/jobs_dag.py
[2025-07-31T19:42:22.918+0000] {processor.py:829} INFO - Processing file /opt/airflow/dags/jobs_dag.py for tasks to queue
[2025-07-31T19:42:22.920+0000] {logging_mixin.py:151} INFO - [2025-07-31T19:42:22.919+0000] {dagbag.py:539} INFO - Filling up the DagBag from /opt/airflow/dags/jobs_dag.py
[2025-07-31T19:42:22.937+0000] {processor.py:839} INFO - DAG(s) dict_keys(['postgres_pipeline_example']) retrieved from /opt/airflow/dags/jobs_dag.py
[2025-07-31T19:42:22.966+0000] {logging_mixin.py:151} INFO - [2025-07-31T19:42:22.966+0000] {dag.py:2915} INFO - Sync 1 DAGs
[2025-07-31T19:42:22.982+0000] {logging_mixin.py:151} INFO - [2025-07-31T19:42:22.981+0000] {dag.py:3696} INFO - Setting next_dagrun for postgres_pipeline_example to None, run_after=None
[2025-07-31T19:42:23.002+0000] {processor.py:179} INFO - Processing /opt/airflow/dags/jobs_dag.py took 0.089 seconds
[2025-07-31T19:42:53.218+0000] {processor.py:157} INFO - Started process (PID=342) to work on /opt/airflow/dags/jobs_dag.py
[2025-07-31T19:42:53.219+0000] {processor.py:829} INFO - Processing file /opt/airflow/dags/jobs_dag.py for tasks to queue
[2025-07-31T19:42:53.220+0000] {logging_mixin.py:151} INFO - [2025-07-31T19:42:53.220+0000] {dagbag.py:539} INFO - Filling up the DagBag from /opt/airflow/dags/jobs_dag.py
[2025-07-31T19:42:53.239+0000] {processor.py:839} INFO - DAG(s) dict_keys(['postgres_pipeline_example']) retrieved from /opt/airflow/dags/jobs_dag.py
[2025-07-31T19:42:53.275+0000] {logging_mixin.py:151} INFO - [2025-07-31T19:42:53.275+0000] {dag.py:2915} INFO - Sync 1 DAGs
[2025-07-31T19:42:53.294+0000] {logging_mixin.py:151} INFO - [2025-07-31T19:42:53.294+0000] {dag.py:3696} INFO - Setting next_dagrun for postgres_pipeline_example to None, run_after=None
[2025-07-31T19:42:53.324+0000] {processor.py:179} INFO - Processing /opt/airflow/dags/jobs_dag.py took 0.111 seconds
[2025-07-31T19:43:23.544+0000] {processor.py:157} INFO - Started process (PID=359) to work on /opt/airflow/dags/jobs_dag.py
[2025-07-31T19:43:23.545+0000] {processor.py:829} INFO - Processing file /opt/airflow/dags/jobs_dag.py for tasks to queue
[2025-07-31T19:43:23.547+0000] {logging_mixin.py:151} INFO - [2025-07-31T19:43:23.546+0000] {dagbag.py:539} INFO - Filling up the DagBag from /opt/airflow/dags/jobs_dag.py
[2025-07-31T19:43:23.565+0000] {processor.py:839} INFO - DAG(s) dict_keys(['postgres_pipeline_example']) retrieved from /opt/airflow/dags/jobs_dag.py
[2025-07-31T19:43:23.601+0000] {logging_mixin.py:151} INFO - [2025-07-31T19:43:23.601+0000] {dag.py:2915} INFO - Sync 1 DAGs
[2025-07-31T19:43:23.621+0000] {logging_mixin.py:151} INFO - [2025-07-31T19:43:23.620+0000] {dag.py:3696} INFO - Setting next_dagrun for postgres_pipeline_example to None, run_after=None
[2025-07-31T19:43:23.651+0000] {processor.py:179} INFO - Processing /opt/airflow/dags/jobs_dag.py took 0.112 seconds
[2025-07-31T19:43:53.783+0000] {processor.py:157} INFO - Started process (PID=376) to work on /opt/airflow/dags/jobs_dag.py
[2025-07-31T19:43:53.784+0000] {processor.py:829} INFO - Processing file /opt/airflow/dags/jobs_dag.py for tasks to queue
[2025-07-31T19:43:53.785+0000] {logging_mixin.py:151} INFO - [2025-07-31T19:43:53.785+0000] {dagbag.py:539} INFO - Filling up the DagBag from /opt/airflow/dags/jobs_dag.py
[2025-07-31T19:43:53.805+0000] {processor.py:839} INFO - DAG(s) dict_keys(['postgres_pipeline_example']) retrieved from /opt/airflow/dags/jobs_dag.py
[2025-07-31T19:43:53.842+0000] {logging_mixin.py:151} INFO - [2025-07-31T19:43:53.842+0000] {dag.py:2915} INFO - Sync 1 DAGs
[2025-07-31T19:43:53.860+0000] {logging_mixin.py:151} INFO - [2025-07-31T19:43:53.860+0000] {dag.py:3696} INFO - Setting next_dagrun for postgres_pipeline_example to None, run_after=None
[2025-07-31T19:43:53.887+0000] {processor.py:179} INFO - Processing /opt/airflow/dags/jobs_dag.py took 0.109 seconds
[2025-07-31T19:44:24.113+0000] {processor.py:157} INFO - Started process (PID=393) to work on /opt/airflow/dags/jobs_dag.py
[2025-07-31T19:44:24.115+0000] {processor.py:829} INFO - Processing file /opt/airflow/dags/jobs_dag.py for tasks to queue
[2025-07-31T19:44:24.116+0000] {logging_mixin.py:151} INFO - [2025-07-31T19:44:24.116+0000] {dagbag.py:539} INFO - Filling up the DagBag from /opt/airflow/dags/jobs_dag.py
[2025-07-31T19:44:24.132+0000] {processor.py:839} INFO - DAG(s) dict_keys(['postgres_pipeline_example']) retrieved from /opt/airflow/dags/jobs_dag.py
[2025-07-31T19:44:24.162+0000] {logging_mixin.py:151} INFO - [2025-07-31T19:44:24.162+0000] {dag.py:2915} INFO - Sync 1 DAGs
[2025-07-31T19:44:24.179+0000] {logging_mixin.py:151} INFO - [2025-07-31T19:44:24.178+0000] {dag.py:3696} INFO - Setting next_dagrun for postgres_pipeline_example to None, run_after=None
[2025-07-31T19:44:24.199+0000] {processor.py:179} INFO - Processing /opt/airflow/dags/jobs_dag.py took 0.090 seconds
[2025-07-31T19:44:54.490+0000] {processor.py:157} INFO - Started process (PID=410) to work on /opt/airflow/dags/jobs_dag.py
[2025-07-31T19:44:54.491+0000] {processor.py:829} INFO - Processing file /opt/airflow/dags/jobs_dag.py for tasks to queue
[2025-07-31T19:44:54.493+0000] {logging_mixin.py:151} INFO - [2025-07-31T19:44:54.492+0000] {dagbag.py:539} INFO - Filling up the DagBag from /opt/airflow/dags/jobs_dag.py
[2025-07-31T19:44:54.510+0000] {processor.py:839} INFO - DAG(s) dict_keys(['postgres_pipeline_example']) retrieved from /opt/airflow/dags/jobs_dag.py
[2025-07-31T19:44:54.540+0000] {logging_mixin.py:151} INFO - [2025-07-31T19:44:54.540+0000] {dag.py:2915} INFO - Sync 1 DAGs
[2025-07-31T19:44:54.556+0000] {logging_mixin.py:151} INFO - [2025-07-31T19:44:54.556+0000] {dag.py:3696} INFO - Setting next_dagrun for postgres_pipeline_example to None, run_after=None
[2025-07-31T19:44:54.579+0000] {processor.py:179} INFO - Processing /opt/airflow/dags/jobs_dag.py took 0.094 seconds
[2025-07-31T19:45:24.811+0000] {processor.py:157} INFO - Started process (PID=427) to work on /opt/airflow/dags/jobs_dag.py
[2025-07-31T19:45:24.812+0000] {processor.py:829} INFO - Processing file /opt/airflow/dags/jobs_dag.py for tasks to queue
[2025-07-31T19:45:24.814+0000] {logging_mixin.py:151} INFO - [2025-07-31T19:45:24.813+0000] {dagbag.py:539} INFO - Filling up the DagBag from /opt/airflow/dags/jobs_dag.py
[2025-07-31T19:45:24.831+0000] {processor.py:839} INFO - DAG(s) dict_keys(['postgres_pipeline_example']) retrieved from /opt/airflow/dags/jobs_dag.py
[2025-07-31T19:45:24.860+0000] {logging_mixin.py:151} INFO - [2025-07-31T19:45:24.859+0000] {dag.py:2915} INFO - Sync 1 DAGs
[2025-07-31T19:45:24.874+0000] {logging_mixin.py:151} INFO - [2025-07-31T19:45:24.874+0000] {dag.py:3696} INFO - Setting next_dagrun for postgres_pipeline_example to None, run_after=None
[2025-07-31T19:45:24.901+0000] {processor.py:179} INFO - Processing /opt/airflow/dags/jobs_dag.py took 0.094 seconds
[2025-07-31T19:45:55.125+0000] {processor.py:157} INFO - Started process (PID=444) to work on /opt/airflow/dags/jobs_dag.py
[2025-07-31T19:45:55.127+0000] {processor.py:829} INFO - Processing file /opt/airflow/dags/jobs_dag.py for tasks to queue
[2025-07-31T19:45:55.128+0000] {logging_mixin.py:151} INFO - [2025-07-31T19:45:55.127+0000] {dagbag.py:539} INFO - Filling up the DagBag from /opt/airflow/dags/jobs_dag.py
[2025-07-31T19:45:55.143+0000] {processor.py:839} INFO - DAG(s) dict_keys(['postgres_pipeline_example']) retrieved from /opt/airflow/dags/jobs_dag.py
[2025-07-31T19:45:55.176+0000] {logging_mixin.py:151} INFO - [2025-07-31T19:45:55.176+0000] {dag.py:2915} INFO - Sync 1 DAGs
[2025-07-31T19:45:55.191+0000] {logging_mixin.py:151} INFO - [2025-07-31T19:45:55.191+0000] {dag.py:3696} INFO - Setting next_dagrun for postgres_pipeline_example to None, run_after=None
[2025-07-31T19:45:55.212+0000] {processor.py:179} INFO - Processing /opt/airflow/dags/jobs_dag.py took 0.091 seconds
[2025-07-31T19:46:25.429+0000] {processor.py:157} INFO - Started process (PID=461) to work on /opt/airflow/dags/jobs_dag.py
[2025-07-31T19:46:25.430+0000] {processor.py:829} INFO - Processing file /opt/airflow/dags/jobs_dag.py for tasks to queue
[2025-07-31T19:46:25.432+0000] {logging_mixin.py:151} INFO - [2025-07-31T19:46:25.431+0000] {dagbag.py:539} INFO - Filling up the DagBag from /opt/airflow/dags/jobs_dag.py
[2025-07-31T19:46:25.450+0000] {processor.py:839} INFO - DAG(s) dict_keys(['postgres_pipeline_example']) retrieved from /opt/airflow/dags/jobs_dag.py
[2025-07-31T19:46:25.487+0000] {logging_mixin.py:151} INFO - [2025-07-31T19:46:25.486+0000] {dag.py:2915} INFO - Sync 1 DAGs
[2025-07-31T19:46:25.507+0000] {logging_mixin.py:151} INFO - [2025-07-31T19:46:25.507+0000] {dag.py:3696} INFO - Setting next_dagrun for postgres_pipeline_example to None, run_after=None
[2025-07-31T19:46:25.537+0000] {processor.py:179} INFO - Processing /opt/airflow/dags/jobs_dag.py took 0.114 seconds
[2025-07-31T19:46:55.770+0000] {processor.py:157} INFO - Started process (PID=478) to work on /opt/airflow/dags/jobs_dag.py
[2025-07-31T19:46:55.771+0000] {processor.py:829} INFO - Processing file /opt/airflow/dags/jobs_dag.py for tasks to queue
[2025-07-31T19:46:55.772+0000] {logging_mixin.py:151} INFO - [2025-07-31T19:46:55.772+0000] {dagbag.py:539} INFO - Filling up the DagBag from /opt/airflow/dags/jobs_dag.py
[2025-07-31T19:46:55.786+0000] {processor.py:839} INFO - DAG(s) dict_keys(['postgres_pipeline_example']) retrieved from /opt/airflow/dags/jobs_dag.py
[2025-07-31T19:46:55.815+0000] {logging_mixin.py:151} INFO - [2025-07-31T19:46:55.815+0000] {dag.py:2915} INFO - Sync 1 DAGs
[2025-07-31T19:46:55.830+0000] {logging_mixin.py:151} INFO - [2025-07-31T19:46:55.829+0000] {dag.py:3696} INFO - Setting next_dagrun for postgres_pipeline_example to None, run_after=None
[2025-07-31T19:46:55.851+0000] {processor.py:179} INFO - Processing /opt/airflow/dags/jobs_dag.py took 0.085 seconds
[2025-07-31T19:47:26.133+0000] {processor.py:157} INFO - Started process (PID=495) to work on /opt/airflow/dags/jobs_dag.py
[2025-07-31T19:47:26.134+0000] {processor.py:829} INFO - Processing file /opt/airflow/dags/jobs_dag.py for tasks to queue
[2025-07-31T19:47:26.135+0000] {logging_mixin.py:151} INFO - [2025-07-31T19:47:26.135+0000] {dagbag.py:539} INFO - Filling up the DagBag from /opt/airflow/dags/jobs_dag.py
[2025-07-31T19:47:26.150+0000] {processor.py:839} INFO - DAG(s) dict_keys(['postgres_pipeline_example']) retrieved from /opt/airflow/dags/jobs_dag.py
[2025-07-31T19:47:26.178+0000] {logging_mixin.py:151} INFO - [2025-07-31T19:47:26.178+0000] {dag.py:2915} INFO - Sync 1 DAGs
[2025-07-31T19:47:26.193+0000] {logging_mixin.py:151} INFO - [2025-07-31T19:47:26.193+0000] {dag.py:3696} INFO - Setting next_dagrun for postgres_pipeline_example to None, run_after=None
[2025-07-31T19:47:26.214+0000] {processor.py:179} INFO - Processing /opt/airflow/dags/jobs_dag.py took 0.085 seconds
[2025-07-31T19:47:56.429+0000] {processor.py:157} INFO - Started process (PID=512) to work on /opt/airflow/dags/jobs_dag.py
[2025-07-31T19:47:56.430+0000] {processor.py:829} INFO - Processing file /opt/airflow/dags/jobs_dag.py for tasks to queue
[2025-07-31T19:47:56.431+0000] {logging_mixin.py:151} INFO - [2025-07-31T19:47:56.431+0000] {dagbag.py:539} INFO - Filling up the DagBag from /opt/airflow/dags/jobs_dag.py
[2025-07-31T19:47:56.446+0000] {processor.py:839} INFO - DAG(s) dict_keys(['postgres_pipeline_example']) retrieved from /opt/airflow/dags/jobs_dag.py
[2025-07-31T19:47:56.477+0000] {logging_mixin.py:151} INFO - [2025-07-31T19:47:56.477+0000] {dag.py:2915} INFO - Sync 1 DAGs
[2025-07-31T19:47:56.491+0000] {logging_mixin.py:151} INFO - [2025-07-31T19:47:56.491+0000] {dag.py:3696} INFO - Setting next_dagrun for postgres_pipeline_example to None, run_after=None
[2025-07-31T19:47:56.513+0000] {processor.py:179} INFO - Processing /opt/airflow/dags/jobs_dag.py took 0.088 seconds
[2025-07-31T19:48:26.724+0000] {processor.py:157} INFO - Started process (PID=529) to work on /opt/airflow/dags/jobs_dag.py
[2025-07-31T19:48:26.726+0000] {processor.py:829} INFO - Processing file /opt/airflow/dags/jobs_dag.py for tasks to queue
[2025-07-31T19:48:26.727+0000] {logging_mixin.py:151} INFO - [2025-07-31T19:48:26.726+0000] {dagbag.py:539} INFO - Filling up the DagBag from /opt/airflow/dags/jobs_dag.py
[2025-07-31T19:48:26.745+0000] {processor.py:839} INFO - DAG(s) dict_keys(['postgres_pipeline_example']) retrieved from /opt/airflow/dags/jobs_dag.py
[2025-07-31T19:48:26.780+0000] {logging_mixin.py:151} INFO - [2025-07-31T19:48:26.780+0000] {dag.py:2915} INFO - Sync 1 DAGs
[2025-07-31T19:48:26.797+0000] {logging_mixin.py:151} INFO - [2025-07-31T19:48:26.797+0000] {dag.py:3696} INFO - Setting next_dagrun for postgres_pipeline_example to None, run_after=None
[2025-07-31T19:48:26.824+0000] {processor.py:179} INFO - Processing /opt/airflow/dags/jobs_dag.py took 0.104 seconds
[2025-07-31T19:48:57.066+0000] {processor.py:157} INFO - Started process (PID=546) to work on /opt/airflow/dags/jobs_dag.py
[2025-07-31T19:48:57.068+0000] {processor.py:829} INFO - Processing file /opt/airflow/dags/jobs_dag.py for tasks to queue
[2025-07-31T19:48:57.069+0000] {logging_mixin.py:151} INFO - [2025-07-31T19:48:57.068+0000] {dagbag.py:539} INFO - Filling up the DagBag from /opt/airflow/dags/jobs_dag.py
[2025-07-31T19:48:57.084+0000] {processor.py:839} INFO - DAG(s) dict_keys(['postgres_pipeline_example']) retrieved from /opt/airflow/dags/jobs_dag.py
[2025-07-31T19:48:57.113+0000] {logging_mixin.py:151} INFO - [2025-07-31T19:48:57.112+0000] {dag.py:2915} INFO - Sync 1 DAGs
[2025-07-31T19:48:57.127+0000] {logging_mixin.py:151} INFO - [2025-07-31T19:48:57.127+0000] {dag.py:3696} INFO - Setting next_dagrun for postgres_pipeline_example to None, run_after=None
[2025-07-31T19:48:57.148+0000] {processor.py:179} INFO - Processing /opt/airflow/dags/jobs_dag.py took 0.086 seconds
[2025-07-31T19:49:27.360+0000] {processor.py:157} INFO - Started process (PID=563) to work on /opt/airflow/dags/jobs_dag.py
[2025-07-31T19:49:27.361+0000] {processor.py:829} INFO - Processing file /opt/airflow/dags/jobs_dag.py for tasks to queue
[2025-07-31T19:49:27.363+0000] {logging_mixin.py:151} INFO - [2025-07-31T19:49:27.363+0000] {dagbag.py:539} INFO - Filling up the DagBag from /opt/airflow/dags/jobs_dag.py
[2025-07-31T19:49:27.383+0000] {processor.py:839} INFO - DAG(s) dict_keys(['postgres_pipeline_example']) retrieved from /opt/airflow/dags/jobs_dag.py
[2025-07-31T19:49:27.420+0000] {logging_mixin.py:151} INFO - [2025-07-31T19:49:27.420+0000] {dag.py:2915} INFO - Sync 1 DAGs
[2025-07-31T19:49:27.441+0000] {logging_mixin.py:151} INFO - [2025-07-31T19:49:27.440+0000] {dag.py:3696} INFO - Setting next_dagrun for postgres_pipeline_example to None, run_after=None
[2025-07-31T19:49:27.472+0000] {processor.py:179} INFO - Processing /opt/airflow/dags/jobs_dag.py took 0.117 seconds
[2025-07-31T19:49:57.695+0000] {processor.py:157} INFO - Started process (PID=580) to work on /opt/airflow/dags/jobs_dag.py
[2025-07-31T19:49:57.696+0000] {processor.py:829} INFO - Processing file /opt/airflow/dags/jobs_dag.py for tasks to queue
[2025-07-31T19:49:57.697+0000] {logging_mixin.py:151} INFO - [2025-07-31T19:49:57.697+0000] {dagbag.py:539} INFO - Filling up the DagBag from /opt/airflow/dags/jobs_dag.py
[2025-07-31T19:49:57.712+0000] {processor.py:839} INFO - DAG(s) dict_keys(['postgres_pipeline_example']) retrieved from /opt/airflow/dags/jobs_dag.py
[2025-07-31T19:49:57.744+0000] {logging_mixin.py:151} INFO - [2025-07-31T19:49:57.744+0000] {dag.py:2915} INFO - Sync 1 DAGs
[2025-07-31T19:49:57.760+0000] {logging_mixin.py:151} INFO - [2025-07-31T19:49:57.760+0000] {dag.py:3696} INFO - Setting next_dagrun for postgres_pipeline_example to None, run_after=None
[2025-07-31T19:49:57.782+0000] {processor.py:179} INFO - Processing /opt/airflow/dags/jobs_dag.py took 0.091 seconds
[2025-07-31T19:50:28.006+0000] {processor.py:157} INFO - Started process (PID=597) to work on /opt/airflow/dags/jobs_dag.py
[2025-07-31T19:50:28.008+0000] {processor.py:829} INFO - Processing file /opt/airflow/dags/jobs_dag.py for tasks to queue
[2025-07-31T19:50:28.009+0000] {logging_mixin.py:151} INFO - [2025-07-31T19:50:28.009+0000] {dagbag.py:539} INFO - Filling up the DagBag from /opt/airflow/dags/jobs_dag.py
[2025-07-31T19:50:28.028+0000] {processor.py:839} INFO - DAG(s) dict_keys(['postgres_pipeline_example']) retrieved from /opt/airflow/dags/jobs_dag.py
[2025-07-31T19:50:28.060+0000] {logging_mixin.py:151} INFO - [2025-07-31T19:50:28.060+0000] {dag.py:2915} INFO - Sync 1 DAGs
[2025-07-31T19:50:28.076+0000] {logging_mixin.py:151} INFO - [2025-07-31T19:50:28.076+0000] {dag.py:3696} INFO - Setting next_dagrun for postgres_pipeline_example to None, run_after=None
[2025-07-31T19:50:28.100+0000] {processor.py:179} INFO - Processing /opt/airflow/dags/jobs_dag.py took 0.098 seconds
[2025-07-31T19:50:58.311+0000] {processor.py:157} INFO - Started process (PID=614) to work on /opt/airflow/dags/jobs_dag.py
[2025-07-31T19:50:58.313+0000] {processor.py:829} INFO - Processing file /opt/airflow/dags/jobs_dag.py for tasks to queue
[2025-07-31T19:50:58.314+0000] {logging_mixin.py:151} INFO - [2025-07-31T19:50:58.313+0000] {dagbag.py:539} INFO - Filling up the DagBag from /opt/airflow/dags/jobs_dag.py
[2025-07-31T19:50:58.328+0000] {processor.py:839} INFO - DAG(s) dict_keys(['postgres_pipeline_example']) retrieved from /opt/airflow/dags/jobs_dag.py
[2025-07-31T19:50:58.359+0000] {logging_mixin.py:151} INFO - [2025-07-31T19:50:58.359+0000] {dag.py:2915} INFO - Sync 1 DAGs
[2025-07-31T19:50:58.376+0000] {logging_mixin.py:151} INFO - [2025-07-31T19:50:58.376+0000] {dag.py:3696} INFO - Setting next_dagrun for postgres_pipeline_example to None, run_after=None
[2025-07-31T19:50:58.401+0000] {processor.py:179} INFO - Processing /opt/airflow/dags/jobs_dag.py took 0.093 seconds
[2025-07-31T19:51:28.622+0000] {processor.py:157} INFO - Started process (PID=631) to work on /opt/airflow/dags/jobs_dag.py
[2025-07-31T19:51:28.623+0000] {processor.py:829} INFO - Processing file /opt/airflow/dags/jobs_dag.py for tasks to queue
[2025-07-31T19:51:28.624+0000] {logging_mixin.py:151} INFO - [2025-07-31T19:51:28.624+0000] {dagbag.py:539} INFO - Filling up the DagBag from /opt/airflow/dags/jobs_dag.py
[2025-07-31T19:51:28.640+0000] {processor.py:839} INFO - DAG(s) dict_keys(['postgres_pipeline_example']) retrieved from /opt/airflow/dags/jobs_dag.py
[2025-07-31T19:51:28.670+0000] {logging_mixin.py:151} INFO - [2025-07-31T19:51:28.670+0000] {dag.py:2915} INFO - Sync 1 DAGs
[2025-07-31T19:51:28.685+0000] {logging_mixin.py:151} INFO - [2025-07-31T19:51:28.685+0000] {dag.py:3696} INFO - Setting next_dagrun for postgres_pipeline_example to None, run_after=None
[2025-07-31T19:51:28.706+0000] {processor.py:179} INFO - Processing /opt/airflow/dags/jobs_dag.py took 0.088 seconds
[2025-07-31T19:51:58.923+0000] {processor.py:157} INFO - Started process (PID=648) to work on /opt/airflow/dags/jobs_dag.py
[2025-07-31T19:51:58.925+0000] {processor.py:829} INFO - Processing file /opt/airflow/dags/jobs_dag.py for tasks to queue
[2025-07-31T19:51:58.926+0000] {logging_mixin.py:151} INFO - [2025-07-31T19:51:58.926+0000] {dagbag.py:539} INFO - Filling up the DagBag from /opt/airflow/dags/jobs_dag.py
[2025-07-31T19:51:58.941+0000] {processor.py:839} INFO - DAG(s) dict_keys(['postgres_pipeline_example']) retrieved from /opt/airflow/dags/jobs_dag.py
[2025-07-31T19:51:58.971+0000] {logging_mixin.py:151} INFO - [2025-07-31T19:51:58.971+0000] {dag.py:2915} INFO - Sync 1 DAGs
[2025-07-31T19:51:58.987+0000] {logging_mixin.py:151} INFO - [2025-07-31T19:51:58.986+0000] {dag.py:3696} INFO - Setting next_dagrun for postgres_pipeline_example to None, run_after=None
[2025-07-31T19:51:59.008+0000] {processor.py:179} INFO - Processing /opt/airflow/dags/jobs_dag.py took 0.088 seconds
[2025-07-31T19:52:29.235+0000] {processor.py:157} INFO - Started process (PID=665) to work on /opt/airflow/dags/jobs_dag.py
[2025-07-31T19:52:29.236+0000] {processor.py:829} INFO - Processing file /opt/airflow/dags/jobs_dag.py for tasks to queue
[2025-07-31T19:52:29.237+0000] {logging_mixin.py:151} INFO - [2025-07-31T19:52:29.237+0000] {dagbag.py:539} INFO - Filling up the DagBag from /opt/airflow/dags/jobs_dag.py
[2025-07-31T19:52:29.252+0000] {processor.py:839} INFO - DAG(s) dict_keys(['postgres_pipeline_example']) retrieved from /opt/airflow/dags/jobs_dag.py
[2025-07-31T19:52:29.282+0000] {logging_mixin.py:151} INFO - [2025-07-31T19:52:29.282+0000] {dag.py:2915} INFO - Sync 1 DAGs
[2025-07-31T19:52:29.298+0000] {logging_mixin.py:151} INFO - [2025-07-31T19:52:29.298+0000] {dag.py:3696} INFO - Setting next_dagrun for postgres_pipeline_example to None, run_after=None
[2025-07-31T19:52:29.319+0000] {processor.py:179} INFO - Processing /opt/airflow/dags/jobs_dag.py took 0.088 seconds
