[2025-07-31T19:15:51.533+0000] {processor.py:157} INFO - Started process (PID=189) to work on /opt/airflow/dags/trigger_dag.py
[2025-07-31T19:15:51.534+0000] {processor.py:829} INFO - Processing file /opt/airflow/dags/trigger_dag.py for tasks to queue
[2025-07-31T19:15:51.541+0000] {logging_mixin.py:151} INFO - [2025-07-31T19:15:51.540+0000] {dagbag.py:539} INFO - Filling up the DagBag from /opt/airflow/dags/trigger_dag.py
[2025-07-31T19:15:51.601+0000] {processor.py:839} INFO - DAG(s) dict_keys(['dag_controller_and_file_trigger']) retrieved from /opt/airflow/dags/trigger_dag.py
[2025-07-31T19:15:52.029+0000] {logging_mixin.py:151} INFO - [2025-07-31T19:15:52.029+0000] {security.py:708} INFO - Not syncing DAG-level permissions for DAG 'DAG:dag_controller_and_file_trigger' as access control is unset.
[2025-07-31T19:15:52.030+0000] {logging_mixin.py:151} INFO - [2025-07-31T19:15:52.029+0000] {dag.py:2915} INFO - Sync 1 DAGs
[2025-07-31T19:15:52.046+0000] {logging_mixin.py:151} INFO - [2025-07-31T19:15:52.046+0000] {dag.py:3696} INFO - Setting next_dagrun for dag_controller_and_file_trigger to None, run_after=None
[2025-07-31T19:15:52.075+0000] {processor.py:179} INFO - Processing /opt/airflow/dags/trigger_dag.py took 0.545 seconds
[2025-07-31T19:16:22.274+0000] {processor.py:157} INFO - Started process (PID=207) to work on /opt/airflow/dags/trigger_dag.py
[2025-07-31T19:16:22.275+0000] {processor.py:829} INFO - Processing file /opt/airflow/dags/trigger_dag.py for tasks to queue
[2025-07-31T19:16:22.277+0000] {logging_mixin.py:151} INFO - [2025-07-31T19:16:22.277+0000] {dagbag.py:539} INFO - Filling up the DagBag from /opt/airflow/dags/trigger_dag.py
[2025-07-31T19:16:22.328+0000] {processor.py:839} INFO - DAG(s) dict_keys(['dag_controller_and_file_trigger']) retrieved from /opt/airflow/dags/trigger_dag.py
[2025-07-31T19:16:22.349+0000] {logging_mixin.py:151} INFO - [2025-07-31T19:16:22.349+0000] {dag.py:2915} INFO - Sync 1 DAGs
[2025-07-31T19:16:22.572+0000] {logging_mixin.py:151} INFO - [2025-07-31T19:16:22.571+0000] {dag.py:3696} INFO - Setting next_dagrun for dag_controller_and_file_trigger to None, run_after=None
[2025-07-31T19:16:22.597+0000] {processor.py:179} INFO - Processing /opt/airflow/dags/trigger_dag.py took 0.327 seconds
[2025-07-31T19:16:52.835+0000] {processor.py:157} INFO - Started process (PID=224) to work on /opt/airflow/dags/trigger_dag.py
[2025-07-31T19:16:52.835+0000] {processor.py:829} INFO - Processing file /opt/airflow/dags/trigger_dag.py for tasks to queue
[2025-07-31T19:16:52.837+0000] {logging_mixin.py:151} INFO - [2025-07-31T19:16:52.836+0000] {dagbag.py:539} INFO - Filling up the DagBag from /opt/airflow/dags/trigger_dag.py
[2025-07-31T19:16:52.872+0000] {processor.py:839} INFO - DAG(s) dict_keys(['dag_controller_and_file_trigger']) retrieved from /opt/airflow/dags/trigger_dag.py
[2025-07-31T19:16:53.071+0000] {logging_mixin.py:151} INFO - [2025-07-31T19:16:53.071+0000] {dag.py:2915} INFO - Sync 1 DAGs
[2025-07-31T19:16:53.088+0000] {logging_mixin.py:151} INFO - [2025-07-31T19:16:53.087+0000] {dag.py:3696} INFO - Setting next_dagrun for dag_controller_and_file_trigger to None, run_after=None
[2025-07-31T19:16:53.112+0000] {processor.py:179} INFO - Processing /opt/airflow/dags/trigger_dag.py took 0.281 seconds
[2025-07-31T19:17:23.329+0000] {processor.py:157} INFO - Started process (PID=241) to work on /opt/airflow/dags/trigger_dag.py
[2025-07-31T19:17:23.330+0000] {processor.py:829} INFO - Processing file /opt/airflow/dags/trigger_dag.py for tasks to queue
[2025-07-31T19:17:23.332+0000] {logging_mixin.py:151} INFO - [2025-07-31T19:17:23.331+0000] {dagbag.py:539} INFO - Filling up the DagBag from /opt/airflow/dags/trigger_dag.py
[2025-07-31T19:17:23.565+0000] {processor.py:839} INFO - DAG(s) dict_keys(['dag_controller_and_file_trigger']) retrieved from /opt/airflow/dags/trigger_dag.py
[2025-07-31T19:17:23.582+0000] {logging_mixin.py:151} INFO - [2025-07-31T19:17:23.581+0000] {dag.py:2915} INFO - Sync 1 DAGs
[2025-07-31T19:17:23.597+0000] {logging_mixin.py:151} INFO - [2025-07-31T19:17:23.597+0000] {dag.py:3696} INFO - Setting next_dagrun for dag_controller_and_file_trigger to None, run_after=None
[2025-07-31T19:17:23.616+0000] {processor.py:179} INFO - Processing /opt/airflow/dags/trigger_dag.py took 0.290 seconds
[2025-07-31T19:17:53.799+0000] {processor.py:157} INFO - Started process (PID=258) to work on /opt/airflow/dags/trigger_dag.py
[2025-07-31T19:17:53.800+0000] {processor.py:829} INFO - Processing file /opt/airflow/dags/trigger_dag.py for tasks to queue
[2025-07-31T19:17:53.801+0000] {logging_mixin.py:151} INFO - [2025-07-31T19:17:53.801+0000] {dagbag.py:539} INFO - Filling up the DagBag from /opt/airflow/dags/trigger_dag.py
[2025-07-31T19:17:53.834+0000] {processor.py:839} INFO - DAG(s) dict_keys(['dag_controller_and_file_trigger']) retrieved from /opt/airflow/dags/trigger_dag.py
[2025-07-31T19:17:53.849+0000] {logging_mixin.py:151} INFO - [2025-07-31T19:17:53.849+0000] {dag.py:2915} INFO - Sync 1 DAGs
[2025-07-31T19:17:53.868+0000] {logging_mixin.py:151} INFO - [2025-07-31T19:17:53.867+0000] {dag.py:3696} INFO - Setting next_dagrun for dag_controller_and_file_trigger to None, run_after=None
[2025-07-31T19:17:53.892+0000] {processor.py:179} INFO - Processing /opt/airflow/dags/trigger_dag.py took 0.097 seconds
[2025-07-31T19:18:24.100+0000] {processor.py:157} INFO - Started process (PID=275) to work on /opt/airflow/dags/trigger_dag.py
[2025-07-31T19:18:24.102+0000] {processor.py:829} INFO - Processing file /opt/airflow/dags/trigger_dag.py for tasks to queue
[2025-07-31T19:18:24.103+0000] {logging_mixin.py:151} INFO - [2025-07-31T19:18:24.102+0000] {dagbag.py:539} INFO - Filling up the DagBag from /opt/airflow/dags/trigger_dag.py
[2025-07-31T19:18:24.134+0000] {processor.py:839} INFO - DAG(s) dict_keys(['dag_controller_and_file_trigger']) retrieved from /opt/airflow/dags/trigger_dag.py
[2025-07-31T19:18:24.150+0000] {logging_mixin.py:151} INFO - [2025-07-31T19:18:24.150+0000] {dag.py:2915} INFO - Sync 1 DAGs
[2025-07-31T19:18:24.165+0000] {logging_mixin.py:151} INFO - [2025-07-31T19:18:24.165+0000] {dag.py:3696} INFO - Setting next_dagrun for dag_controller_and_file_trigger to None, run_after=None
[2025-07-31T19:18:24.185+0000] {processor.py:179} INFO - Processing /opt/airflow/dags/trigger_dag.py took 0.089 seconds
[2025-07-31T19:18:54.393+0000] {processor.py:157} INFO - Started process (PID=292) to work on /opt/airflow/dags/trigger_dag.py
[2025-07-31T19:18:54.394+0000] {processor.py:829} INFO - Processing file /opt/airflow/dags/trigger_dag.py for tasks to queue
[2025-07-31T19:18:54.395+0000] {logging_mixin.py:151} INFO - [2025-07-31T19:18:54.394+0000] {dagbag.py:539} INFO - Filling up the DagBag from /opt/airflow/dags/trigger_dag.py
[2025-07-31T19:18:54.429+0000] {processor.py:839} INFO - DAG(s) dict_keys(['dag_controller_and_file_trigger']) retrieved from /opt/airflow/dags/trigger_dag.py
[2025-07-31T19:18:54.445+0000] {logging_mixin.py:151} INFO - [2025-07-31T19:18:54.445+0000] {dag.py:2915} INFO - Sync 1 DAGs
[2025-07-31T19:18:54.460+0000] {logging_mixin.py:151} INFO - [2025-07-31T19:18:54.460+0000] {dag.py:3696} INFO - Setting next_dagrun for dag_controller_and_file_trigger to None, run_after=None
[2025-07-31T19:18:54.481+0000] {processor.py:179} INFO - Processing /opt/airflow/dags/trigger_dag.py took 0.093 seconds
[2025-07-31T19:19:24.705+0000] {processor.py:157} INFO - Started process (PID=309) to work on /opt/airflow/dags/trigger_dag.py
[2025-07-31T19:19:24.706+0000] {processor.py:829} INFO - Processing file /opt/airflow/dags/trigger_dag.py for tasks to queue
[2025-07-31T19:19:24.707+0000] {logging_mixin.py:151} INFO - [2025-07-31T19:19:24.707+0000] {dagbag.py:539} INFO - Filling up the DagBag from /opt/airflow/dags/trigger_dag.py
[2025-07-31T19:19:24.740+0000] {processor.py:839} INFO - DAG(s) dict_keys(['dag_controller_and_file_trigger']) retrieved from /opt/airflow/dags/trigger_dag.py
[2025-07-31T19:19:24.756+0000] {logging_mixin.py:151} INFO - [2025-07-31T19:19:24.756+0000] {dag.py:2915} INFO - Sync 1 DAGs
[2025-07-31T19:19:24.772+0000] {logging_mixin.py:151} INFO - [2025-07-31T19:19:24.772+0000] {dag.py:3696} INFO - Setting next_dagrun for dag_controller_and_file_trigger to None, run_after=None
[2025-07-31T19:19:24.794+0000] {processor.py:179} INFO - Processing /opt/airflow/dags/trigger_dag.py took 0.092 seconds
[2025-07-31T19:19:55.022+0000] {processor.py:157} INFO - Started process (PID=326) to work on /opt/airflow/dags/trigger_dag.py
[2025-07-31T19:19:55.024+0000] {processor.py:829} INFO - Processing file /opt/airflow/dags/trigger_dag.py for tasks to queue
[2025-07-31T19:19:55.025+0000] {logging_mixin.py:151} INFO - [2025-07-31T19:19:55.025+0000] {dagbag.py:539} INFO - Filling up the DagBag from /opt/airflow/dags/trigger_dag.py
[2025-07-31T19:19:55.058+0000] {processor.py:839} INFO - DAG(s) dict_keys(['dag_controller_and_file_trigger']) retrieved from /opt/airflow/dags/trigger_dag.py
[2025-07-31T19:19:55.075+0000] {logging_mixin.py:151} INFO - [2025-07-31T19:19:55.074+0000] {dag.py:2915} INFO - Sync 1 DAGs
[2025-07-31T19:19:55.089+0000] {logging_mixin.py:151} INFO - [2025-07-31T19:19:55.089+0000] {dag.py:3696} INFO - Setting next_dagrun for dag_controller_and_file_trigger to None, run_after=None
[2025-07-31T19:19:55.112+0000] {processor.py:179} INFO - Processing /opt/airflow/dags/trigger_dag.py took 0.094 seconds
[2025-07-31T19:20:25.336+0000] {processor.py:157} INFO - Started process (PID=343) to work on /opt/airflow/dags/trigger_dag.py
[2025-07-31T19:20:25.337+0000] {processor.py:829} INFO - Processing file /opt/airflow/dags/trigger_dag.py for tasks to queue
[2025-07-31T19:20:25.338+0000] {logging_mixin.py:151} INFO - [2025-07-31T19:20:25.338+0000] {dagbag.py:539} INFO - Filling up the DagBag from /opt/airflow/dags/trigger_dag.py
[2025-07-31T19:20:25.372+0000] {processor.py:839} INFO - DAG(s) dict_keys(['dag_controller_and_file_trigger']) retrieved from /opt/airflow/dags/trigger_dag.py
[2025-07-31T19:20:25.388+0000] {logging_mixin.py:151} INFO - [2025-07-31T19:20:25.387+0000] {dag.py:2915} INFO - Sync 1 DAGs
[2025-07-31T19:20:25.402+0000] {logging_mixin.py:151} INFO - [2025-07-31T19:20:25.402+0000] {dag.py:3696} INFO - Setting next_dagrun for dag_controller_and_file_trigger to None, run_after=None
[2025-07-31T19:20:25.426+0000] {processor.py:179} INFO - Processing /opt/airflow/dags/trigger_dag.py took 0.094 seconds
[2025-07-31T19:20:55.675+0000] {processor.py:157} INFO - Started process (PID=360) to work on /opt/airflow/dags/trigger_dag.py
[2025-07-31T19:20:55.676+0000] {processor.py:829} INFO - Processing file /opt/airflow/dags/trigger_dag.py for tasks to queue
[2025-07-31T19:20:55.678+0000] {logging_mixin.py:151} INFO - [2025-07-31T19:20:55.677+0000] {dagbag.py:539} INFO - Filling up the DagBag from /opt/airflow/dags/trigger_dag.py
[2025-07-31T19:20:55.709+0000] {processor.py:839} INFO - DAG(s) dict_keys(['dag_controller_and_file_trigger']) retrieved from /opt/airflow/dags/trigger_dag.py
[2025-07-31T19:20:55.725+0000] {logging_mixin.py:151} INFO - [2025-07-31T19:20:55.724+0000] {dag.py:2915} INFO - Sync 1 DAGs
[2025-07-31T19:20:55.743+0000] {logging_mixin.py:151} INFO - [2025-07-31T19:20:55.743+0000] {dag.py:3696} INFO - Setting next_dagrun for dag_controller_and_file_trigger to None, run_after=None
[2025-07-31T19:20:55.767+0000] {processor.py:179} INFO - Processing /opt/airflow/dags/trigger_dag.py took 0.096 seconds
[2025-07-31T19:21:25.996+0000] {processor.py:157} INFO - Started process (PID=377) to work on /opt/airflow/dags/trigger_dag.py
[2025-07-31T19:21:25.997+0000] {processor.py:829} INFO - Processing file /opt/airflow/dags/trigger_dag.py for tasks to queue
[2025-07-31T19:21:25.998+0000] {logging_mixin.py:151} INFO - [2025-07-31T19:21:25.998+0000] {dagbag.py:539} INFO - Filling up the DagBag from /opt/airflow/dags/trigger_dag.py
[2025-07-31T19:21:26.032+0000] {processor.py:839} INFO - DAG(s) dict_keys(['dag_controller_and_file_trigger']) retrieved from /opt/airflow/dags/trigger_dag.py
[2025-07-31T19:21:26.048+0000] {logging_mixin.py:151} INFO - [2025-07-31T19:21:26.048+0000] {dag.py:2915} INFO - Sync 1 DAGs
[2025-07-31T19:21:26.063+0000] {logging_mixin.py:151} INFO - [2025-07-31T19:21:26.062+0000] {dag.py:3696} INFO - Setting next_dagrun for dag_controller_and_file_trigger to None, run_after=None
[2025-07-31T19:21:26.085+0000] {processor.py:179} INFO - Processing /opt/airflow/dags/trigger_dag.py took 0.094 seconds
[2025-07-31T19:21:56.311+0000] {processor.py:157} INFO - Started process (PID=394) to work on /opt/airflow/dags/trigger_dag.py
[2025-07-31T19:21:56.312+0000] {processor.py:829} INFO - Processing file /opt/airflow/dags/trigger_dag.py for tasks to queue
[2025-07-31T19:21:56.313+0000] {logging_mixin.py:151} INFO - [2025-07-31T19:21:56.312+0000] {dagbag.py:539} INFO - Filling up the DagBag from /opt/airflow/dags/trigger_dag.py
[2025-07-31T19:21:56.352+0000] {processor.py:839} INFO - DAG(s) dict_keys(['dag_controller_and_file_trigger']) retrieved from /opt/airflow/dags/trigger_dag.py
[2025-07-31T19:21:56.375+0000] {logging_mixin.py:151} INFO - [2025-07-31T19:21:56.375+0000] {dag.py:2915} INFO - Sync 1 DAGs
[2025-07-31T19:21:56.393+0000] {logging_mixin.py:151} INFO - [2025-07-31T19:21:56.393+0000] {dag.py:3696} INFO - Setting next_dagrun for dag_controller_and_file_trigger to None, run_after=None
[2025-07-31T19:21:56.441+0000] {processor.py:179} INFO - Processing /opt/airflow/dags/trigger_dag.py took 0.134 seconds
[2025-07-31T19:22:26.674+0000] {processor.py:157} INFO - Started process (PID=418) to work on /opt/airflow/dags/trigger_dag.py
[2025-07-31T19:22:26.675+0000] {processor.py:829} INFO - Processing file /opt/airflow/dags/trigger_dag.py for tasks to queue
[2025-07-31T19:22:26.676+0000] {logging_mixin.py:151} INFO - [2025-07-31T19:22:26.676+0000] {dagbag.py:539} INFO - Filling up the DagBag from /opt/airflow/dags/trigger_dag.py
[2025-07-31T19:22:26.707+0000] {processor.py:839} INFO - DAG(s) dict_keys(['dag_controller_and_file_trigger']) retrieved from /opt/airflow/dags/trigger_dag.py
[2025-07-31T19:22:26.722+0000] {logging_mixin.py:151} INFO - [2025-07-31T19:22:26.722+0000] {dag.py:2915} INFO - Sync 1 DAGs
[2025-07-31T19:22:26.738+0000] {logging_mixin.py:151} INFO - [2025-07-31T19:22:26.737+0000] {dag.py:3696} INFO - Setting next_dagrun for dag_controller_and_file_trigger to None, run_after=None
[2025-07-31T19:22:26.757+0000] {processor.py:179} INFO - Processing /opt/airflow/dags/trigger_dag.py took 0.086 seconds
[2025-07-31T19:22:56.976+0000] {processor.py:157} INFO - Started process (PID=435) to work on /opt/airflow/dags/trigger_dag.py
[2025-07-31T19:22:56.977+0000] {processor.py:829} INFO - Processing file /opt/airflow/dags/trigger_dag.py for tasks to queue
[2025-07-31T19:22:56.978+0000] {logging_mixin.py:151} INFO - [2025-07-31T19:22:56.978+0000] {dagbag.py:539} INFO - Filling up the DagBag from /opt/airflow/dags/trigger_dag.py
[2025-07-31T19:22:57.016+0000] {processor.py:839} INFO - DAG(s) dict_keys(['dag_controller_and_file_trigger']) retrieved from /opt/airflow/dags/trigger_dag.py
[2025-07-31T19:22:57.034+0000] {logging_mixin.py:151} INFO - [2025-07-31T19:22:57.034+0000] {dag.py:2915} INFO - Sync 1 DAGs
[2025-07-31T19:22:57.051+0000] {logging_mixin.py:151} INFO - [2025-07-31T19:22:57.051+0000] {dag.py:3696} INFO - Setting next_dagrun for dag_controller_and_file_trigger to None, run_after=None
[2025-07-31T19:22:57.075+0000] {processor.py:179} INFO - Processing /opt/airflow/dags/trigger_dag.py took 0.103 seconds
[2025-07-31T19:23:27.297+0000] {processor.py:157} INFO - Started process (PID=452) to work on /opt/airflow/dags/trigger_dag.py
[2025-07-31T19:23:27.298+0000] {processor.py:829} INFO - Processing file /opt/airflow/dags/trigger_dag.py for tasks to queue
[2025-07-31T19:23:27.299+0000] {logging_mixin.py:151} INFO - [2025-07-31T19:23:27.299+0000] {dagbag.py:539} INFO - Filling up the DagBag from /opt/airflow/dags/trigger_dag.py
[2025-07-31T19:23:27.336+0000] {processor.py:839} INFO - DAG(s) dict_keys(['dag_controller_and_file_trigger']) retrieved from /opt/airflow/dags/trigger_dag.py
[2025-07-31T19:23:27.356+0000] {logging_mixin.py:151} INFO - [2025-07-31T19:23:27.356+0000] {dag.py:2915} INFO - Sync 1 DAGs
[2025-07-31T19:23:27.374+0000] {logging_mixin.py:151} INFO - [2025-07-31T19:23:27.374+0000] {dag.py:3696} INFO - Setting next_dagrun for dag_controller_and_file_trigger to None, run_after=None
[2025-07-31T19:23:27.404+0000] {processor.py:179} INFO - Processing /opt/airflow/dags/trigger_dag.py took 0.111 seconds
[2025-07-31T19:23:57.637+0000] {processor.py:157} INFO - Started process (PID=469) to work on /opt/airflow/dags/trigger_dag.py
[2025-07-31T19:23:57.638+0000] {processor.py:829} INFO - Processing file /opt/airflow/dags/trigger_dag.py for tasks to queue
[2025-07-31T19:23:57.639+0000] {logging_mixin.py:151} INFO - [2025-07-31T19:23:57.639+0000] {dagbag.py:539} INFO - Filling up the DagBag from /opt/airflow/dags/trigger_dag.py
[2025-07-31T19:23:57.677+0000] {processor.py:839} INFO - DAG(s) dict_keys(['dag_controller_and_file_trigger']) retrieved from /opt/airflow/dags/trigger_dag.py
[2025-07-31T19:23:57.697+0000] {logging_mixin.py:151} INFO - [2025-07-31T19:23:57.697+0000] {dag.py:2915} INFO - Sync 1 DAGs
[2025-07-31T19:23:57.715+0000] {logging_mixin.py:151} INFO - [2025-07-31T19:23:57.715+0000] {dag.py:3696} INFO - Setting next_dagrun for dag_controller_and_file_trigger to None, run_after=None
[2025-07-31T19:23:57.744+0000] {processor.py:179} INFO - Processing /opt/airflow/dags/trigger_dag.py took 0.111 seconds
[2025-07-31T19:24:27.965+0000] {processor.py:157} INFO - Started process (PID=486) to work on /opt/airflow/dags/trigger_dag.py
[2025-07-31T19:24:27.966+0000] {processor.py:829} INFO - Processing file /opt/airflow/dags/trigger_dag.py for tasks to queue
[2025-07-31T19:24:27.969+0000] {logging_mixin.py:151} INFO - [2025-07-31T19:24:27.968+0000] {dagbag.py:539} INFO - Filling up the DagBag from /opt/airflow/dags/trigger_dag.py
[2025-07-31T19:24:28.004+0000] {processor.py:839} INFO - DAG(s) dict_keys(['dag_controller_and_file_trigger']) retrieved from /opt/airflow/dags/trigger_dag.py
[2025-07-31T19:24:28.021+0000] {logging_mixin.py:151} INFO - [2025-07-31T19:24:28.021+0000] {dag.py:2915} INFO - Sync 1 DAGs
[2025-07-31T19:24:28.039+0000] {logging_mixin.py:151} INFO - [2025-07-31T19:24:28.039+0000] {dag.py:3696} INFO - Setting next_dagrun for dag_controller_and_file_trigger to None, run_after=None
[2025-07-31T19:24:28.063+0000] {processor.py:179} INFO - Processing /opt/airflow/dags/trigger_dag.py took 0.102 seconds
[2025-07-31T19:24:58.287+0000] {processor.py:157} INFO - Started process (PID=509) to work on /opt/airflow/dags/trigger_dag.py
[2025-07-31T19:24:58.288+0000] {processor.py:829} INFO - Processing file /opt/airflow/dags/trigger_dag.py for tasks to queue
[2025-07-31T19:24:58.289+0000] {logging_mixin.py:151} INFO - [2025-07-31T19:24:58.289+0000] {dagbag.py:539} INFO - Filling up the DagBag from /opt/airflow/dags/trigger_dag.py
[2025-07-31T19:24:58.322+0000] {processor.py:839} INFO - DAG(s) dict_keys(['dag_controller_and_file_trigger']) retrieved from /opt/airflow/dags/trigger_dag.py
[2025-07-31T19:24:58.339+0000] {logging_mixin.py:151} INFO - [2025-07-31T19:24:58.338+0000] {dag.py:2915} INFO - Sync 1 DAGs
[2025-07-31T19:24:58.354+0000] {logging_mixin.py:151} INFO - [2025-07-31T19:24:58.354+0000] {dag.py:3696} INFO - Setting next_dagrun for dag_controller_and_file_trigger to None, run_after=None
[2025-07-31T19:24:58.378+0000] {processor.py:179} INFO - Processing /opt/airflow/dags/trigger_dag.py took 0.094 seconds
[2025-07-31T19:25:28.590+0000] {processor.py:157} INFO - Started process (PID=532) to work on /opt/airflow/dags/trigger_dag.py
[2025-07-31T19:25:28.590+0000] {processor.py:829} INFO - Processing file /opt/airflow/dags/trigger_dag.py for tasks to queue
[2025-07-31T19:25:28.592+0000] {logging_mixin.py:151} INFO - [2025-07-31T19:25:28.591+0000] {dagbag.py:539} INFO - Filling up the DagBag from /opt/airflow/dags/trigger_dag.py
[2025-07-31T19:25:28.627+0000] {processor.py:839} INFO - DAG(s) dict_keys(['dag_controller_and_file_trigger']) retrieved from /opt/airflow/dags/trigger_dag.py
[2025-07-31T19:25:28.642+0000] {logging_mixin.py:151} INFO - [2025-07-31T19:25:28.642+0000] {dag.py:2915} INFO - Sync 1 DAGs
[2025-07-31T19:25:28.656+0000] {logging_mixin.py:151} INFO - [2025-07-31T19:25:28.656+0000] {dag.py:3696} INFO - Setting next_dagrun for dag_controller_and_file_trigger to None, run_after=None
[2025-07-31T19:25:28.678+0000] {processor.py:179} INFO - Processing /opt/airflow/dags/trigger_dag.py took 0.092 seconds
[2025-07-31T19:25:58.933+0000] {processor.py:157} INFO - Started process (PID=567) to work on /opt/airflow/dags/trigger_dag.py
[2025-07-31T19:25:58.934+0000] {processor.py:829} INFO - Processing file /opt/airflow/dags/trigger_dag.py for tasks to queue
[2025-07-31T19:25:58.935+0000] {logging_mixin.py:151} INFO - [2025-07-31T19:25:58.935+0000] {dagbag.py:539} INFO - Filling up the DagBag from /opt/airflow/dags/trigger_dag.py
[2025-07-31T19:25:58.965+0000] {processor.py:839} INFO - DAG(s) dict_keys(['dag_controller_and_file_trigger']) retrieved from /opt/airflow/dags/trigger_dag.py
[2025-07-31T19:25:58.981+0000] {logging_mixin.py:151} INFO - [2025-07-31T19:25:58.980+0000] {dag.py:2915} INFO - Sync 1 DAGs
[2025-07-31T19:25:58.995+0000] {logging_mixin.py:151} INFO - [2025-07-31T19:25:58.995+0000] {dag.py:3696} INFO - Setting next_dagrun for dag_controller_and_file_trigger to None, run_after=None
[2025-07-31T19:25:59.017+0000] {processor.py:179} INFO - Processing /opt/airflow/dags/trigger_dag.py took 0.087 seconds
[2025-07-31T19:26:29.234+0000] {processor.py:157} INFO - Started process (PID=596) to work on /opt/airflow/dags/trigger_dag.py
[2025-07-31T19:26:29.235+0000] {processor.py:829} INFO - Processing file /opt/airflow/dags/trigger_dag.py for tasks to queue
[2025-07-31T19:26:29.237+0000] {logging_mixin.py:151} INFO - [2025-07-31T19:26:29.237+0000] {dagbag.py:539} INFO - Filling up the DagBag from /opt/airflow/dags/trigger_dag.py
[2025-07-31T19:26:29.265+0000] {processor.py:839} INFO - DAG(s) dict_keys(['dag_controller_and_file_trigger']) retrieved from /opt/airflow/dags/trigger_dag.py
[2025-07-31T19:26:29.282+0000] {logging_mixin.py:151} INFO - [2025-07-31T19:26:29.282+0000] {dag.py:2915} INFO - Sync 1 DAGs
[2025-07-31T19:26:29.296+0000] {logging_mixin.py:151} INFO - [2025-07-31T19:26:29.296+0000] {dag.py:3696} INFO - Setting next_dagrun for dag_controller_and_file_trigger to None, run_after=None
[2025-07-31T19:26:29.318+0000] {processor.py:179} INFO - Processing /opt/airflow/dags/trigger_dag.py took 0.089 seconds
[2025-07-31T19:26:59.541+0000] {processor.py:157} INFO - Started process (PID=613) to work on /opt/airflow/dags/trigger_dag.py
[2025-07-31T19:26:59.542+0000] {processor.py:829} INFO - Processing file /opt/airflow/dags/trigger_dag.py for tasks to queue
[2025-07-31T19:26:59.544+0000] {logging_mixin.py:151} INFO - [2025-07-31T19:26:59.544+0000] {dagbag.py:539} INFO - Filling up the DagBag from /opt/airflow/dags/trigger_dag.py
[2025-07-31T19:26:59.583+0000] {processor.py:839} INFO - DAG(s) dict_keys(['dag_controller_and_file_trigger']) retrieved from /opt/airflow/dags/trigger_dag.py
[2025-07-31T19:26:59.606+0000] {logging_mixin.py:151} INFO - [2025-07-31T19:26:59.606+0000] {dag.py:2915} INFO - Sync 1 DAGs
[2025-07-31T19:26:59.627+0000] {logging_mixin.py:151} INFO - [2025-07-31T19:26:59.627+0000] {dag.py:3696} INFO - Setting next_dagrun for dag_controller_and_file_trigger to None, run_after=None
[2025-07-31T19:26:59.657+0000] {processor.py:179} INFO - Processing /opt/airflow/dags/trigger_dag.py took 0.122 seconds
[2025-07-31T19:27:29.871+0000] {processor.py:157} INFO - Started process (PID=630) to work on /opt/airflow/dags/trigger_dag.py
[2025-07-31T19:27:29.872+0000] {processor.py:829} INFO - Processing file /opt/airflow/dags/trigger_dag.py for tasks to queue
[2025-07-31T19:27:29.873+0000] {logging_mixin.py:151} INFO - [2025-07-31T19:27:29.873+0000] {dagbag.py:539} INFO - Filling up the DagBag from /opt/airflow/dags/trigger_dag.py
[2025-07-31T19:27:29.903+0000] {processor.py:839} INFO - DAG(s) dict_keys(['dag_controller_and_file_trigger']) retrieved from /opt/airflow/dags/trigger_dag.py
[2025-07-31T19:27:29.919+0000] {logging_mixin.py:151} INFO - [2025-07-31T19:27:29.919+0000] {dag.py:2915} INFO - Sync 1 DAGs
[2025-07-31T19:27:29.934+0000] {logging_mixin.py:151} INFO - [2025-07-31T19:27:29.934+0000] {dag.py:3696} INFO - Setting next_dagrun for dag_controller_and_file_trigger to None, run_after=None
[2025-07-31T19:27:29.957+0000] {processor.py:179} INFO - Processing /opt/airflow/dags/trigger_dag.py took 0.090 seconds
[2025-07-31T19:28:00.187+0000] {processor.py:157} INFO - Started process (PID=647) to work on /opt/airflow/dags/trigger_dag.py
[2025-07-31T19:28:00.188+0000] {processor.py:829} INFO - Processing file /opt/airflow/dags/trigger_dag.py for tasks to queue
[2025-07-31T19:28:00.189+0000] {logging_mixin.py:151} INFO - [2025-07-31T19:28:00.189+0000] {dagbag.py:539} INFO - Filling up the DagBag from /opt/airflow/dags/trigger_dag.py
[2025-07-31T19:28:00.222+0000] {processor.py:839} INFO - DAG(s) dict_keys(['dag_controller_and_file_trigger']) retrieved from /opt/airflow/dags/trigger_dag.py
[2025-07-31T19:28:00.240+0000] {logging_mixin.py:151} INFO - [2025-07-31T19:28:00.239+0000] {dag.py:2915} INFO - Sync 1 DAGs
[2025-07-31T19:28:00.255+0000] {logging_mixin.py:151} INFO - [2025-07-31T19:28:00.255+0000] {dag.py:3696} INFO - Setting next_dagrun for dag_controller_and_file_trigger to None, run_after=None
[2025-07-31T19:28:00.279+0000] {processor.py:179} INFO - Processing /opt/airflow/dags/trigger_dag.py took 0.096 seconds
[2025-07-31T19:28:30.488+0000] {processor.py:157} INFO - Started process (PID=671) to work on /opt/airflow/dags/trigger_dag.py
[2025-07-31T19:28:30.489+0000] {processor.py:829} INFO - Processing file /opt/airflow/dags/trigger_dag.py for tasks to queue
[2025-07-31T19:28:30.491+0000] {logging_mixin.py:151} INFO - [2025-07-31T19:28:30.490+0000] {dagbag.py:539} INFO - Filling up the DagBag from /opt/airflow/dags/trigger_dag.py
[2025-07-31T19:28:30.523+0000] {processor.py:839} INFO - DAG(s) dict_keys(['dag_controller_and_file_trigger']) retrieved from /opt/airflow/dags/trigger_dag.py
[2025-07-31T19:28:30.541+0000] {logging_mixin.py:151} INFO - [2025-07-31T19:28:30.540+0000] {dag.py:2915} INFO - Sync 1 DAGs
[2025-07-31T19:28:30.556+0000] {logging_mixin.py:151} INFO - [2025-07-31T19:28:30.555+0000] {dag.py:3696} INFO - Setting next_dagrun for dag_controller_and_file_trigger to None, run_after=None
[2025-07-31T19:28:30.580+0000] {processor.py:179} INFO - Processing /opt/airflow/dags/trigger_dag.py took 0.095 seconds
[2025-07-31T19:29:00.789+0000] {processor.py:157} INFO - Started process (PID=694) to work on /opt/airflow/dags/trigger_dag.py
[2025-07-31T19:29:00.789+0000] {processor.py:829} INFO - Processing file /opt/airflow/dags/trigger_dag.py for tasks to queue
[2025-07-31T19:29:00.790+0000] {logging_mixin.py:151} INFO - [2025-07-31T19:29:00.790+0000] {dagbag.py:539} INFO - Filling up the DagBag from /opt/airflow/dags/trigger_dag.py
[2025-07-31T19:29:00.820+0000] {processor.py:839} INFO - DAG(s) dict_keys(['dag_controller_and_file_trigger']) retrieved from /opt/airflow/dags/trigger_dag.py
[2025-07-31T19:29:00.837+0000] {logging_mixin.py:151} INFO - [2025-07-31T19:29:00.836+0000] {dag.py:2915} INFO - Sync 1 DAGs
[2025-07-31T19:29:00.850+0000] {logging_mixin.py:151} INFO - [2025-07-31T19:29:00.850+0000] {dag.py:3696} INFO - Setting next_dagrun for dag_controller_and_file_trigger to None, run_after=None
[2025-07-31T19:29:00.872+0000] {processor.py:179} INFO - Processing /opt/airflow/dags/trigger_dag.py took 0.087 seconds
[2025-07-31T19:29:31.088+0000] {processor.py:157} INFO - Started process (PID=711) to work on /opt/airflow/dags/trigger_dag.py
[2025-07-31T19:29:31.089+0000] {processor.py:829} INFO - Processing file /opt/airflow/dags/trigger_dag.py for tasks to queue
[2025-07-31T19:29:31.090+0000] {logging_mixin.py:151} INFO - [2025-07-31T19:29:31.089+0000] {dagbag.py:539} INFO - Filling up the DagBag from /opt/airflow/dags/trigger_dag.py
[2025-07-31T19:29:31.123+0000] {processor.py:839} INFO - DAG(s) dict_keys(['dag_controller_and_file_trigger']) retrieved from /opt/airflow/dags/trigger_dag.py
[2025-07-31T19:29:31.140+0000] {logging_mixin.py:151} INFO - [2025-07-31T19:29:31.140+0000] {dag.py:2915} INFO - Sync 1 DAGs
[2025-07-31T19:29:31.157+0000] {logging_mixin.py:151} INFO - [2025-07-31T19:29:31.157+0000] {dag.py:3696} INFO - Setting next_dagrun for dag_controller_and_file_trigger to None, run_after=None
[2025-07-31T19:29:31.183+0000] {processor.py:179} INFO - Processing /opt/airflow/dags/trigger_dag.py took 0.099 seconds
[2025-07-31T19:30:01.395+0000] {processor.py:157} INFO - Started process (PID=728) to work on /opt/airflow/dags/trigger_dag.py
[2025-07-31T19:30:01.396+0000] {processor.py:829} INFO - Processing file /opt/airflow/dags/trigger_dag.py for tasks to queue
[2025-07-31T19:30:01.397+0000] {logging_mixin.py:151} INFO - [2025-07-31T19:30:01.396+0000] {dagbag.py:539} INFO - Filling up the DagBag from /opt/airflow/dags/trigger_dag.py
[2025-07-31T19:30:01.431+0000] {processor.py:839} INFO - DAG(s) dict_keys(['dag_controller_and_file_trigger']) retrieved from /opt/airflow/dags/trigger_dag.py
[2025-07-31T19:30:01.448+0000] {logging_mixin.py:151} INFO - [2025-07-31T19:30:01.448+0000] {dag.py:2915} INFO - Sync 1 DAGs
[2025-07-31T19:30:01.463+0000] {logging_mixin.py:151} INFO - [2025-07-31T19:30:01.463+0000] {dag.py:3696} INFO - Setting next_dagrun for dag_controller_and_file_trigger to None, run_after=None
[2025-07-31T19:30:01.483+0000] {processor.py:179} INFO - Processing /opt/airflow/dags/trigger_dag.py took 0.095 seconds
[2025-07-31T19:30:31.705+0000] {processor.py:157} INFO - Started process (PID=751) to work on /opt/airflow/dags/trigger_dag.py
[2025-07-31T19:30:31.706+0000] {processor.py:829} INFO - Processing file /opt/airflow/dags/trigger_dag.py for tasks to queue
[2025-07-31T19:30:31.707+0000] {logging_mixin.py:151} INFO - [2025-07-31T19:30:31.706+0000] {dagbag.py:539} INFO - Filling up the DagBag from /opt/airflow/dags/trigger_dag.py
[2025-07-31T19:30:31.742+0000] {processor.py:839} INFO - DAG(s) dict_keys(['dag_controller_and_file_trigger']) retrieved from /opt/airflow/dags/trigger_dag.py
[2025-07-31T19:30:31.758+0000] {logging_mixin.py:151} INFO - [2025-07-31T19:30:31.758+0000] {dag.py:2915} INFO - Sync 1 DAGs
[2025-07-31T19:30:31.774+0000] {logging_mixin.py:151} INFO - [2025-07-31T19:30:31.774+0000] {dag.py:3696} INFO - Setting next_dagrun for dag_controller_and_file_trigger to None, run_after=None
[2025-07-31T19:30:31.796+0000] {processor.py:179} INFO - Processing /opt/airflow/dags/trigger_dag.py took 0.096 seconds
[2025-07-31T19:31:01.907+0000] {processor.py:157} INFO - Started process (PID=768) to work on /opt/airflow/dags/trigger_dag.py
[2025-07-31T19:31:01.908+0000] {processor.py:829} INFO - Processing file /opt/airflow/dags/trigger_dag.py for tasks to queue
[2025-07-31T19:31:01.909+0000] {logging_mixin.py:151} INFO - [2025-07-31T19:31:01.909+0000] {dagbag.py:539} INFO - Filling up the DagBag from /opt/airflow/dags/trigger_dag.py
[2025-07-31T19:31:01.941+0000] {processor.py:839} INFO - DAG(s) dict_keys(['dag_controller_and_file_trigger']) retrieved from /opt/airflow/dags/trigger_dag.py
[2025-07-31T19:31:01.956+0000] {logging_mixin.py:151} INFO - [2025-07-31T19:31:01.956+0000] {dag.py:2915} INFO - Sync 1 DAGs
[2025-07-31T19:31:01.971+0000] {logging_mixin.py:151} INFO - [2025-07-31T19:31:01.971+0000] {dag.py:3696} INFO - Setting next_dagrun for dag_controller_and_file_trigger to None, run_after=None
[2025-07-31T19:31:01.991+0000] {processor.py:179} INFO - Processing /opt/airflow/dags/trigger_dag.py took 0.088 seconds
[2025-07-31T19:31:32.213+0000] {processor.py:157} INFO - Started process (PID=785) to work on /opt/airflow/dags/trigger_dag.py
[2025-07-31T19:31:32.214+0000] {processor.py:829} INFO - Processing file /opt/airflow/dags/trigger_dag.py for tasks to queue
[2025-07-31T19:31:32.215+0000] {logging_mixin.py:151} INFO - [2025-07-31T19:31:32.215+0000] {dagbag.py:539} INFO - Filling up the DagBag from /opt/airflow/dags/trigger_dag.py
[2025-07-31T19:31:32.248+0000] {processor.py:839} INFO - DAG(s) dict_keys(['dag_controller_and_file_trigger']) retrieved from /opt/airflow/dags/trigger_dag.py
[2025-07-31T19:31:32.265+0000] {logging_mixin.py:151} INFO - [2025-07-31T19:31:32.264+0000] {dag.py:2915} INFO - Sync 1 DAGs
[2025-07-31T19:31:32.280+0000] {logging_mixin.py:151} INFO - [2025-07-31T19:31:32.279+0000] {dag.py:3696} INFO - Setting next_dagrun for dag_controller_and_file_trigger to None, run_after=None
[2025-07-31T19:31:32.304+0000] {processor.py:179} INFO - Processing /opt/airflow/dags/trigger_dag.py took 0.095 seconds
[2025-07-31T19:32:02.529+0000] {processor.py:157} INFO - Started process (PID=802) to work on /opt/airflow/dags/trigger_dag.py
[2025-07-31T19:32:02.530+0000] {processor.py:829} INFO - Processing file /opt/airflow/dags/trigger_dag.py for tasks to queue
[2025-07-31T19:32:02.531+0000] {logging_mixin.py:151} INFO - [2025-07-31T19:32:02.530+0000] {dagbag.py:539} INFO - Filling up the DagBag from /opt/airflow/dags/trigger_dag.py
[2025-07-31T19:32:02.563+0000] {processor.py:839} INFO - DAG(s) dict_keys(['dag_controller_and_file_trigger']) retrieved from /opt/airflow/dags/trigger_dag.py
[2025-07-31T19:32:02.579+0000] {logging_mixin.py:151} INFO - [2025-07-31T19:32:02.579+0000] {dag.py:2915} INFO - Sync 1 DAGs
[2025-07-31T19:32:02.595+0000] {logging_mixin.py:151} INFO - [2025-07-31T19:32:02.595+0000] {dag.py:3696} INFO - Setting next_dagrun for dag_controller_and_file_trigger to None, run_after=None
[2025-07-31T19:32:02.618+0000] {processor.py:179} INFO - Processing /opt/airflow/dags/trigger_dag.py took 0.093 seconds
[2025-07-31T19:32:32.841+0000] {processor.py:157} INFO - Started process (PID=819) to work on /opt/airflow/dags/trigger_dag.py
[2025-07-31T19:32:32.842+0000] {processor.py:829} INFO - Processing file /opt/airflow/dags/trigger_dag.py for tasks to queue
[2025-07-31T19:32:32.844+0000] {logging_mixin.py:151} INFO - [2025-07-31T19:32:32.843+0000] {dagbag.py:539} INFO - Filling up the DagBag from /opt/airflow/dags/trigger_dag.py
[2025-07-31T19:32:32.880+0000] {processor.py:839} INFO - DAG(s) dict_keys(['dag_controller_and_file_trigger']) retrieved from /opt/airflow/dags/trigger_dag.py
[2025-07-31T19:32:32.902+0000] {logging_mixin.py:151} INFO - [2025-07-31T19:32:32.902+0000] {dag.py:2915} INFO - Sync 1 DAGs
[2025-07-31T19:32:32.919+0000] {logging_mixin.py:151} INFO - [2025-07-31T19:32:32.919+0000] {dag.py:3696} INFO - Setting next_dagrun for dag_controller_and_file_trigger to None, run_after=None
[2025-07-31T19:32:32.946+0000] {processor.py:179} INFO - Processing /opt/airflow/dags/trigger_dag.py took 0.109 seconds
[2025-07-31T19:33:03.162+0000] {processor.py:157} INFO - Started process (PID=844) to work on /opt/airflow/dags/trigger_dag.py
[2025-07-31T19:33:03.163+0000] {processor.py:829} INFO - Processing file /opt/airflow/dags/trigger_dag.py for tasks to queue
[2025-07-31T19:33:03.164+0000] {logging_mixin.py:151} INFO - [2025-07-31T19:33:03.164+0000] {dagbag.py:539} INFO - Filling up the DagBag from /opt/airflow/dags/trigger_dag.py
[2025-07-31T19:33:03.196+0000] {processor.py:839} INFO - DAG(s) dict_keys(['dag_controller_and_file_trigger']) retrieved from /opt/airflow/dags/trigger_dag.py
[2025-07-31T19:33:03.212+0000] {logging_mixin.py:151} INFO - [2025-07-31T19:33:03.212+0000] {dag.py:2915} INFO - Sync 1 DAGs
[2025-07-31T19:33:03.228+0000] {logging_mixin.py:151} INFO - [2025-07-31T19:33:03.228+0000] {dag.py:3696} INFO - Setting next_dagrun for dag_controller_and_file_trigger to None, run_after=None
[2025-07-31T19:33:03.255+0000] {processor.py:179} INFO - Processing /opt/airflow/dags/trigger_dag.py took 0.097 seconds
[2025-07-31T19:33:33.463+0000] {processor.py:157} INFO - Started process (PID=863) to work on /opt/airflow/dags/trigger_dag.py
[2025-07-31T19:33:33.464+0000] {processor.py:829} INFO - Processing file /opt/airflow/dags/trigger_dag.py for tasks to queue
[2025-07-31T19:33:33.465+0000] {logging_mixin.py:151} INFO - [2025-07-31T19:33:33.465+0000] {dagbag.py:539} INFO - Filling up the DagBag from /opt/airflow/dags/trigger_dag.py
[2025-07-31T19:33:33.497+0000] {processor.py:839} INFO - DAG(s) dict_keys(['dag_controller_and_file_trigger']) retrieved from /opt/airflow/dags/trigger_dag.py
[2025-07-31T19:33:33.513+0000] {logging_mixin.py:151} INFO - [2025-07-31T19:33:33.513+0000] {dag.py:2915} INFO - Sync 1 DAGs
[2025-07-31T19:33:33.527+0000] {logging_mixin.py:151} INFO - [2025-07-31T19:33:33.527+0000] {dag.py:3696} INFO - Setting next_dagrun for dag_controller_and_file_trigger to None, run_after=None
[2025-07-31T19:33:33.550+0000] {processor.py:179} INFO - Processing /opt/airflow/dags/trigger_dag.py took 0.091 seconds
[2025-07-31T19:34:03.765+0000] {processor.py:157} INFO - Started process (PID=888) to work on /opt/airflow/dags/trigger_dag.py
[2025-07-31T19:34:03.766+0000] {processor.py:829} INFO - Processing file /opt/airflow/dags/trigger_dag.py for tasks to queue
[2025-07-31T19:34:03.767+0000] {logging_mixin.py:151} INFO - [2025-07-31T19:34:03.766+0000] {dagbag.py:539} INFO - Filling up the DagBag from /opt/airflow/dags/trigger_dag.py
[2025-07-31T19:34:03.802+0000] {processor.py:839} INFO - DAG(s) dict_keys(['dag_controller_and_file_trigger']) retrieved from /opt/airflow/dags/trigger_dag.py
[2025-07-31T19:34:03.819+0000] {logging_mixin.py:151} INFO - [2025-07-31T19:34:03.819+0000] {dag.py:2915} INFO - Sync 1 DAGs
[2025-07-31T19:34:03.835+0000] {logging_mixin.py:151} INFO - [2025-07-31T19:34:03.835+0000] {dag.py:3696} INFO - Setting next_dagrun for dag_controller_and_file_trigger to None, run_after=None
[2025-07-31T19:34:03.863+0000] {processor.py:179} INFO - Processing /opt/airflow/dags/trigger_dag.py took 0.102 seconds
[2025-07-31T19:34:34.078+0000] {processor.py:157} INFO - Started process (PID=905) to work on /opt/airflow/dags/trigger_dag.py
[2025-07-31T19:34:34.079+0000] {processor.py:829} INFO - Processing file /opt/airflow/dags/trigger_dag.py for tasks to queue
[2025-07-31T19:34:34.080+0000] {logging_mixin.py:151} INFO - [2025-07-31T19:34:34.080+0000] {dagbag.py:539} INFO - Filling up the DagBag from /opt/airflow/dags/trigger_dag.py
[2025-07-31T19:34:34.112+0000] {processor.py:839} INFO - DAG(s) dict_keys(['dag_controller_and_file_trigger']) retrieved from /opt/airflow/dags/trigger_dag.py
[2025-07-31T19:34:34.130+0000] {logging_mixin.py:151} INFO - [2025-07-31T19:34:34.130+0000] {dag.py:2915} INFO - Sync 1 DAGs
[2025-07-31T19:34:34.145+0000] {logging_mixin.py:151} INFO - [2025-07-31T19:34:34.145+0000] {dag.py:3696} INFO - Setting next_dagrun for dag_controller_and_file_trigger to None, run_after=None
[2025-07-31T19:34:34.167+0000] {processor.py:179} INFO - Processing /opt/airflow/dags/trigger_dag.py took 0.093 seconds
[2025-07-31T19:35:04.386+0000] {processor.py:157} INFO - Started process (PID=922) to work on /opt/airflow/dags/trigger_dag.py
[2025-07-31T19:35:04.387+0000] {processor.py:829} INFO - Processing file /opt/airflow/dags/trigger_dag.py for tasks to queue
[2025-07-31T19:35:04.388+0000] {logging_mixin.py:151} INFO - [2025-07-31T19:35:04.388+0000] {dagbag.py:539} INFO - Filling up the DagBag from /opt/airflow/dags/trigger_dag.py
[2025-07-31T19:35:04.419+0000] {processor.py:839} INFO - DAG(s) dict_keys(['dag_controller_and_file_trigger']) retrieved from /opt/airflow/dags/trigger_dag.py
[2025-07-31T19:35:04.435+0000] {logging_mixin.py:151} INFO - [2025-07-31T19:35:04.434+0000] {dag.py:2915} INFO - Sync 1 DAGs
[2025-07-31T19:35:04.449+0000] {logging_mixin.py:151} INFO - [2025-07-31T19:35:04.449+0000] {dag.py:3696} INFO - Setting next_dagrun for dag_controller_and_file_trigger to None, run_after=None
[2025-07-31T19:35:04.468+0000] {processor.py:179} INFO - Processing /opt/airflow/dags/trigger_dag.py took 0.085 seconds
[2025-07-31T19:35:34.588+0000] {processor.py:157} INFO - Started process (PID=939) to work on /opt/airflow/dags/trigger_dag.py
[2025-07-31T19:35:34.589+0000] {processor.py:829} INFO - Processing file /opt/airflow/dags/trigger_dag.py for tasks to queue
[2025-07-31T19:35:34.590+0000] {logging_mixin.py:151} INFO - [2025-07-31T19:35:34.590+0000] {dagbag.py:539} INFO - Filling up the DagBag from /opt/airflow/dags/trigger_dag.py
[2025-07-31T19:35:34.622+0000] {processor.py:839} INFO - DAG(s) dict_keys(['dag_controller_and_file_trigger']) retrieved from /opt/airflow/dags/trigger_dag.py
[2025-07-31T19:35:34.639+0000] {logging_mixin.py:151} INFO - [2025-07-31T19:35:34.638+0000] {dag.py:2915} INFO - Sync 1 DAGs
[2025-07-31T19:35:34.653+0000] {logging_mixin.py:151} INFO - [2025-07-31T19:35:34.653+0000] {dag.py:3696} INFO - Setting next_dagrun for dag_controller_and_file_trigger to None, run_after=None
[2025-07-31T19:35:34.674+0000] {processor.py:179} INFO - Processing /opt/airflow/dags/trigger_dag.py took 0.090 seconds
[2025-07-31T19:36:04.913+0000] {processor.py:157} INFO - Started process (PID=956) to work on /opt/airflow/dags/trigger_dag.py
[2025-07-31T19:36:04.914+0000] {processor.py:829} INFO - Processing file /opt/airflow/dags/trigger_dag.py for tasks to queue
[2025-07-31T19:36:04.918+0000] {logging_mixin.py:151} INFO - [2025-07-31T19:36:04.917+0000] {dagbag.py:539} INFO - Filling up the DagBag from /opt/airflow/dags/trigger_dag.py
[2025-07-31T19:36:04.960+0000] {processor.py:839} INFO - DAG(s) dict_keys(['dag_controller_and_file_trigger']) retrieved from /opt/airflow/dags/trigger_dag.py
[2025-07-31T19:36:04.981+0000] {logging_mixin.py:151} INFO - [2025-07-31T19:36:04.981+0000] {dag.py:2915} INFO - Sync 1 DAGs
[2025-07-31T19:36:05.002+0000] {logging_mixin.py:151} INFO - [2025-07-31T19:36:05.001+0000] {dag.py:3696} INFO - Setting next_dagrun for dag_controller_and_file_trigger to None, run_after=None
[2025-07-31T19:36:05.028+0000] {processor.py:179} INFO - Processing /opt/airflow/dags/trigger_dag.py took 0.120 seconds
[2025-07-31T19:36:35.248+0000] {processor.py:157} INFO - Started process (PID=973) to work on /opt/airflow/dags/trigger_dag.py
[2025-07-31T19:36:35.249+0000] {processor.py:829} INFO - Processing file /opt/airflow/dags/trigger_dag.py for tasks to queue
[2025-07-31T19:36:35.250+0000] {logging_mixin.py:151} INFO - [2025-07-31T19:36:35.250+0000] {dagbag.py:539} INFO - Filling up the DagBag from /opt/airflow/dags/trigger_dag.py
[2025-07-31T19:36:35.286+0000] {processor.py:839} INFO - DAG(s) dict_keys(['dag_controller_and_file_trigger']) retrieved from /opt/airflow/dags/trigger_dag.py
[2025-07-31T19:36:35.307+0000] {logging_mixin.py:151} INFO - [2025-07-31T19:36:35.307+0000] {dag.py:2915} INFO - Sync 1 DAGs
[2025-07-31T19:36:35.326+0000] {logging_mixin.py:151} INFO - [2025-07-31T19:36:35.326+0000] {dag.py:3696} INFO - Setting next_dagrun for dag_controller_and_file_trigger to None, run_after=None
[2025-07-31T19:36:35.354+0000] {processor.py:179} INFO - Processing /opt/airflow/dags/trigger_dag.py took 0.110 seconds
[2025-07-31T19:37:05.573+0000] {processor.py:157} INFO - Started process (PID=992) to work on /opt/airflow/dags/trigger_dag.py
[2025-07-31T19:37:05.575+0000] {processor.py:829} INFO - Processing file /opt/airflow/dags/trigger_dag.py for tasks to queue
[2025-07-31T19:37:05.576+0000] {logging_mixin.py:151} INFO - [2025-07-31T19:37:05.576+0000] {dagbag.py:539} INFO - Filling up the DagBag from /opt/airflow/dags/trigger_dag.py
[2025-07-31T19:37:05.609+0000] {processor.py:839} INFO - DAG(s) dict_keys(['dag_controller_and_file_trigger']) retrieved from /opt/airflow/dags/trigger_dag.py
[2025-07-31T19:37:05.626+0000] {logging_mixin.py:151} INFO - [2025-07-31T19:37:05.625+0000] {dag.py:2915} INFO - Sync 1 DAGs
[2025-07-31T19:37:05.639+0000] {logging_mixin.py:151} INFO - [2025-07-31T19:37:05.639+0000] {dag.py:3696} INFO - Setting next_dagrun for dag_controller_and_file_trigger to None, run_after=None
[2025-07-31T19:37:05.661+0000] {processor.py:179} INFO - Processing /opt/airflow/dags/trigger_dag.py took 0.093 seconds
[2025-07-31T19:37:35.859+0000] {processor.py:157} INFO - Started process (PID=1009) to work on /opt/airflow/dags/trigger_dag.py
[2025-07-31T19:37:35.860+0000] {processor.py:829} INFO - Processing file /opt/airflow/dags/trigger_dag.py for tasks to queue
[2025-07-31T19:37:35.862+0000] {logging_mixin.py:151} INFO - [2025-07-31T19:37:35.861+0000] {dagbag.py:539} INFO - Filling up the DagBag from /opt/airflow/dags/trigger_dag.py
[2025-07-31T19:37:35.895+0000] {processor.py:839} INFO - DAG(s) dict_keys(['dag_controller_and_file_trigger']) retrieved from /opt/airflow/dags/trigger_dag.py
[2025-07-31T19:37:35.990+0000] {logging_mixin.py:151} INFO - [2025-07-31T19:37:35.990+0000] {security.py:708} INFO - Not syncing DAG-level permissions for DAG 'DAG:dag_controller_and_file_trigger' as access control is unset.
[2025-07-31T19:37:35.990+0000] {logging_mixin.py:151} INFO - [2025-07-31T19:37:35.990+0000] {dag.py:2915} INFO - Sync 1 DAGs
[2025-07-31T19:37:36.002+0000] {logging_mixin.py:151} INFO - [2025-07-31T19:37:36.001+0000] {dag.py:2937} INFO - Creating ORM DAG for dag_controller_and_file_trigger
[2025-07-31T19:37:36.002+0000] {logging_mixin.py:151} INFO - [2025-07-31T19:37:36.002+0000] {dag.py:3696} INFO - Setting next_dagrun for dag_controller_and_file_trigger to None, run_after=None
[2025-07-31T19:37:36.022+0000] {processor.py:179} INFO - Processing /opt/airflow/dags/trigger_dag.py took 0.166 seconds
[2025-07-31T19:38:53.802+0000] {processor.py:157} INFO - Started process (PID=189) to work on /opt/airflow/dags/trigger_dag.py
[2025-07-31T19:38:53.804+0000] {processor.py:829} INFO - Processing file /opt/airflow/dags/trigger_dag.py for tasks to queue
[2025-07-31T19:38:53.827+0000] {logging_mixin.py:151} INFO - [2025-07-31T19:38:53.827+0000] {dagbag.py:539} INFO - Filling up the DagBag from /opt/airflow/dags/trigger_dag.py
[2025-07-31T19:38:53.856+0000] {processor.py:839} INFO - DAG(s) dict_keys(['dag_controller_and_file_trigger']) retrieved from /opt/airflow/dags/trigger_dag.py
[2025-07-31T19:38:54.147+0000] {logging_mixin.py:151} INFO - [2025-07-31T19:38:54.147+0000] {manager.py:499} INFO - Created Permission View: %s
[2025-07-31T19:38:54.161+0000] {logging_mixin.py:151} INFO - [2025-07-31T19:38:54.161+0000] {manager.py:499} INFO - Created Permission View: %s
[2025-07-31T19:38:54.171+0000] {logging_mixin.py:151} INFO - [2025-07-31T19:38:54.171+0000] {manager.py:499} INFO - Created Permission View: %s
[2025-07-31T19:38:54.172+0000] {logging_mixin.py:151} INFO - [2025-07-31T19:38:54.171+0000] {security.py:708} INFO - Not syncing DAG-level permissions for DAG 'DAG:dag_controller_and_file_trigger' as access control is unset.
[2025-07-31T19:38:54.172+0000] {logging_mixin.py:151} INFO - [2025-07-31T19:38:54.172+0000] {dag.py:2915} INFO - Sync 1 DAGs
[2025-07-31T19:38:54.187+0000] {logging_mixin.py:151} INFO - [2025-07-31T19:38:54.187+0000] {dag.py:2937} INFO - Creating ORM DAG for dag_controller_and_file_trigger
[2025-07-31T19:38:54.188+0000] {logging_mixin.py:151} INFO - [2025-07-31T19:38:54.188+0000] {dag.py:3696} INFO - Setting next_dagrun for dag_controller_and_file_trigger to None, run_after=None
[2025-07-31T19:38:54.217+0000] {processor.py:179} INFO - Processing /opt/airflow/dags/trigger_dag.py took 0.418 seconds
[2025-07-31T19:39:24.425+0000] {processor.py:157} INFO - Started process (PID=206) to work on /opt/airflow/dags/trigger_dag.py
[2025-07-31T19:39:24.426+0000] {processor.py:829} INFO - Processing file /opt/airflow/dags/trigger_dag.py for tasks to queue
[2025-07-31T19:39:24.427+0000] {logging_mixin.py:151} INFO - [2025-07-31T19:39:24.426+0000] {dagbag.py:539} INFO - Filling up the DagBag from /opt/airflow/dags/trigger_dag.py
[2025-07-31T19:39:24.460+0000] {processor.py:839} INFO - DAG(s) dict_keys(['dag_controller_and_file_trigger']) retrieved from /opt/airflow/dags/trigger_dag.py
[2025-07-31T19:39:24.475+0000] {logging_mixin.py:151} INFO - [2025-07-31T19:39:24.475+0000] {dag.py:2915} INFO - Sync 1 DAGs
[2025-07-31T19:39:24.618+0000] {logging_mixin.py:151} INFO - [2025-07-31T19:39:24.617+0000] {dag.py:3696} INFO - Setting next_dagrun for dag_controller_and_file_trigger to None, run_after=None
[2025-07-31T19:39:24.640+0000] {processor.py:179} INFO - Processing /opt/airflow/dags/trigger_dag.py took 0.219 seconds
[2025-07-31T19:39:54.934+0000] {processor.py:157} INFO - Started process (PID=223) to work on /opt/airflow/dags/trigger_dag.py
[2025-07-31T19:39:54.935+0000] {processor.py:829} INFO - Processing file /opt/airflow/dags/trigger_dag.py for tasks to queue
[2025-07-31T19:39:54.936+0000] {logging_mixin.py:151} INFO - [2025-07-31T19:39:54.936+0000] {dagbag.py:539} INFO - Filling up the DagBag from /opt/airflow/dags/trigger_dag.py
[2025-07-31T19:39:54.965+0000] {processor.py:839} INFO - DAG(s) dict_keys(['dag_controller_and_file_trigger']) retrieved from /opt/airflow/dags/trigger_dag.py
[2025-07-31T19:39:55.109+0000] {logging_mixin.py:151} INFO - [2025-07-31T19:39:55.109+0000] {dag.py:2915} INFO - Sync 1 DAGs
[2025-07-31T19:39:55.124+0000] {logging_mixin.py:151} INFO - [2025-07-31T19:39:55.124+0000] {dag.py:3696} INFO - Setting next_dagrun for dag_controller_and_file_trigger to None, run_after=None
[2025-07-31T19:39:55.151+0000] {processor.py:179} INFO - Processing /opt/airflow/dags/trigger_dag.py took 0.220 seconds
[2025-07-31T19:40:25.414+0000] {processor.py:157} INFO - Started process (PID=250) to work on /opt/airflow/dags/trigger_dag.py
[2025-07-31T19:40:25.415+0000] {processor.py:829} INFO - Processing file /opt/airflow/dags/trigger_dag.py for tasks to queue
[2025-07-31T19:40:25.416+0000] {logging_mixin.py:151} INFO - [2025-07-31T19:40:25.415+0000] {dagbag.py:539} INFO - Filling up the DagBag from /opt/airflow/dags/trigger_dag.py
[2025-07-31T19:40:25.583+0000] {processor.py:839} INFO - DAG(s) dict_keys(['dag_controller_and_file_trigger']) retrieved from /opt/airflow/dags/trigger_dag.py
[2025-07-31T19:40:25.599+0000] {logging_mixin.py:151} INFO - [2025-07-31T19:40:25.599+0000] {dag.py:2915} INFO - Sync 1 DAGs
[2025-07-31T19:40:25.614+0000] {logging_mixin.py:151} INFO - [2025-07-31T19:40:25.613+0000] {dag.py:3696} INFO - Setting next_dagrun for dag_controller_and_file_trigger to None, run_after=None
[2025-07-31T19:40:25.637+0000] {processor.py:179} INFO - Processing /opt/airflow/dags/trigger_dag.py took 0.227 seconds
[2025-07-31T19:40:56.011+0000] {processor.py:157} INFO - Started process (PID=267) to work on /opt/airflow/dags/trigger_dag.py
[2025-07-31T19:40:56.012+0000] {processor.py:829} INFO - Processing file /opt/airflow/dags/trigger_dag.py for tasks to queue
[2025-07-31T19:40:56.014+0000] {logging_mixin.py:151} INFO - [2025-07-31T19:40:56.013+0000] {dagbag.py:539} INFO - Filling up the DagBag from /opt/airflow/dags/trigger_dag.py
[2025-07-31T19:40:56.050+0000] {processor.py:839} INFO - DAG(s) dict_keys(['dag_controller_and_file_trigger']) retrieved from /opt/airflow/dags/trigger_dag.py
[2025-07-31T19:40:56.067+0000] {logging_mixin.py:151} INFO - [2025-07-31T19:40:56.066+0000] {dag.py:2915} INFO - Sync 1 DAGs
[2025-07-31T19:40:56.081+0000] {logging_mixin.py:151} INFO - [2025-07-31T19:40:56.081+0000] {dag.py:3696} INFO - Setting next_dagrun for dag_controller_and_file_trigger to None, run_after=None
[2025-07-31T19:40:56.104+0000] {processor.py:179} INFO - Processing /opt/airflow/dags/trigger_dag.py took 0.097 seconds
[2025-07-31T19:41:26.326+0000] {processor.py:157} INFO - Started process (PID=294) to work on /opt/airflow/dags/trigger_dag.py
[2025-07-31T19:41:26.327+0000] {processor.py:829} INFO - Processing file /opt/airflow/dags/trigger_dag.py for tasks to queue
[2025-07-31T19:41:26.329+0000] {logging_mixin.py:151} INFO - [2025-07-31T19:41:26.328+0000] {dagbag.py:539} INFO - Filling up the DagBag from /opt/airflow/dags/trigger_dag.py
[2025-07-31T19:41:26.365+0000] {processor.py:839} INFO - DAG(s) dict_keys(['dag_controller_and_file_trigger']) retrieved from /opt/airflow/dags/trigger_dag.py
[2025-07-31T19:41:26.382+0000] {logging_mixin.py:151} INFO - [2025-07-31T19:41:26.382+0000] {dag.py:2915} INFO - Sync 1 DAGs
[2025-07-31T19:41:26.398+0000] {logging_mixin.py:151} INFO - [2025-07-31T19:41:26.398+0000] {dag.py:3696} INFO - Setting next_dagrun for dag_controller_and_file_trigger to None, run_after=None
[2025-07-31T19:41:26.424+0000] {processor.py:179} INFO - Processing /opt/airflow/dags/trigger_dag.py took 0.102 seconds
[2025-07-31T19:41:56.655+0000] {processor.py:157} INFO - Started process (PID=313) to work on /opt/airflow/dags/trigger_dag.py
[2025-07-31T19:41:56.656+0000] {processor.py:829} INFO - Processing file /opt/airflow/dags/trigger_dag.py for tasks to queue
[2025-07-31T19:41:56.657+0000] {logging_mixin.py:151} INFO - [2025-07-31T19:41:56.657+0000] {dagbag.py:539} INFO - Filling up the DagBag from /opt/airflow/dags/trigger_dag.py
[2025-07-31T19:41:56.690+0000] {processor.py:839} INFO - DAG(s) dict_keys(['dag_controller_and_file_trigger']) retrieved from /opt/airflow/dags/trigger_dag.py
[2025-07-31T19:41:56.706+0000] {logging_mixin.py:151} INFO - [2025-07-31T19:41:56.705+0000] {dag.py:2915} INFO - Sync 1 DAGs
[2025-07-31T19:41:56.720+0000] {logging_mixin.py:151} INFO - [2025-07-31T19:41:56.720+0000] {dag.py:3696} INFO - Setting next_dagrun for dag_controller_and_file_trigger to None, run_after=None
[2025-07-31T19:41:56.740+0000] {processor.py:179} INFO - Processing /opt/airflow/dags/trigger_dag.py took 0.090 seconds
[2025-07-31T19:42:26.963+0000] {processor.py:157} INFO - Started process (PID=330) to work on /opt/airflow/dags/trigger_dag.py
[2025-07-31T19:42:26.964+0000] {processor.py:829} INFO - Processing file /opt/airflow/dags/trigger_dag.py for tasks to queue
[2025-07-31T19:42:26.965+0000] {logging_mixin.py:151} INFO - [2025-07-31T19:42:26.965+0000] {dagbag.py:539} INFO - Filling up the DagBag from /opt/airflow/dags/trigger_dag.py
[2025-07-31T19:42:26.995+0000] {processor.py:839} INFO - DAG(s) dict_keys(['dag_controller_and_file_trigger']) retrieved from /opt/airflow/dags/trigger_dag.py
[2025-07-31T19:42:27.012+0000] {logging_mixin.py:151} INFO - [2025-07-31T19:42:27.012+0000] {dag.py:2915} INFO - Sync 1 DAGs
[2025-07-31T19:42:27.029+0000] {logging_mixin.py:151} INFO - [2025-07-31T19:42:27.028+0000] {dag.py:3696} INFO - Setting next_dagrun for dag_controller_and_file_trigger to None, run_after=None
[2025-07-31T19:42:27.056+0000] {processor.py:179} INFO - Processing /opt/airflow/dags/trigger_dag.py took 0.098 seconds
[2025-07-31T19:42:57.261+0000] {processor.py:157} INFO - Started process (PID=347) to work on /opt/airflow/dags/trigger_dag.py
[2025-07-31T19:42:57.262+0000] {processor.py:829} INFO - Processing file /opt/airflow/dags/trigger_dag.py for tasks to queue
[2025-07-31T19:42:57.264+0000] {logging_mixin.py:151} INFO - [2025-07-31T19:42:57.263+0000] {dagbag.py:539} INFO - Filling up the DagBag from /opt/airflow/dags/trigger_dag.py
[2025-07-31T19:42:57.304+0000] {processor.py:839} INFO - DAG(s) dict_keys(['dag_controller_and_file_trigger']) retrieved from /opt/airflow/dags/trigger_dag.py
[2025-07-31T19:42:57.325+0000] {logging_mixin.py:151} INFO - [2025-07-31T19:42:57.324+0000] {dag.py:2915} INFO - Sync 1 DAGs
[2025-07-31T19:42:57.344+0000] {logging_mixin.py:151} INFO - [2025-07-31T19:42:57.344+0000] {dag.py:3696} INFO - Setting next_dagrun for dag_controller_and_file_trigger to None, run_after=None
[2025-07-31T19:42:57.374+0000] {processor.py:179} INFO - Processing /opt/airflow/dags/trigger_dag.py took 0.117 seconds
[2025-07-31T19:43:27.574+0000] {processor.py:157} INFO - Started process (PID=364) to work on /opt/airflow/dags/trigger_dag.py
[2025-07-31T19:43:27.575+0000] {processor.py:829} INFO - Processing file /opt/airflow/dags/trigger_dag.py for tasks to queue
[2025-07-31T19:43:27.577+0000] {logging_mixin.py:151} INFO - [2025-07-31T19:43:27.576+0000] {dagbag.py:539} INFO - Filling up the DagBag from /opt/airflow/dags/trigger_dag.py
[2025-07-31T19:43:27.609+0000] {processor.py:839} INFO - DAG(s) dict_keys(['dag_controller_and_file_trigger']) retrieved from /opt/airflow/dags/trigger_dag.py
[2025-07-31T19:43:27.626+0000] {logging_mixin.py:151} INFO - [2025-07-31T19:43:27.625+0000] {dag.py:2915} INFO - Sync 1 DAGs
[2025-07-31T19:43:27.640+0000] {logging_mixin.py:151} INFO - [2025-07-31T19:43:27.640+0000] {dag.py:3696} INFO - Setting next_dagrun for dag_controller_and_file_trigger to None, run_after=None
[2025-07-31T19:43:27.661+0000] {processor.py:179} INFO - Processing /opt/airflow/dags/trigger_dag.py took 0.091 seconds
[2025-07-31T19:43:57.863+0000] {processor.py:157} INFO - Started process (PID=381) to work on /opt/airflow/dags/trigger_dag.py
[2025-07-31T19:43:57.865+0000] {processor.py:829} INFO - Processing file /opt/airflow/dags/trigger_dag.py for tasks to queue
[2025-07-31T19:43:57.866+0000] {logging_mixin.py:151} INFO - [2025-07-31T19:43:57.866+0000] {dagbag.py:539} INFO - Filling up the DagBag from /opt/airflow/dags/trigger_dag.py
[2025-07-31T19:43:57.904+0000] {processor.py:839} INFO - DAG(s) dict_keys(['dag_controller_and_file_trigger']) retrieved from /opt/airflow/dags/trigger_dag.py
[2025-07-31T19:43:57.924+0000] {logging_mixin.py:151} INFO - [2025-07-31T19:43:57.923+0000] {dag.py:2915} INFO - Sync 1 DAGs
[2025-07-31T19:43:57.942+0000] {logging_mixin.py:151} INFO - [2025-07-31T19:43:57.942+0000] {dag.py:3696} INFO - Setting next_dagrun for dag_controller_and_file_trigger to None, run_after=None
[2025-07-31T19:43:57.970+0000] {processor.py:179} INFO - Processing /opt/airflow/dags/trigger_dag.py took 0.112 seconds
[2025-07-31T19:44:28.178+0000] {processor.py:157} INFO - Started process (PID=398) to work on /opt/airflow/dags/trigger_dag.py
[2025-07-31T19:44:28.180+0000] {processor.py:829} INFO - Processing file /opt/airflow/dags/trigger_dag.py for tasks to queue
[2025-07-31T19:44:28.181+0000] {logging_mixin.py:151} INFO - [2025-07-31T19:44:28.180+0000] {dagbag.py:539} INFO - Filling up the DagBag from /opt/airflow/dags/trigger_dag.py
[2025-07-31T19:44:28.217+0000] {processor.py:839} INFO - DAG(s) dict_keys(['dag_controller_and_file_trigger']) retrieved from /opt/airflow/dags/trigger_dag.py
[2025-07-31T19:44:28.238+0000] {logging_mixin.py:151} INFO - [2025-07-31T19:44:28.237+0000] {dag.py:2915} INFO - Sync 1 DAGs
[2025-07-31T19:44:28.256+0000] {logging_mixin.py:151} INFO - [2025-07-31T19:44:28.256+0000] {dag.py:3696} INFO - Setting next_dagrun for dag_controller_and_file_trigger to None, run_after=None
[2025-07-31T19:44:28.282+0000] {processor.py:179} INFO - Processing /opt/airflow/dags/trigger_dag.py took 0.109 seconds
[2025-07-31T19:44:58.554+0000] {processor.py:157} INFO - Started process (PID=415) to work on /opt/airflow/dags/trigger_dag.py
[2025-07-31T19:44:58.556+0000] {processor.py:829} INFO - Processing file /opt/airflow/dags/trigger_dag.py for tasks to queue
[2025-07-31T19:44:58.557+0000] {logging_mixin.py:151} INFO - [2025-07-31T19:44:58.557+0000] {dagbag.py:539} INFO - Filling up the DagBag from /opt/airflow/dags/trigger_dag.py
[2025-07-31T19:44:58.595+0000] {processor.py:839} INFO - DAG(s) dict_keys(['dag_controller_and_file_trigger']) retrieved from /opt/airflow/dags/trigger_dag.py
[2025-07-31T19:44:58.617+0000] {logging_mixin.py:151} INFO - [2025-07-31T19:44:58.617+0000] {dag.py:2915} INFO - Sync 1 DAGs
[2025-07-31T19:44:58.637+0000] {logging_mixin.py:151} INFO - [2025-07-31T19:44:58.637+0000] {dag.py:3696} INFO - Setting next_dagrun for dag_controller_and_file_trigger to None, run_after=None
[2025-07-31T19:44:58.671+0000] {processor.py:179} INFO - Processing /opt/airflow/dags/trigger_dag.py took 0.122 seconds
[2025-07-31T19:45:28.887+0000] {processor.py:157} INFO - Started process (PID=439) to work on /opt/airflow/dags/trigger_dag.py
[2025-07-31T19:45:28.889+0000] {processor.py:829} INFO - Processing file /opt/airflow/dags/trigger_dag.py for tasks to queue
[2025-07-31T19:45:28.891+0000] {logging_mixin.py:151} INFO - [2025-07-31T19:45:28.890+0000] {dagbag.py:539} INFO - Filling up the DagBag from /opt/airflow/dags/trigger_dag.py
[2025-07-31T19:45:28.938+0000] {processor.py:839} INFO - DAG(s) dict_keys(['dag_controller_and_file_trigger']) retrieved from /opt/airflow/dags/trigger_dag.py
[2025-07-31T19:45:28.964+0000] {logging_mixin.py:151} INFO - [2025-07-31T19:45:28.963+0000] {dag.py:2915} INFO - Sync 1 DAGs
[2025-07-31T19:45:28.984+0000] {logging_mixin.py:151} INFO - [2025-07-31T19:45:28.984+0000] {dag.py:3696} INFO - Setting next_dagrun for dag_controller_and_file_trigger to None, run_after=None
[2025-07-31T19:45:29.018+0000] {processor.py:179} INFO - Processing /opt/airflow/dags/trigger_dag.py took 0.136 seconds
[2025-07-31T19:45:59.218+0000] {processor.py:157} INFO - Started process (PID=456) to work on /opt/airflow/dags/trigger_dag.py
[2025-07-31T19:45:59.219+0000] {processor.py:829} INFO - Processing file /opt/airflow/dags/trigger_dag.py for tasks to queue
[2025-07-31T19:45:59.220+0000] {logging_mixin.py:151} INFO - [2025-07-31T19:45:59.220+0000] {dagbag.py:539} INFO - Filling up the DagBag from /opt/airflow/dags/trigger_dag.py
[2025-07-31T19:45:59.258+0000] {processor.py:839} INFO - DAG(s) dict_keys(['dag_controller_and_file_trigger']) retrieved from /opt/airflow/dags/trigger_dag.py
[2025-07-31T19:45:59.277+0000] {logging_mixin.py:151} INFO - [2025-07-31T19:45:59.276+0000] {dag.py:2915} INFO - Sync 1 DAGs
[2025-07-31T19:45:59.293+0000] {logging_mixin.py:151} INFO - [2025-07-31T19:45:59.292+0000] {dag.py:3696} INFO - Setting next_dagrun for dag_controller_and_file_trigger to None, run_after=None
[2025-07-31T19:45:59.317+0000] {processor.py:179} INFO - Processing /opt/airflow/dags/trigger_dag.py took 0.104 seconds
[2025-07-31T19:46:29.517+0000] {processor.py:157} INFO - Started process (PID=473) to work on /opt/airflow/dags/trigger_dag.py
[2025-07-31T19:46:29.518+0000] {processor.py:829} INFO - Processing file /opt/airflow/dags/trigger_dag.py for tasks to queue
[2025-07-31T19:46:29.520+0000] {logging_mixin.py:151} INFO - [2025-07-31T19:46:29.519+0000] {dagbag.py:539} INFO - Filling up the DagBag from /opt/airflow/dags/trigger_dag.py
[2025-07-31T19:46:29.599+0000] {processor.py:839} INFO - DAG(s) dict_keys(['dag_controller_and_file_trigger']) retrieved from /opt/airflow/dags/trigger_dag.py
[2025-07-31T19:46:29.619+0000] {logging_mixin.py:151} INFO - [2025-07-31T19:46:29.619+0000] {dag.py:2915} INFO - Sync 1 DAGs
[2025-07-31T19:46:29.639+0000] {logging_mixin.py:151} INFO - [2025-07-31T19:46:29.639+0000] {dag.py:3696} INFO - Setting next_dagrun for dag_controller_and_file_trigger to None, run_after=None
[2025-07-31T19:46:29.668+0000] {processor.py:179} INFO - Processing /opt/airflow/dags/trigger_dag.py took 0.155 seconds
[2025-07-31T19:46:59.871+0000] {processor.py:157} INFO - Started process (PID=490) to work on /opt/airflow/dags/trigger_dag.py
[2025-07-31T19:46:59.872+0000] {processor.py:829} INFO - Processing file /opt/airflow/dags/trigger_dag.py for tasks to queue
[2025-07-31T19:46:59.874+0000] {logging_mixin.py:151} INFO - [2025-07-31T19:46:59.873+0000] {dagbag.py:539} INFO - Filling up the DagBag from /opt/airflow/dags/trigger_dag.py
[2025-07-31T19:46:59.908+0000] {processor.py:839} INFO - DAG(s) dict_keys(['dag_controller_and_file_trigger']) retrieved from /opt/airflow/dags/trigger_dag.py
[2025-07-31T19:46:59.926+0000] {logging_mixin.py:151} INFO - [2025-07-31T19:46:59.926+0000] {dag.py:2915} INFO - Sync 1 DAGs
[2025-07-31T19:46:59.946+0000] {logging_mixin.py:151} INFO - [2025-07-31T19:46:59.945+0000] {dag.py:3696} INFO - Setting next_dagrun for dag_controller_and_file_trigger to None, run_after=None
[2025-07-31T19:46:59.974+0000] {processor.py:179} INFO - Processing /opt/airflow/dags/trigger_dag.py took 0.107 seconds
[2025-07-31T19:47:30.174+0000] {processor.py:157} INFO - Started process (PID=507) to work on /opt/airflow/dags/trigger_dag.py
[2025-07-31T19:47:30.175+0000] {processor.py:829} INFO - Processing file /opt/airflow/dags/trigger_dag.py for tasks to queue
[2025-07-31T19:47:30.176+0000] {logging_mixin.py:151} INFO - [2025-07-31T19:47:30.176+0000] {dagbag.py:539} INFO - Filling up the DagBag from /opt/airflow/dags/trigger_dag.py
[2025-07-31T19:47:30.209+0000] {processor.py:839} INFO - DAG(s) dict_keys(['dag_controller_and_file_trigger']) retrieved from /opt/airflow/dags/trigger_dag.py
[2025-07-31T19:47:30.226+0000] {logging_mixin.py:151} INFO - [2025-07-31T19:47:30.226+0000] {dag.py:2915} INFO - Sync 1 DAGs
[2025-07-31T19:47:30.241+0000] {logging_mixin.py:151} INFO - [2025-07-31T19:47:30.240+0000] {dag.py:3696} INFO - Setting next_dagrun for dag_controller_and_file_trigger to None, run_after=None
[2025-07-31T19:47:30.262+0000] {processor.py:179} INFO - Processing /opt/airflow/dags/trigger_dag.py took 0.093 seconds
[2025-07-31T19:48:00.473+0000] {processor.py:157} INFO - Started process (PID=524) to work on /opt/airflow/dags/trigger_dag.py
[2025-07-31T19:48:00.475+0000] {processor.py:829} INFO - Processing file /opt/airflow/dags/trigger_dag.py for tasks to queue
[2025-07-31T19:48:00.477+0000] {logging_mixin.py:151} INFO - [2025-07-31T19:48:00.476+0000] {dagbag.py:539} INFO - Filling up the DagBag from /opt/airflow/dags/trigger_dag.py
[2025-07-31T19:48:00.508+0000] {processor.py:839} INFO - DAG(s) dict_keys(['dag_controller_and_file_trigger']) retrieved from /opt/airflow/dags/trigger_dag.py
[2025-07-31T19:48:00.525+0000] {logging_mixin.py:151} INFO - [2025-07-31T19:48:00.524+0000] {dag.py:2915} INFO - Sync 1 DAGs
[2025-07-31T19:48:00.539+0000] {logging_mixin.py:151} INFO - [2025-07-31T19:48:00.539+0000] {dag.py:3696} INFO - Setting next_dagrun for dag_controller_and_file_trigger to None, run_after=None
[2025-07-31T19:48:00.561+0000] {processor.py:179} INFO - Processing /opt/airflow/dags/trigger_dag.py took 0.092 seconds
[2025-07-31T19:48:30.767+0000] {processor.py:157} INFO - Started process (PID=541) to work on /opt/airflow/dags/trigger_dag.py
[2025-07-31T19:48:30.768+0000] {processor.py:829} INFO - Processing file /opt/airflow/dags/trigger_dag.py for tasks to queue
[2025-07-31T19:48:30.769+0000] {logging_mixin.py:151} INFO - [2025-07-31T19:48:30.769+0000] {dagbag.py:539} INFO - Filling up the DagBag from /opt/airflow/dags/trigger_dag.py
[2025-07-31T19:48:30.803+0000] {processor.py:839} INFO - DAG(s) dict_keys(['dag_controller_and_file_trigger']) retrieved from /opt/airflow/dags/trigger_dag.py
[2025-07-31T19:48:30.820+0000] {logging_mixin.py:151} INFO - [2025-07-31T19:48:30.820+0000] {dag.py:2915} INFO - Sync 1 DAGs
[2025-07-31T19:48:30.834+0000] {logging_mixin.py:151} INFO - [2025-07-31T19:48:30.834+0000] {dag.py:3696} INFO - Setting next_dagrun for dag_controller_and_file_trigger to None, run_after=None
[2025-07-31T19:48:30.855+0000] {processor.py:179} INFO - Processing /opt/airflow/dags/trigger_dag.py took 0.093 seconds
[2025-07-31T19:49:01.111+0000] {processor.py:157} INFO - Started process (PID=558) to work on /opt/airflow/dags/trigger_dag.py
[2025-07-31T19:49:01.112+0000] {processor.py:829} INFO - Processing file /opt/airflow/dags/trigger_dag.py for tasks to queue
[2025-07-31T19:49:01.113+0000] {logging_mixin.py:151} INFO - [2025-07-31T19:49:01.113+0000] {dagbag.py:539} INFO - Filling up the DagBag from /opt/airflow/dags/trigger_dag.py
[2025-07-31T19:49:01.145+0000] {processor.py:839} INFO - DAG(s) dict_keys(['dag_controller_and_file_trigger']) retrieved from /opt/airflow/dags/trigger_dag.py
[2025-07-31T19:49:01.161+0000] {logging_mixin.py:151} INFO - [2025-07-31T19:49:01.160+0000] {dag.py:2915} INFO - Sync 1 DAGs
[2025-07-31T19:49:01.174+0000] {logging_mixin.py:151} INFO - [2025-07-31T19:49:01.174+0000] {dag.py:3696} INFO - Setting next_dagrun for dag_controller_and_file_trigger to None, run_after=None
[2025-07-31T19:49:01.195+0000] {processor.py:179} INFO - Processing /opt/airflow/dags/trigger_dag.py took 0.088 seconds
[2025-07-31T19:49:31.401+0000] {processor.py:157} INFO - Started process (PID=575) to work on /opt/airflow/dags/trigger_dag.py
[2025-07-31T19:49:31.402+0000] {processor.py:829} INFO - Processing file /opt/airflow/dags/trigger_dag.py for tasks to queue
[2025-07-31T19:49:31.403+0000] {logging_mixin.py:151} INFO - [2025-07-31T19:49:31.403+0000] {dagbag.py:539} INFO - Filling up the DagBag from /opt/airflow/dags/trigger_dag.py
[2025-07-31T19:49:31.443+0000] {processor.py:839} INFO - DAG(s) dict_keys(['dag_controller_and_file_trigger']) retrieved from /opt/airflow/dags/trigger_dag.py
[2025-07-31T19:49:31.465+0000] {logging_mixin.py:151} INFO - [2025-07-31T19:49:31.465+0000] {dag.py:2915} INFO - Sync 1 DAGs
[2025-07-31T19:49:31.485+0000] {logging_mixin.py:151} INFO - [2025-07-31T19:49:31.484+0000] {dag.py:3696} INFO - Setting next_dagrun for dag_controller_and_file_trigger to None, run_after=None
[2025-07-31T19:49:31.512+0000] {processor.py:179} INFO - Processing /opt/airflow/dags/trigger_dag.py took 0.117 seconds
[2025-07-31T19:50:01.732+0000] {processor.py:157} INFO - Started process (PID=592) to work on /opt/airflow/dags/trigger_dag.py
[2025-07-31T19:50:01.733+0000] {processor.py:829} INFO - Processing file /opt/airflow/dags/trigger_dag.py for tasks to queue
[2025-07-31T19:50:01.734+0000] {logging_mixin.py:151} INFO - [2025-07-31T19:50:01.734+0000] {dagbag.py:539} INFO - Filling up the DagBag from /opt/airflow/dags/trigger_dag.py
[2025-07-31T19:50:01.765+0000] {processor.py:839} INFO - DAG(s) dict_keys(['dag_controller_and_file_trigger']) retrieved from /opt/airflow/dags/trigger_dag.py
[2025-07-31T19:50:01.783+0000] {logging_mixin.py:151} INFO - [2025-07-31T19:50:01.783+0000] {dag.py:2915} INFO - Sync 1 DAGs
[2025-07-31T19:50:01.802+0000] {logging_mixin.py:151} INFO - [2025-07-31T19:50:01.802+0000] {dag.py:3696} INFO - Setting next_dagrun for dag_controller_and_file_trigger to None, run_after=None
[2025-07-31T19:50:01.831+0000] {processor.py:179} INFO - Processing /opt/airflow/dags/trigger_dag.py took 0.103 seconds
[2025-07-31T19:50:32.046+0000] {processor.py:157} INFO - Started process (PID=609) to work on /opt/airflow/dags/trigger_dag.py
[2025-07-31T19:50:32.047+0000] {processor.py:829} INFO - Processing file /opt/airflow/dags/trigger_dag.py for tasks to queue
[2025-07-31T19:50:32.048+0000] {logging_mixin.py:151} INFO - [2025-07-31T19:50:32.048+0000] {dagbag.py:539} INFO - Filling up the DagBag from /opt/airflow/dags/trigger_dag.py
[2025-07-31T19:50:32.081+0000] {processor.py:839} INFO - DAG(s) dict_keys(['dag_controller_and_file_trigger']) retrieved from /opt/airflow/dags/trigger_dag.py
[2025-07-31T19:50:32.097+0000] {logging_mixin.py:151} INFO - [2025-07-31T19:50:32.097+0000] {dag.py:2915} INFO - Sync 1 DAGs
[2025-07-31T19:50:32.111+0000] {logging_mixin.py:151} INFO - [2025-07-31T19:50:32.111+0000] {dag.py:3696} INFO - Setting next_dagrun for dag_controller_and_file_trigger to None, run_after=None
[2025-07-31T19:50:32.134+0000] {processor.py:179} INFO - Processing /opt/airflow/dags/trigger_dag.py took 0.092 seconds
[2025-07-31T19:51:02.363+0000] {processor.py:157} INFO - Started process (PID=626) to work on /opt/airflow/dags/trigger_dag.py
[2025-07-31T19:51:02.364+0000] {processor.py:829} INFO - Processing file /opt/airflow/dags/trigger_dag.py for tasks to queue
[2025-07-31T19:51:02.366+0000] {logging_mixin.py:151} INFO - [2025-07-31T19:51:02.365+0000] {dagbag.py:539} INFO - Filling up the DagBag from /opt/airflow/dags/trigger_dag.py
[2025-07-31T19:51:02.403+0000] {processor.py:839} INFO - DAG(s) dict_keys(['dag_controller_and_file_trigger']) retrieved from /opt/airflow/dags/trigger_dag.py
[2025-07-31T19:51:02.420+0000] {logging_mixin.py:151} INFO - [2025-07-31T19:51:02.420+0000] {dag.py:2915} INFO - Sync 1 DAGs
[2025-07-31T19:51:02.436+0000] {logging_mixin.py:151} INFO - [2025-07-31T19:51:02.435+0000] {dag.py:3696} INFO - Setting next_dagrun for dag_controller_and_file_trigger to None, run_after=None
[2025-07-31T19:51:02.467+0000] {processor.py:179} INFO - Processing /opt/airflow/dags/trigger_dag.py took 0.109 seconds
[2025-07-31T19:51:32.668+0000] {processor.py:157} INFO - Started process (PID=643) to work on /opt/airflow/dags/trigger_dag.py
[2025-07-31T19:51:32.669+0000] {processor.py:829} INFO - Processing file /opt/airflow/dags/trigger_dag.py for tasks to queue
[2025-07-31T19:51:32.670+0000] {logging_mixin.py:151} INFO - [2025-07-31T19:51:32.670+0000] {dagbag.py:539} INFO - Filling up the DagBag from /opt/airflow/dags/trigger_dag.py
[2025-07-31T19:51:32.704+0000] {processor.py:839} INFO - DAG(s) dict_keys(['dag_controller_and_file_trigger']) retrieved from /opt/airflow/dags/trigger_dag.py
[2025-07-31T19:51:32.721+0000] {logging_mixin.py:151} INFO - [2025-07-31T19:51:32.721+0000] {dag.py:2915} INFO - Sync 1 DAGs
[2025-07-31T19:51:32.736+0000] {logging_mixin.py:151} INFO - [2025-07-31T19:51:32.736+0000] {dag.py:3696} INFO - Setting next_dagrun for dag_controller_and_file_trigger to None, run_after=None
[2025-07-31T19:51:32.757+0000] {processor.py:179} INFO - Processing /opt/airflow/dags/trigger_dag.py took 0.095 seconds
[2025-07-31T19:52:02.969+0000] {processor.py:157} INFO - Started process (PID=660) to work on /opt/airflow/dags/trigger_dag.py
[2025-07-31T19:52:02.970+0000] {processor.py:829} INFO - Processing file /opt/airflow/dags/trigger_dag.py for tasks to queue
[2025-07-31T19:52:02.971+0000] {logging_mixin.py:151} INFO - [2025-07-31T19:52:02.971+0000] {dagbag.py:539} INFO - Filling up the DagBag from /opt/airflow/dags/trigger_dag.py
[2025-07-31T19:52:03.004+0000] {processor.py:839} INFO - DAG(s) dict_keys(['dag_controller_and_file_trigger']) retrieved from /opt/airflow/dags/trigger_dag.py
[2025-07-31T19:52:03.021+0000] {logging_mixin.py:151} INFO - [2025-07-31T19:52:03.021+0000] {dag.py:2915} INFO - Sync 1 DAGs
[2025-07-31T19:52:03.035+0000] {logging_mixin.py:151} INFO - [2025-07-31T19:52:03.035+0000] {dag.py:3696} INFO - Setting next_dagrun for dag_controller_and_file_trigger to None, run_after=None
[2025-07-31T19:52:03.057+0000] {processor.py:179} INFO - Processing /opt/airflow/dags/trigger_dag.py took 0.093 seconds
[2025-07-31T19:52:33.278+0000] {processor.py:157} INFO - Started process (PID=677) to work on /opt/airflow/dags/trigger_dag.py
[2025-07-31T19:52:33.279+0000] {processor.py:829} INFO - Processing file /opt/airflow/dags/trigger_dag.py for tasks to queue
[2025-07-31T19:52:33.280+0000] {logging_mixin.py:151} INFO - [2025-07-31T19:52:33.280+0000] {dagbag.py:539} INFO - Filling up the DagBag from /opt/airflow/dags/trigger_dag.py
[2025-07-31T19:52:33.313+0000] {processor.py:839} INFO - DAG(s) dict_keys(['dag_controller_and_file_trigger']) retrieved from /opt/airflow/dags/trigger_dag.py
[2025-07-31T19:52:33.330+0000] {logging_mixin.py:151} INFO - [2025-07-31T19:52:33.330+0000] {dag.py:2915} INFO - Sync 1 DAGs
[2025-07-31T19:52:33.346+0000] {logging_mixin.py:151} INFO - [2025-07-31T19:52:33.346+0000] {dag.py:3696} INFO - Setting next_dagrun for dag_controller_and_file_trigger to None, run_after=None
[2025-07-31T19:52:33.368+0000] {processor.py:179} INFO - Processing /opt/airflow/dags/trigger_dag.py took 0.095 seconds
