[2025-07-31T19:33:02.618+0000] {taskinstance.py:1157} INFO - Dependencies all met for dep_context=non-requeueable deps ti=<TaskInstance: postgres_pipeline_example.create_table manual__2025-07-31T19:32:57.549134+00:00 [queued]>
[2025-07-31T19:33:02.628+0000] {taskinstance.py:1157} INFO - Dependencies all met for dep_context=requeueable deps ti=<TaskInstance: postgres_pipeline_example.create_table manual__2025-07-31T19:32:57.549134+00:00 [queued]>
[2025-07-31T19:33:02.629+0000] {taskinstance.py:1359} INFO - Starting attempt 1 of 1
[2025-07-31T19:33:02.642+0000] {taskinstance.py:1380} INFO - Executing <Task(PostgresOperator): create_table> on 2025-07-31 19:32:57.549134+00:00
[2025-07-31T19:33:02.646+0000] {standard_task_runner.py:57} INFO - Started process 840 to run task
[2025-07-31T19:33:02.649+0000] {standard_task_runner.py:84} INFO - Running: ['***', 'tasks', 'run', 'postgres_pipeline_example', 'create_table', 'manual__2025-07-31T19:32:57.549134+00:00', '--job-id', '247', '--raw', '--subdir', 'DAGS_FOLDER/jobs_dag.py', '--cfg-path', '/tmp/tmpi7227tf1']
[2025-07-31T19:33:02.652+0000] {standard_task_runner.py:85} INFO - Job 247: Subtask create_table
[2025-07-31T19:33:02.702+0000] {task_command.py:415} INFO - Running <TaskInstance: postgres_pipeline_example.create_table manual__2025-07-31T19:32:57.549134+00:00 [running]> on host 39aa5c3cd22d
[2025-07-31T19:33:02.778+0000] {taskinstance.py:1660} INFO - Exporting env vars: AIRFLOW_CTX_DAG_OWNER='***' AIRFLOW_CTX_DAG_ID='postgres_pipeline_example' AIRFLOW_CTX_TASK_ID='create_table' AIRFLOW_CTX_EXECUTION_DATE='2025-07-31T19:32:57.549134+00:00' AIRFLOW_CTX_TRY_NUMBER='1' AIRFLOW_CTX_DAG_RUN_ID='manual__2025-07-31T19:32:57.549134+00:00'
[2025-07-31T19:33:02.779+0000] {sql.py:274} INFO - Executing: 
            CREATE TABLE IF NOT EXISTS user_processing_data (
                custom_id INTEGER NOT NULL,
                user_name VARCHAR(50) NOT NULL,
                timestamp TIMESTAMP NOT NULL
            );
        
[2025-07-31T19:33:02.788+0000] {base.py:73} INFO - Using connection ID 'postgres_default' for task execution.
[2025-07-31T19:33:02.796+0000] {base.py:73} INFO - Using connection ID 'postgres_default' for task execution.
[2025-07-31T19:33:02.800+0000] {sql.py:418} INFO - Running statement: 
            CREATE TABLE IF NOT EXISTS user_processing_data (
                custom_id INTEGER NOT NULL,
                user_name VARCHAR(50) NOT NULL,
                timestamp TIMESTAMP NOT NULL
            );
        , parameters: None
[2025-07-31T19:33:02.825+0000] {taskinstance.py:1398} INFO - Marking task as SUCCESS. dag_id=postgres_pipeline_example, task_id=create_table, execution_date=20250731T193257, start_date=20250731T193302, end_date=20250731T193302
[2025-07-31T19:33:02.872+0000] {local_task_job_runner.py:228} INFO - Task exited with return code 0
[2025-07-31T19:33:02.896+0000] {taskinstance.py:2776} INFO - 1 downstream tasks scheduled from follow-on schedule check
