[2025-07-31T19:15:51.256+0000] {manager.py:487} INFO - Processing files using up to 2 processes at a time 
[2025-07-31T19:15:51.256+0000] {manager.py:488} INFO - Process each file at most once every 30 seconds
[2025-07-31T19:15:51.257+0000] {manager.py:489} INFO - Checking for new files in /opt/airflow/dags every 300 seconds
[2025-07-31T19:15:51.257+0000] {manager.py:759} INFO - Searching for files in /opt/airflow/dags
[2025-07-31T19:15:51.264+0000] {manager.py:762} INFO - There are 2 files in /opt/airflow/dags
[2025-07-31T19:15:51.592+0000] {manager.py:893} INFO - 
================================================================================
DAG File Processing Stats

File Path                           PID  Runtime      # DAGs    # Errors  Last Runtime    Last Run
--------------------------------  -----  ---------  --------  ----------  --------------  ----------
/opt/airflow/dags/trigger_dag.py    189  0.07s             0           0
/opt/airflow/dags/jobs_dag.py       186  0.15s             0           0
================================================================================
[2025-07-31T19:16:22.262+0000] {manager.py:893} INFO - 
================================================================================
DAG File Processing Stats

File Path                           PID  Runtime      # DAGs    # Errors  Last Runtime    Last Run
--------------------------------  -----  ---------  --------  ----------  --------------  -------------------
/opt/airflow/dags/trigger_dag.py    207  0.00s             1           0  0.57s           2025-07-31T19:15:52
/opt/airflow/dags/jobs_dag.py       204  0.01s             1           0  0.70s           2025-07-31T19:15:52
================================================================================
[2025-07-31T19:16:52.824+0000] {manager.py:893} INFO - 
================================================================================
DAG File Processing Stats

File Path                           PID  Runtime      # DAGs    # Errors  Last Runtime    Last Run
--------------------------------  -----  ---------  --------  ----------  --------------  -------------------
/opt/airflow/dags/trigger_dag.py    224  0.00s             1           0  0.35s           2025-07-31T19:16:22
/opt/airflow/dags/jobs_dag.py       221  0.01s             1           0  0.35s           2025-07-31T19:16:22
================================================================================
[2025-07-31T19:17:23.317+0000] {manager.py:893} INFO - 
================================================================================
DAG File Processing Stats

File Path                           PID  Runtime      # DAGs    # Errors  Last Runtime    Last Run
--------------------------------  -----  ---------  --------  ----------  --------------  -------------------
/opt/airflow/dags/trigger_dag.py    241  0.00s             1           0  0.30s           2025-07-31T19:16:53
/opt/airflow/dags/jobs_dag.py       238  0.01s             1           0  0.29s           2025-07-31T19:16:53
================================================================================
[2025-07-31T19:17:53.789+0000] {manager.py:893} INFO - 
================================================================================
DAG File Processing Stats

File Path                           PID  Runtime      # DAGs    # Errors  Last Runtime    Last Run
--------------------------------  -----  ---------  --------  ----------  --------------  -------------------
/opt/airflow/dags/trigger_dag.py    258  0.00s             1           0  0.31s           2025-07-31T19:17:23
/opt/airflow/dags/jobs_dag.py       255  0.01s             1           0  0.28s           2025-07-31T19:17:23
================================================================================
[2025-07-31T19:18:24.089+0000] {manager.py:893} INFO - 
================================================================================
DAG File Processing Stats

File Path                           PID  Runtime      # DAGs    # Errors  Last Runtime    Last Run
--------------------------------  -----  ---------  --------  ----------  --------------  -------------------
/opt/airflow/dags/trigger_dag.py    275  0.00s             1           0  0.12s           2025-07-31T19:17:53
/opt/airflow/dags/jobs_dag.py       272  0.01s             1           0  0.11s           2025-07-31T19:17:53
================================================================================
[2025-07-31T19:18:54.380+0000] {manager.py:893} INFO - 
================================================================================
DAG File Processing Stats

File Path                           PID  Runtime      # DAGs    # Errors  Last Runtime    Last Run
--------------------------------  -----  ---------  --------  ----------  --------------  -------------------
/opt/airflow/dags/trigger_dag.py    292  0.00s             1           0  0.11s           2025-07-31T19:18:24
/opt/airflow/dags/jobs_dag.py       289  0.01s             1           0  0.11s           2025-07-31T19:18:24
================================================================================
[2025-07-31T19:19:24.694+0000] {manager.py:893} INFO - 
================================================================================
DAG File Processing Stats

File Path                           PID  Runtime      # DAGs    # Errors  Last Runtime    Last Run
--------------------------------  -----  ---------  --------  ----------  --------------  -------------------
/opt/airflow/dags/trigger_dag.py    309  0.00s             1           0  0.12s           2025-07-31T19:18:54
/opt/airflow/dags/jobs_dag.py       306  0.01s             1           0  0.11s           2025-07-31T19:18:54
================================================================================
[2025-07-31T19:19:55.010+0000] {manager.py:893} INFO - 
================================================================================
DAG File Processing Stats

File Path                           PID  Runtime      # DAGs    # Errors  Last Runtime    Last Run
--------------------------------  -----  ---------  --------  ----------  --------------  -------------------
/opt/airflow/dags/trigger_dag.py    326  0.00s             1           0  0.11s           2025-07-31T19:19:24
/opt/airflow/dags/jobs_dag.py       323  0.01s             1           0  0.11s           2025-07-31T19:19:24
================================================================================
[2025-07-31T19:20:25.324+0000] {manager.py:893} INFO - 
================================================================================
DAG File Processing Stats

File Path                           PID  Runtime      # DAGs    # Errors  Last Runtime    Last Run
--------------------------------  -----  ---------  --------  ----------  --------------  -------------------
/opt/airflow/dags/trigger_dag.py    343  0.00s             1           0  0.12s           2025-07-31T19:19:55
/opt/airflow/dags/jobs_dag.py       340  0.01s             1           0  0.11s           2025-07-31T19:19:55
================================================================================
[2025-07-31T19:20:51.592+0000] {manager.py:759} INFO - Searching for files in /opt/airflow/dags
[2025-07-31T19:20:51.605+0000] {manager.py:762} INFO - There are 2 files in /opt/airflow/dags
[2025-07-31T19:20:55.663+0000] {manager.py:893} INFO - 
================================================================================
DAG File Processing Stats

File Path                           PID  Runtime      # DAGs    # Errors  Last Runtime    Last Run
--------------------------------  -----  ---------  --------  ----------  --------------  -------------------
/opt/airflow/dags/trigger_dag.py    360  0.00s             1           0  0.12s           2025-07-31T19:20:25
/opt/airflow/dags/jobs_dag.py       357  0.01s             1           0  0.12s           2025-07-31T19:20:25
================================================================================
[2025-07-31T19:21:25.983+0000] {manager.py:893} INFO - 
================================================================================
DAG File Processing Stats

File Path                           PID  Runtime      # DAGs    # Errors  Last Runtime    Last Run
--------------------------------  -----  ---------  --------  ----------  --------------  -------------------
/opt/airflow/dags/trigger_dag.py    377  0.00s             1           0  0.12s           2025-07-31T19:20:55
/opt/airflow/dags/jobs_dag.py       374  0.01s             1           0  0.12s           2025-07-31T19:20:55
================================================================================
[2025-07-31T19:21:56.294+0000] {manager.py:893} INFO - 
================================================================================
DAG File Processing Stats

File Path                           PID  Runtime      # DAGs    # Errors  Last Runtime    Last Run
--------------------------------  -----  ---------  --------  ----------  --------------  -------------------
/opt/airflow/dags/trigger_dag.py    394  0.00s             1           0  0.12s           2025-07-31T19:21:26
/opt/airflow/dags/jobs_dag.py       391  0.01s             1           0  0.12s           2025-07-31T19:21:26
================================================================================
[2025-07-31T19:22:26.661+0000] {manager.py:893} INFO - 
================================================================================
DAG File Processing Stats

File Path                           PID  Runtime      # DAGs    # Errors  Last Runtime    Last Run
--------------------------------  -----  ---------  --------  ----------  --------------  -------------------
/opt/airflow/dags/trigger_dag.py    418  0.00s             1           0  0.16s           2025-07-31T19:21:56
/opt/airflow/dags/jobs_dag.py       415  0.01s             1           0  0.16s           2025-07-31T19:21:56
================================================================================
[2025-07-31T19:22:56.965+0000] {manager.py:893} INFO - 
================================================================================
DAG File Processing Stats

File Path                           PID  Runtime      # DAGs    # Errors  Last Runtime    Last Run
--------------------------------  -----  ---------  --------  ----------  --------------  -------------------
/opt/airflow/dags/trigger_dag.py    435  0.00s             1           0  0.11s           2025-07-31T19:22:26
/opt/airflow/dags/jobs_dag.py       432  0.01s             1           0  0.11s           2025-07-31T19:22:26
================================================================================
[2025-07-31T19:23:27.282+0000] {manager.py:893} INFO - 
================================================================================
DAG File Processing Stats

File Path                           PID  Runtime      # DAGs    # Errors  Last Runtime    Last Run
--------------------------------  -----  ---------  --------  ----------  --------------  -------------------
/opt/airflow/dags/trigger_dag.py    452  0.00s             1           0  0.13s           2025-07-31T19:22:57
/opt/airflow/dags/jobs_dag.py       449  0.01s             1           0  0.13s           2025-07-31T19:22:57
================================================================================
[2025-07-31T19:23:57.624+0000] {manager.py:893} INFO - 
================================================================================
DAG File Processing Stats

File Path                           PID  Runtime      # DAGs    # Errors  Last Runtime    Last Run
--------------------------------  -----  ---------  --------  ----------  --------------  -------------------
/opt/airflow/dags/trigger_dag.py    469  0.00s             1           0  0.14s           2025-07-31T19:23:27
/opt/airflow/dags/jobs_dag.py       466  0.01s             1           0  0.14s           2025-07-31T19:23:27
================================================================================
[2025-07-31T19:24:27.953+0000] {manager.py:893} INFO - 
================================================================================
DAG File Processing Stats

File Path                           PID  Runtime      # DAGs    # Errors  Last Runtime    Last Run
--------------------------------  -----  ---------  --------  ----------  --------------  -------------------
/opt/airflow/dags/trigger_dag.py    486  0.00s             1           0  0.14s           2025-07-31T19:23:57
/opt/airflow/dags/jobs_dag.py       483  0.01s             1           0  0.13s           2025-07-31T19:23:57
================================================================================
[2025-07-31T19:24:58.276+0000] {manager.py:893} INFO - 
================================================================================
DAG File Processing Stats

File Path                           PID  Runtime      # DAGs    # Errors  Last Runtime    Last Run
--------------------------------  -----  ---------  --------  ----------  --------------  -------------------
/opt/airflow/dags/trigger_dag.py    509  0.00s             1           0  0.12s           2025-07-31T19:24:28
/opt/airflow/dags/jobs_dag.py       506  0.01s             1           0  0.12s           2025-07-31T19:24:28
================================================================================
[2025-07-31T19:25:28.580+0000] {manager.py:893} INFO - 
================================================================================
DAG File Processing Stats

File Path                           PID  Runtime      # DAGs    # Errors  Last Runtime    Last Run
--------------------------------  -----  ---------  --------  ----------  --------------  -------------------
/opt/airflow/dags/trigger_dag.py    532  0.00s             1           0  0.12s           2025-07-31T19:24:58
/opt/airflow/dags/jobs_dag.py       529  0.01s             1           0  0.11s           2025-07-31T19:24:58
================================================================================
[2025-07-31T19:25:51.835+0000] {manager.py:759} INFO - Searching for files in /opt/airflow/dags
[2025-07-31T19:25:51.847+0000] {manager.py:762} INFO - There are 2 files in /opt/airflow/dags
[2025-07-31T19:25:58.923+0000] {manager.py:893} INFO - 
================================================================================
DAG File Processing Stats

File Path                           PID  Runtime      # DAGs    # Errors  Last Runtime    Last Run
--------------------------------  -----  ---------  --------  ----------  --------------  -------------------
/opt/airflow/dags/trigger_dag.py    567  0.00s             1           0  0.11s           2025-07-31T19:25:28
/opt/airflow/dags/jobs_dag.py       564  0.01s             1           0  0.12s           2025-07-31T19:25:28
================================================================================
[2025-07-31T19:26:29.224+0000] {manager.py:893} INFO - 
================================================================================
DAG File Processing Stats

File Path                           PID  Runtime      # DAGs    # Errors  Last Runtime    Last Run
--------------------------------  -----  ---------  --------  ----------  --------------  -------------------
/opt/airflow/dags/trigger_dag.py    596  0.00s             1           0  0.11s           2025-07-31T19:25:59
/opt/airflow/dags/jobs_dag.py       593  0.01s             1           0  0.10s           2025-07-31T19:25:59
================================================================================
[2025-07-31T19:26:59.526+0000] {manager.py:893} INFO - 
================================================================================
DAG File Processing Stats

File Path                           PID  Runtime      # DAGs    # Errors  Last Runtime    Last Run
--------------------------------  -----  ---------  --------  ----------  --------------  -------------------
/opt/airflow/dags/trigger_dag.py    613  0.00s             1           0  0.11s           2025-07-31T19:26:29
/opt/airflow/dags/jobs_dag.py       610  0.01s             1           0  0.11s           2025-07-31T19:26:29
================================================================================
[2025-07-31T19:27:29.859+0000] {manager.py:893} INFO - 
================================================================================
DAG File Processing Stats

File Path                           PID  Runtime      # DAGs    # Errors  Last Runtime    Last Run
--------------------------------  -----  ---------  --------  ----------  --------------  -------------------
/opt/airflow/dags/trigger_dag.py    630  0.00s             1           0  0.15s           2025-07-31T19:26:59
/opt/airflow/dags/jobs_dag.py       627  0.01s             1           0  0.14s           2025-07-31T19:26:59
================================================================================
[2025-07-31T19:28:00.175+0000] {manager.py:893} INFO - 
================================================================================
DAG File Processing Stats

File Path                           PID  Runtime      # DAGs    # Errors  Last Runtime    Last Run
--------------------------------  -----  ---------  --------  ----------  --------------  -------------------
/opt/airflow/dags/trigger_dag.py    647  0.00s             1           0  0.11s           2025-07-31T19:27:29
/opt/airflow/dags/jobs_dag.py       644  0.01s             1           0  0.11s           2025-07-31T19:27:29
================================================================================
[2025-07-31T19:28:30.476+0000] {manager.py:893} INFO - 
================================================================================
DAG File Processing Stats

File Path                           PID  Runtime      # DAGs    # Errors  Last Runtime    Last Run
--------------------------------  -----  ---------  --------  ----------  --------------  -------------------
/opt/airflow/dags/trigger_dag.py    671  0.00s             1           0  0.12s           2025-07-31T19:28:00
/opt/airflow/dags/jobs_dag.py       668  0.01s             1           0  0.11s           2025-07-31T19:28:00
================================================================================
[2025-07-31T19:29:00.778+0000] {manager.py:893} INFO - 
================================================================================
DAG File Processing Stats

File Path                           PID  Runtime      # DAGs    # Errors  Last Runtime    Last Run
--------------------------------  -----  ---------  --------  ----------  --------------  -------------------
/opt/airflow/dags/trigger_dag.py    694  0.00s             1           0  0.12s           2025-07-31T19:28:30
/opt/airflow/dags/jobs_dag.py       691  0.01s             1           0  0.12s           2025-07-31T19:28:30
================================================================================
[2025-07-31T19:29:31.076+0000] {manager.py:893} INFO - 
================================================================================
DAG File Processing Stats

File Path                           PID  Runtime      # DAGs    # Errors  Last Runtime    Last Run
--------------------------------  -----  ---------  --------  ----------  --------------  -------------------
/opt/airflow/dags/trigger_dag.py    711  0.00s             1           0  0.11s           2025-07-31T19:29:00
/opt/airflow/dags/jobs_dag.py       708  0.01s             1           0  0.10s           2025-07-31T19:29:00
================================================================================
[2025-07-31T19:30:01.381+0000] {manager.py:893} INFO - 
================================================================================
DAG File Processing Stats

File Path                           PID  Runtime      # DAGs    # Errors  Last Runtime    Last Run
--------------------------------  -----  ---------  --------  ----------  --------------  -------------------
/opt/airflow/dags/trigger_dag.py    728  0.00s             1           0  0.12s           2025-07-31T19:29:31
/opt/airflow/dags/jobs_dag.py       725  0.01s             1           0  0.12s           2025-07-31T19:29:31
================================================================================
[2025-07-31T19:30:31.693+0000] {manager.py:893} INFO - 
================================================================================
DAG File Processing Stats

File Path                           PID  Runtime      # DAGs    # Errors  Last Runtime    Last Run
--------------------------------  -----  ---------  --------  ----------  --------------  -------------------
/opt/airflow/dags/trigger_dag.py    751  0.00s             1           0  0.12s           2025-07-31T19:30:01
/opt/airflow/dags/jobs_dag.py       748  0.01s             1           0  0.11s           2025-07-31T19:30:01
================================================================================
[2025-07-31T19:30:51.913+0000] {manager.py:759} INFO - Searching for files in /opt/airflow/dags
[2025-07-31T19:30:51.923+0000] {manager.py:762} INFO - There are 2 files in /opt/airflow/dags
[2025-07-31T19:31:01.897+0000] {manager.py:893} INFO - 
================================================================================
DAG File Processing Stats

File Path                           PID  Runtime      # DAGs    # Errors  Last Runtime    Last Run
--------------------------------  -----  ---------  --------  ----------  --------------  -------------------
/opt/airflow/dags/trigger_dag.py    768  0.00s             1           0  0.12s           2025-07-31T19:30:31
/opt/airflow/dags/jobs_dag.py       765  0.01s             1           0  0.13s           2025-07-31T19:30:31
================================================================================
[2025-07-31T19:31:32.201+0000] {manager.py:893} INFO - 
================================================================================
DAG File Processing Stats

File Path                           PID  Runtime      # DAGs    # Errors  Last Runtime    Last Run
--------------------------------  -----  ---------  --------  ----------  --------------  -------------------
/opt/airflow/dags/trigger_dag.py    785  0.00s             1           0  0.11s           2025-07-31T19:31:02
/opt/airflow/dags/jobs_dag.py       782  0.01s             1           0  0.11s           2025-07-31T19:31:01
================================================================================
[2025-07-31T19:32:02.516+0000] {manager.py:893} INFO - 
================================================================================
DAG File Processing Stats

File Path                           PID  Runtime      # DAGs    # Errors  Last Runtime    Last Run
--------------------------------  -----  ---------  --------  ----------  --------------  -------------------
/opt/airflow/dags/trigger_dag.py    802  0.00s             1           0  0.12s           2025-07-31T19:31:32
/opt/airflow/dags/jobs_dag.py       799  0.01s             1           0  0.12s           2025-07-31T19:31:32
================================================================================
[2025-07-31T19:32:32.828+0000] {manager.py:893} INFO - 
================================================================================
DAG File Processing Stats

File Path                           PID  Runtime      # DAGs    # Errors  Last Runtime    Last Run
--------------------------------  -----  ---------  --------  ----------  --------------  -------------------
/opt/airflow/dags/trigger_dag.py    819  0.00s             1           0  0.12s           2025-07-31T19:32:02
/opt/airflow/dags/jobs_dag.py       816  0.01s             1           0  0.11s           2025-07-31T19:32:02
================================================================================
[2025-07-31T19:33:03.150+0000] {manager.py:893} INFO - 
================================================================================
DAG File Processing Stats

File Path                           PID  Runtime      # DAGs    # Errors  Last Runtime    Last Run
--------------------------------  -----  ---------  --------  ----------  --------------  -------------------
/opt/airflow/dags/trigger_dag.py    844  0.00s             1           0  0.14s           2025-07-31T19:32:32
/opt/airflow/dags/jobs_dag.py       841  0.01s             1           0  0.14s           2025-07-31T19:32:32
================================================================================
[2025-07-31T19:33:33.451+0000] {manager.py:893} INFO - 
================================================================================
DAG File Processing Stats

File Path                           PID  Runtime      # DAGs    # Errors  Last Runtime    Last Run
--------------------------------  -----  ---------  --------  ----------  --------------  -------------------
/opt/airflow/dags/trigger_dag.py    863  0.00s             1           0  0.12s           2025-07-31T19:33:03
/opt/airflow/dags/jobs_dag.py       860  0.01s             1           0  0.12s           2025-07-31T19:33:03
================================================================================
[2025-07-31T19:34:03.751+0000] {manager.py:893} INFO - 
================================================================================
DAG File Processing Stats

File Path                           PID  Runtime      # DAGs    # Errors  Last Runtime    Last Run
--------------------------------  -----  ---------  --------  ----------  --------------  -------------------
/opt/airflow/dags/trigger_dag.py    888  0.00s             1           0  0.11s           2025-07-31T19:33:33
/opt/airflow/dags/jobs_dag.py       885  0.01s             1           0  0.11s           2025-07-31T19:33:33
================================================================================
[2025-07-31T19:34:34.067+0000] {manager.py:893} INFO - 
================================================================================
DAG File Processing Stats

File Path                           PID  Runtime      # DAGs    # Errors  Last Runtime    Last Run
--------------------------------  -----  ---------  --------  ----------  --------------  -------------------
/opt/airflow/dags/trigger_dag.py    905  0.00s             1           0  0.13s           2025-07-31T19:34:03
/opt/airflow/dags/jobs_dag.py       902  0.01s             1           0  0.12s           2025-07-31T19:34:03
================================================================================
[2025-07-31T19:35:04.375+0000] {manager.py:893} INFO - 
================================================================================
DAG File Processing Stats

File Path                           PID  Runtime      # DAGs    # Errors  Last Runtime    Last Run
--------------------------------  -----  ---------  --------  ----------  --------------  -------------------
/opt/airflow/dags/trigger_dag.py    922  0.00s             1           0  0.11s           2025-07-31T19:34:34
/opt/airflow/dags/jobs_dag.py       919  0.01s             1           0  0.11s           2025-07-31T19:34:34
================================================================================
[2025-07-31T19:35:34.578+0000] {manager.py:893} INFO - 
================================================================================
DAG File Processing Stats

File Path                           PID  Runtime      # DAGs    # Errors  Last Runtime    Last Run
--------------------------------  -----  ---------  --------  ----------  --------------  -------------------
/opt/airflow/dags/trigger_dag.py    939  0.00s             1           0  0.11s           2025-07-31T19:35:04
/opt/airflow/dags/jobs_dag.py       936  0.01s             1           0  0.11s           2025-07-31T19:35:04
================================================================================
[2025-07-31T19:35:52.780+0000] {manager.py:759} INFO - Searching for files in /opt/airflow/dags
[2025-07-31T19:35:52.793+0000] {manager.py:762} INFO - There are 2 files in /opt/airflow/dags
[2025-07-31T19:36:04.900+0000] {manager.py:893} INFO - 
================================================================================
DAG File Processing Stats

File Path                           PID  Runtime      # DAGs    # Errors  Last Runtime    Last Run
--------------------------------  -----  ---------  --------  ----------  --------------  -------------------
/opt/airflow/dags/trigger_dag.py    956  0.00s             1           0  0.11s           2025-07-31T19:35:34
/opt/airflow/dags/jobs_dag.py       953  0.01s             1           0  0.11s           2025-07-31T19:35:34
================================================================================
[2025-07-31T19:36:35.235+0000] {manager.py:893} INFO - 
================================================================================
DAG File Processing Stats

File Path                           PID  Runtime      # DAGs    # Errors  Last Runtime    Last Run
--------------------------------  -----  ---------  --------  ----------  --------------  -------------------
/opt/airflow/dags/trigger_dag.py    973  0.00s             1           0  0.15s           2025-07-31T19:36:05
/opt/airflow/dags/jobs_dag.py       970  0.01s             1           0  0.14s           2025-07-31T19:36:05
================================================================================
[2025-07-31T19:37:05.562+0000] {manager.py:893} INFO - 
================================================================================
DAG File Processing Stats

File Path                           PID  Runtime      # DAGs    # Errors  Last Runtime    Last Run
--------------------------------  -----  ---------  --------  ----------  --------------  -------------------
/opt/airflow/dags/trigger_dag.py    992  0.00s             1           0  0.14s           2025-07-31T19:36:35
/opt/airflow/dags/jobs_dag.py                              1           0  0.19s           2025-07-31T19:36:53
================================================================================
[2025-07-31T19:37:35.849+0000] {manager.py:893} INFO - 
================================================================================
DAG File Processing Stats

File Path                           PID  Runtime      # DAGs    # Errors  Last Runtime    Last Run
--------------------------------  -----  ---------  --------  ----------  --------------  -------------------
/opt/airflow/dags/trigger_dag.py   1009  0.00s             1           0  0.11s           2025-07-31T19:37:05
/opt/airflow/dags/jobs_dag.py                              1           0  0.25s           2025-07-31T19:37:23
================================================================================
[2025-07-31T19:37:55.400+0000] {manager.py:469} INFO - Exiting gracefully upon receiving signal 15
[2025-07-31T19:38:53.622+0000] {manager.py:487} INFO - Processing files using up to 2 processes at a time 
[2025-07-31T19:38:53.623+0000] {manager.py:488} INFO - Process each file at most once every 30 seconds
[2025-07-31T19:38:53.623+0000] {manager.py:489} INFO - Checking for new files in /opt/airflow/dags every 300 seconds
[2025-07-31T19:38:53.624+0000] {manager.py:759} INFO - Searching for files in /opt/airflow/dags
[2025-07-31T19:38:53.632+0000] {manager.py:762} INFO - There are 2 files in /opt/airflow/dags
[2025-07-31T19:38:53.833+0000] {manager.py:893} INFO - 
================================================================================
DAG File Processing Stats

File Path                           PID  Runtime      # DAGs    # Errors  Last Runtime    Last Run
--------------------------------  -----  ---------  --------  ----------  --------------  ----------
/opt/airflow/dags/trigger_dag.py    189  0.04s             0           0
/opt/airflow/dags/jobs_dag.py       186  0.09s             0           0
================================================================================
[2025-07-31T19:39:24.414+0000] {manager.py:893} INFO - 
================================================================================
DAG File Processing Stats

File Path                           PID  Runtime      # DAGs    # Errors  Last Runtime    Last Run
--------------------------------  -----  ---------  --------  ----------  --------------  -------------------
/opt/airflow/dags/trigger_dag.py    206  0.00s             1           0  0.44s           2025-07-31T19:38:54
/opt/airflow/dags/jobs_dag.py       203  0.01s             1           0  0.52s           2025-07-31T19:38:54
================================================================================
[2025-07-31T19:39:54.924+0000] {manager.py:893} INFO - 
================================================================================
DAG File Processing Stats

File Path                           PID  Runtime      # DAGs    # Errors  Last Runtime    Last Run
--------------------------------  -----  ---------  --------  ----------  --------------  -------------------
/opt/airflow/dags/trigger_dag.py    223  0.00s             1           0  0.24s           2025-07-31T19:39:24
/opt/airflow/dags/jobs_dag.py       220  0.01s             1           0  0.24s           2025-07-31T19:39:24
================================================================================
[2025-07-31T19:40:25.401+0000] {manager.py:893} INFO - 
================================================================================
DAG File Processing Stats

File Path                           PID  Runtime      # DAGs    # Errors  Last Runtime    Last Run
--------------------------------  -----  ---------  --------  ----------  --------------  -------------------
/opt/airflow/dags/trigger_dag.py    250  0.00s             1           0  0.24s           2025-07-31T19:39:55
/opt/airflow/dags/jobs_dag.py       247  0.01s             1           0  0.24s           2025-07-31T19:39:55
================================================================================
[2025-07-31T19:40:56.000+0000] {manager.py:893} INFO - 
================================================================================
DAG File Processing Stats

File Path                           PID  Runtime      # DAGs    # Errors  Last Runtime    Last Run
--------------------------------  -----  ---------  --------  ----------  --------------  -------------------
/opt/airflow/dags/trigger_dag.py    267  0.00s             1           0  0.25s           2025-07-31T19:40:25
/opt/airflow/dags/jobs_dag.py       264  0.01s             1           0  0.25s           2025-07-31T19:40:25
================================================================================
[2025-07-31T19:41:26.315+0000] {manager.py:893} INFO - 
================================================================================
DAG File Processing Stats

File Path                           PID  Runtime      # DAGs    # Errors  Last Runtime    Last Run
--------------------------------  -----  ---------  --------  ----------  --------------  -------------------
/opt/airflow/dags/trigger_dag.py    294  0.00s             1           0  0.12s           2025-07-31T19:40:56
/opt/airflow/dags/jobs_dag.py       291  0.01s             1           0  0.12s           2025-07-31T19:40:56
================================================================================
[2025-07-31T19:41:56.643+0000] {manager.py:893} INFO - 
================================================================================
DAG File Processing Stats

File Path                           PID  Runtime      # DAGs    # Errors  Last Runtime    Last Run
--------------------------------  -----  ---------  --------  ----------  --------------  -------------------
/opt/airflow/dags/trigger_dag.py    313  0.00s             1           0  0.12s           2025-07-31T19:41:26
/opt/airflow/dags/jobs_dag.py                              1           0  0.12s           2025-07-31T19:41:52
================================================================================
[2025-07-31T19:42:26.952+0000] {manager.py:893} INFO - 
================================================================================
DAG File Processing Stats

File Path                           PID  Runtime      # DAGs    # Errors  Last Runtime    Last Run
--------------------------------  -----  ---------  --------  ----------  --------------  -------------------
/opt/airflow/dags/trigger_dag.py    330  0.00s             1           0  0.11s           2025-07-31T19:41:56
/opt/airflow/dags/jobs_dag.py                              1           0  0.11s           2025-07-31T19:42:23
================================================================================
[2025-07-31T19:42:57.251+0000] {manager.py:893} INFO - 
================================================================================
DAG File Processing Stats

File Path                           PID  Runtime      # DAGs    # Errors  Last Runtime    Last Run
--------------------------------  -----  ---------  --------  ----------  --------------  -------------------
/opt/airflow/dags/trigger_dag.py    347  0.00s             1           0  0.12s           2025-07-31T19:42:27
/opt/airflow/dags/jobs_dag.py                              1           0  0.13s           2025-07-31T19:42:53
================================================================================
[2025-07-31T19:43:27.564+0000] {manager.py:893} INFO - 
================================================================================
DAG File Processing Stats

File Path                           PID  Runtime      # DAGs    # Errors  Last Runtime    Last Run
--------------------------------  -----  ---------  --------  ----------  --------------  -------------------
/opt/airflow/dags/trigger_dag.py    364  0.00s             1           0  0.14s           2025-07-31T19:42:57
/opt/airflow/dags/jobs_dag.py                              1           0  0.14s           2025-07-31T19:43:23
================================================================================
[2025-07-31T19:43:53.734+0000] {manager.py:759} INFO - Searching for files in /opt/airflow/dags
[2025-07-31T19:43:53.746+0000] {manager.py:762} INFO - There are 2 files in /opt/airflow/dags
[2025-07-31T19:43:57.852+0000] {manager.py:893} INFO - 
================================================================================
DAG File Processing Stats

File Path                           PID  Runtime      # DAGs    # Errors  Last Runtime    Last Run
--------------------------------  -----  ---------  --------  ----------  --------------  -------------------
/opt/airflow/dags/trigger_dag.py    381  0.00s             1           0  0.11s           2025-07-31T19:43:27
/opt/airflow/dags/jobs_dag.py                              1           0  0.13s           2025-07-31T19:43:53
================================================================================
[2025-07-31T19:44:28.166+0000] {manager.py:893} INFO - 
================================================================================
DAG File Processing Stats

File Path                           PID  Runtime      # DAGs    # Errors  Last Runtime    Last Run
--------------------------------  -----  ---------  --------  ----------  --------------  -------------------
/opt/airflow/dags/trigger_dag.py    398  0.00s             1           0  0.13s           2025-07-31T19:43:57
/opt/airflow/dags/jobs_dag.py                              1           0  0.11s           2025-07-31T19:44:24
================================================================================
[2025-07-31T19:44:58.544+0000] {manager.py:893} INFO - 
================================================================================
DAG File Processing Stats

File Path                           PID  Runtime      # DAGs    # Errors  Last Runtime    Last Run
--------------------------------  -----  ---------  --------  ----------  --------------  -------------------
/opt/airflow/dags/trigger_dag.py    415  0.00s             1           0  0.13s           2025-07-31T19:44:28
/opt/airflow/dags/jobs_dag.py                              1           0  0.11s           2025-07-31T19:44:54
================================================================================
[2025-07-31T19:45:28.873+0000] {manager.py:893} INFO - 
================================================================================
DAG File Processing Stats

File Path                           PID  Runtime      # DAGs    # Errors  Last Runtime    Last Run
--------------------------------  -----  ---------  --------  ----------  --------------  -------------------
/opt/airflow/dags/trigger_dag.py    439  0.00s             1           0  0.14s           2025-07-31T19:44:58
/opt/airflow/dags/jobs_dag.py                              1           0  0.11s           2025-07-31T19:45:24
================================================================================
[2025-07-31T19:45:59.207+0000] {manager.py:893} INFO - 
================================================================================
DAG File Processing Stats

File Path                           PID  Runtime      # DAGs    # Errors  Last Runtime    Last Run
--------------------------------  -----  ---------  --------  ----------  --------------  -------------------
/opt/airflow/dags/trigger_dag.py    456  0.00s             1           0  0.16s           2025-07-31T19:45:29
/opt/airflow/dags/jobs_dag.py                              1           0  0.11s           2025-07-31T19:45:55
================================================================================
[2025-07-31T19:46:29.506+0000] {manager.py:893} INFO - 
================================================================================
DAG File Processing Stats

File Path                           PID  Runtime      # DAGs    # Errors  Last Runtime    Last Run
--------------------------------  -----  ---------  --------  ----------  --------------  -------------------
/opt/airflow/dags/trigger_dag.py    473  0.00s             1           0  0.13s           2025-07-31T19:45:59
/opt/airflow/dags/jobs_dag.py                              1           0  0.14s           2025-07-31T19:46:25
================================================================================
[2025-07-31T19:46:59.859+0000] {manager.py:893} INFO - 
================================================================================
DAG File Processing Stats

File Path                           PID  Runtime      # DAGs    # Errors  Last Runtime    Last Run
--------------------------------  -----  ---------  --------  ----------  --------------  -------------------
/opt/airflow/dags/trigger_dag.py    490  0.00s             1           0  0.18s           2025-07-31T19:46:29
/opt/airflow/dags/jobs_dag.py                              1           0  0.11s           2025-07-31T19:46:55
================================================================================
[2025-07-31T19:47:30.163+0000] {manager.py:893} INFO - 
================================================================================
DAG File Processing Stats

File Path                           PID  Runtime      # DAGs    # Errors  Last Runtime    Last Run
--------------------------------  -----  ---------  --------  ----------  --------------  -------------------
/opt/airflow/dags/trigger_dag.py    507  0.00s             1           0  0.13s           2025-07-31T19:46:59
/opt/airflow/dags/jobs_dag.py                              1           0  0.10s           2025-07-31T19:47:26
================================================================================
[2025-07-31T19:48:00.462+0000] {manager.py:893} INFO - 
================================================================================
DAG File Processing Stats

File Path                           PID  Runtime      # DAGs    # Errors  Last Runtime    Last Run
--------------------------------  -----  ---------  --------  ----------  --------------  -------------------
/opt/airflow/dags/trigger_dag.py    524  0.00s             1           0  0.11s           2025-07-31T19:47:30
/opt/airflow/dags/jobs_dag.py                              1           0  0.11s           2025-07-31T19:47:56
================================================================================
[2025-07-31T19:48:30.757+0000] {manager.py:893} INFO - 
================================================================================
DAG File Processing Stats

File Path                           PID  Runtime      # DAGs    # Errors  Last Runtime    Last Run
--------------------------------  -----  ---------  --------  ----------  --------------  -------------------
/opt/airflow/dags/trigger_dag.py    541  0.00s             1           0  0.11s           2025-07-31T19:48:00
/opt/airflow/dags/jobs_dag.py                              1           0  0.13s           2025-07-31T19:48:26
================================================================================
[2025-07-31T19:48:54.007+0000] {manager.py:759} INFO - Searching for files in /opt/airflow/dags
[2025-07-31T19:48:54.018+0000] {manager.py:762} INFO - There are 2 files in /opt/airflow/dags
[2025-07-31T19:49:01.101+0000] {manager.py:893} INFO - 
================================================================================
DAG File Processing Stats

File Path                           PID  Runtime      # DAGs    # Errors  Last Runtime    Last Run
--------------------------------  -----  ---------  --------  ----------  --------------  -------------------
/opt/airflow/dags/trigger_dag.py    558  0.00s             1           0  0.11s           2025-07-31T19:48:30
/opt/airflow/dags/jobs_dag.py                              1           0  0.11s           2025-07-31T19:48:57
================================================================================
[2025-07-31T19:49:31.388+0000] {manager.py:893} INFO - 
================================================================================
DAG File Processing Stats

File Path                           PID  Runtime      # DAGs    # Errors  Last Runtime    Last Run
--------------------------------  -----  ---------  --------  ----------  --------------  -------------------
/opt/airflow/dags/trigger_dag.py    575  0.00s             1           0  0.11s           2025-07-31T19:49:01
/opt/airflow/dags/jobs_dag.py                              1           0  0.14s           2025-07-31T19:49:27
================================================================================
[2025-07-31T19:50:01.723+0000] {manager.py:893} INFO - 
================================================================================
DAG File Processing Stats

File Path                           PID  Runtime      # DAGs    # Errors  Last Runtime    Last Run
--------------------------------  -----  ---------  --------  ----------  --------------  -------------------
/opt/airflow/dags/trigger_dag.py    592  0.00s             1           0  0.14s           2025-07-31T19:49:31
/opt/airflow/dags/jobs_dag.py                              1           0  0.11s           2025-07-31T19:49:57
================================================================================
[2025-07-31T19:50:32.035+0000] {manager.py:893} INFO - 
================================================================================
DAG File Processing Stats

File Path                           PID  Runtime      # DAGs    # Errors  Last Runtime    Last Run
--------------------------------  -----  ---------  --------  ----------  --------------  -------------------
/opt/airflow/dags/trigger_dag.py    609  0.00s             1           0  0.12s           2025-07-31T19:50:01
/opt/airflow/dags/jobs_dag.py                              1           0  0.12s           2025-07-31T19:50:28
================================================================================
[2025-07-31T19:51:02.350+0000] {manager.py:893} INFO - 
================================================================================
DAG File Processing Stats

File Path                           PID  Runtime      # DAGs    # Errors  Last Runtime    Last Run
--------------------------------  -----  ---------  --------  ----------  --------------  -------------------
/opt/airflow/dags/trigger_dag.py    626  0.00s             1           0  0.11s           2025-07-31T19:50:32
/opt/airflow/dags/jobs_dag.py                              1           0  0.11s           2025-07-31T19:50:58
================================================================================
[2025-07-31T19:51:32.657+0000] {manager.py:893} INFO - 
================================================================================
DAG File Processing Stats

File Path                           PID  Runtime      # DAGs    # Errors  Last Runtime    Last Run
--------------------------------  -----  ---------  --------  ----------  --------------  -------------------
/opt/airflow/dags/trigger_dag.py    643  0.00s             1           0  0.13s           2025-07-31T19:51:02
/opt/airflow/dags/jobs_dag.py                              1           0  0.11s           2025-07-31T19:51:28
================================================================================
[2025-07-31T19:52:02.957+0000] {manager.py:893} INFO - 
================================================================================
DAG File Processing Stats

File Path                           PID  Runtime      # DAGs    # Errors  Last Runtime    Last Run
--------------------------------  -----  ---------  --------  ----------  --------------  -------------------
/opt/airflow/dags/trigger_dag.py    660  0.00s             1           0  0.11s           2025-07-31T19:51:32
/opt/airflow/dags/jobs_dag.py                              1           0  0.11s           2025-07-31T19:51:59
================================================================================
[2025-07-31T19:52:33.267+0000] {manager.py:893} INFO - 
================================================================================
DAG File Processing Stats

File Path                           PID  Runtime      # DAGs    # Errors  Last Runtime    Last Run
--------------------------------  -----  ---------  --------  ----------  --------------  -------------------
/opt/airflow/dags/trigger_dag.py    677  0.00s             1           0  0.11s           2025-07-31T19:52:03
/opt/airflow/dags/jobs_dag.py                              1           0  0.11s           2025-07-31T19:52:29
================================================================================
